<?xml version="1.0" encoding="UTF-8"?>
<coverage generated="1752276020968" clover="3.2.0">
  <project timestamp="1752276020968" name="All files">
    <metrics statements="581" coveredstatements="507" conditionals="543" coveredconditionals="439" methods="128" coveredmethods="120" elements="1252" coveredelements="1066" complexity="0" loc="581" ncloc="581" packages="12" files="66" classes="66"/>
    <package name="array-operations">
      <metrics statements="70" coveredstatements="55" conditionals="77" coveredconditionals="54" methods="16" coveredmethods="16"/>
      <file name="deduplicate.ts" path="/Users/landonjohnson/therawoutdoors-workspace/utils/src/array-operations/deduplicate.ts">
        <metrics statements="41" coveredstatements="26" conditionals="47" coveredconditionals="28" methods="7" coveredmethods="7"/>
        <line num="29" count="1" type="stmt"/>
        <line num="36" count="12" type="cond" truecount="1" falsecount="1"/>
        <line num="37" count="0" type="cond" truecount="0" falsecount="2"/>
        <line num="38" count="0" type="stmt"/>
        <line num="39" count="0" type="cond" truecount="0" falsecount="2"/>
        <line num="41" count="0" type="cond" truecount="0" falsecount="4"/>
        <line num="42" count="0" type="stmt"/>
        <line num="44" count="0" type="stmt"/>
        <line num="46" count="0" type="cond" truecount="0" falsecount="2"/>
        <line num="47" count="0" type="stmt"/>
        <line num="48" count="0" type="cond" truecount="0" falsecount="4"/>
        <line num="49" count="0" type="stmt"/>
        <line num="51" count="0" type="stmt"/>
        <line num="55" count="12" type="stmt"/>
        <line num="56" count="12" type="cond" truecount="15" falsecount="0"/>
        <line num="60" count="3" type="cond" truecount="2" falsecount="0"/>
        <line num="61" count="2" type="stmt"/>
        <line num="63" count="6" type="stmt"/>
        <line num="66" count="1" type="stmt"/>
        <line num="71" count="2" type="cond" truecount="1" falsecount="1"/>
        <line num="72" count="6" type="stmt"/>
        <line num="74" count="0" type="stmt"/>
        <line num="79" count="2" type="cond" truecount="3" falsecount="1"/>
        <line num="80" count="2" type="stmt"/>
        <line num="81" count="2" type="stmt"/>
        <line num="83" count="5" type="cond" truecount="2" falsecount="0"/>
        <line num="84" count="3" type="stmt"/>
        <line num="85" count="3" type="stmt"/>
        <line num="87" count="2" type="stmt"/>
        <line num="89" count="2" type="stmt"/>
        <line num="91" count="0" type="stmt"/>
        <line num="96" count="2" type="cond" truecount="1" falsecount="1"/>
        <line num="97" count="2" type="stmt"/>
        <line num="100" count="9" type="stmt"/>
        <line num="102" count="2" type="stmt"/>
        <line num="104" count="0" type="stmt"/>
        <line num="109" count="2" type="cond" truecount="3" falsecount="1"/>
        <line num="110" count="3" type="stmt"/>
        <line num="112" count="0" type="stmt"/>
        <line num="114" count="2" type="stmt"/>
        <line num="117" count="12" type="stmt"/>
      </file>
      <file name="filterAndSuggestItems.ts" path="/Users/landonjohnson/therawoutdoors-workspace/utils/src/array-operations/filterAndSuggestItems.ts">
        <metrics statements="19" coveredstatements="19" conditionals="24" coveredconditionals="20" methods="5" coveredmethods="5"/>
        <line num="3" count="1" type="stmt"/>
        <line num="188" count="7" type="stmt"/>
        <line num="191" count="7" type="cond" truecount="4" falsecount="0"/>
        <line num="194" count="6" type="stmt"/>
        <line num="197" count="11" type="cond" truecount="2" falsecount="0"/>
        <line num="200" count="6" type="cond" truecount="2" falsecount="0"/>
        <line num="203" count="5" type="stmt"/>
        <line num="210" count="5" type="stmt"/>
        <line num="211" count="15" type="stmt"/>
        <line num="214" count="15" type="cond" truecount="2" falsecount="0"/>
        <line num="217" count="14" type="stmt"/>
        <line num="218" count="25" type="stmt"/>
        <line num="219" count="25" type="cond" truecount="3" falsecount="1"/>
        <line num="222" count="25" type="stmt"/>
        <line num="225" count="73" type="stmt"/>
        <line num="226" count="31" type="stmt"/>
        <line num="229" count="14" type="cond" truecount="2" falsecount="0"/>
        <line num="230" count="3" type="stmt"/>
        <line num="234" count="5" type="stmt"/>
      </file>
      <file name="getRandomValFromArray.ts" path="/Users/landonjohnson/therawoutdoors-workspace/utils/src/array-operations/getRandomValFromArray.ts">
        <metrics statements="4" coveredstatements="4" conditionals="4" coveredconditionals="4" methods="1" coveredmethods="1"/>
        <line num="7" count="1" type="stmt"/>
        <line num="8" count="3" type="cond" truecount="2" falsecount="0"/>
        <line num="9" count="2" type="stmt"/>
        <line num="10" count="2" type="cond" truecount="2" falsecount="0"/>
      </file>
      <file name="getRange.ts" path="/Users/landonjohnson/therawoutdoors-workspace/utils/src/array-operations/getRange.ts">
        <metrics statements="4" coveredstatements="4" conditionals="2" coveredconditionals="2" methods="2" coveredmethods="2"/>
        <line num="7" count="1" type="stmt"/>
        <line num="8" count="3" type="cond" truecount="2" falsecount="0"/>
        <line num="9" count="1" type="stmt"/>
        <line num="11" count="5" type="stmt"/>
      </file>
      <file name="selectFromList.ts" path="/Users/landonjohnson/therawoutdoors-workspace/utils/src/array-operations/selectFromList.ts">
        <metrics statements="2" coveredstatements="2" conditionals="0" coveredconditionals="0" methods="1" coveredmethods="1"/>
        <line num="13" count="1" type="stmt"/>
        <line num="17" count="4" type="stmt"/>
      </file>
    </package>
    <package name="base64-utilities">
      <metrics statements="56" coveredstatements="36" conditionals="36" coveredconditionals="25" methods="14" coveredmethods="10"/>
      <file name="convertBlobToBase64Native.ts" path="/Users/landonjohnson/therawoutdoors-workspace/utils/src/base64-utilities/convertBlobToBase64Native.ts">
        <metrics statements="11" coveredstatements="10" conditionals="4" coveredconditionals="4" methods="4" coveredmethods="3"/>
        <line num="9" count="3" type="stmt"/>
        <line num="10" count="3" type="cond" truecount="4" falsecount="0"/>
        <line num="11" count="1" type="stmt"/>
        <line num="14" count="2" type="stmt"/>
        <line num="15" count="2" type="stmt"/>
        <line num="17" count="2" type="stmt"/>
        <line num="18" count="2" type="stmt"/>
        <line num="19" count="2" type="stmt"/>
        <line num="22" count="2" type="stmt"/>
        <line num="25" count="2" type="stmt"/>
        <line num="26" count="0" type="stmt"/>
      </file>
      <file name="convertBlobToBase64Web.ts" path="/Users/landonjohnson/therawoutdoors-workspace/utils/src/base64-utilities/convertBlobToBase64Web.ts">
        <metrics statements="11" coveredstatements="9" conditionals="6" coveredconditionals="5" methods="4" coveredmethods="3"/>
        <line num="7" count="3" type="stmt"/>
        <line num="8" count="3" type="cond" truecount="4" falsecount="0"/>
        <line num="9" count="1" type="stmt"/>
        <line num="12" count="2" type="cond" truecount="1" falsecount="1"/>
        <line num="13" count="0" type="stmt"/>
        <line num="18" count="2" type="stmt"/>
        <line num="19" count="2" type="stmt"/>
        <line num="21" count="2" type="stmt"/>
        <line num="22" count="2" type="stmt"/>
        <line num="25" count="2" type="stmt"/>
        <line num="26" count="0" type="stmt"/>
      </file>
      <file name="decodeBase64ToString.ts" path="/Users/landonjohnson/therawoutdoors-workspace/utils/src/base64-utilities/decodeBase64ToString.ts">
        <metrics statements="8" coveredstatements="2" conditionals="4" coveredconditionals="1" methods="2" coveredmethods="1"/>
        <line num="10" count="6" type="cond" truecount="1" falsecount="1"/>
        <line num="11" count="6" type="stmt"/>
        <line num="15" count="0" type="cond" truecount="0" falsecount="2"/>
        <line num="16" count="0" type="stmt"/>
        <line num="18" count="0" type="stmt"/>
        <line num="23" count="0" type="stmt"/>
        <line num="29" count="0" type="stmt"/>
        <line num="33" count="0" type="stmt"/>
      </file>
      <file name="encodeStringToBase64.ts" path="/Users/landonjohnson/therawoutdoors-workspace/utils/src/base64-utilities/encodeStringToBase64.ts">
        <metrics statements="8" coveredstatements="2" conditionals="4" coveredconditionals="1" methods="2" coveredmethods="1"/>
        <line num="10" count="6" type="cond" truecount="1" falsecount="1"/>
        <line num="11" count="6" type="stmt"/>
        <line num="15" count="0" type="cond" truecount="0" falsecount="2"/>
        <line num="16" count="0" type="stmt"/>
        <line num="18" count="0" type="stmt"/>
        <line num="20" count="0" type="stmt"/>
        <line num="25" count="0" type="stmt"/>
        <line num="29" count="0" type="stmt"/>
      </file>
      <file name="index.ts" path="/Users/landonjohnson/therawoutdoors-workspace/utils/src/base64-utilities/index.ts">
        <metrics statements="0" coveredstatements="0" conditionals="0" coveredconditionals="0" methods="0" coveredmethods="0"/>
      </file>
      <file name="isValidBase64.ts" path="/Users/landonjohnson/therawoutdoors-workspace/utils/src/base64-utilities/isValidBase64.ts">
        <metrics statements="16" coveredstatements="11" conditionals="15" coveredconditionals="11" methods="1" coveredmethods="1"/>
        <line num="9" count="12" type="cond" truecount="2" falsecount="0"/>
        <line num="10" count="4" type="stmt"/>
        <line num="14" count="8" type="cond" truecount="2" falsecount="0"/>
        <line num="15" count="1" type="stmt"/>
        <line num="19" count="7" type="stmt"/>
        <line num="21" count="7" type="cond" truecount="2" falsecount="0"/>
        <line num="22" count="2" type="stmt"/>
        <line num="26" count="5" type="stmt"/>
        <line num="27" count="5" type="cond" truecount="1" falsecount="1"/>
        <line num="28" count="0" type="stmt"/>
        <line num="32" count="5" type="cond" truecount="4" falsecount="1"/>
        <line num="33" count="5" type="stmt"/>
        <line num="37" count="0" type="stmt"/>
        <line num="38" count="0" type="cond" truecount="0" falsecount="2"/>
        <line num="39" count="0" type="stmt"/>
        <line num="42" count="0" type="stmt"/>
      </file>
      <file name="isValidBlob.ts" path="/Users/landonjohnson/therawoutdoors-workspace/utils/src/base64-utilities/isValidBlob.ts">
        <metrics statements="2" coveredstatements="2" conditionals="3" coveredconditionals="3" methods="1" coveredmethods="1"/>
        <line num="1" count="1" type="stmt"/>
        <line num="9" count="7" type="stmt"/>
      </file>
    </package>
    <package name="data-formatting">
      <metrics statements="78" coveredstatements="76" conditionals="99" coveredconditionals="91" methods="9" coveredmethods="9"/>
      <file name="abbreviateNumber.ts" path="/Users/landonjohnson/therawoutdoors-workspace/utils/src/data-formatting/abbreviateNumber.ts">
        <metrics statements="24" coveredstatements="24" conditionals="18" coveredconditionals="18" methods="1" coveredmethods="1"/>
        <line num="63" count="1" type="stmt"/>
        <line num="67" count="16" type="stmt"/>
        <line num="78" count="16" type="cond" truecount="2" falsecount="0"/>
        <line num="79" count="1" type="stmt"/>
        <line num="83" count="15" type="cond" truecount="2" falsecount="0"/>
        <line num="86" count="15" type="cond" truecount="2" falsecount="0"/>
        <line num="87" count="1" type="stmt"/>
        <line num="91" count="14" type="stmt"/>
        <line num="94" count="14" type="cond" truecount="2" falsecount="0"/>
        <line num="97" count="13" type="stmt"/>
        <line num="98" count="13" type="stmt"/>
        <line num="101" count="13" type="stmt"/>
        <line num="104" count="13" type="cond" truecount="2" falsecount="0"/>
        <line num="105" count="3" type="cond" truecount="4" falsecount="0"/>
        <line num="107" count="1" type="stmt"/>
        <line num="108" count="1" type="stmt"/>
        <line num="110" count="1" type="stmt"/>
        <line num="111" count="1" type="stmt"/>
        <line num="115" count="1" type="stmt"/>
        <line num="120" count="13" type="cond" truecount="2" falsecount="0"/>
        <line num="121" count="1" type="stmt"/>
        <line num="122" count="12" type="cond" truecount="2" falsecount="0"/>
        <line num="123" count="7" type="stmt"/>
        <line num="126" count="13" type="stmt"/>
      </file>
      <file name="composeLabelFromParts.ts" path="/Users/landonjohnson/therawoutdoors-workspace/utils/src/data-formatting/composeLabelFromParts.ts">
        <metrics statements="13" coveredstatements="13" conditionals="17" coveredconditionals="17" methods="2" coveredmethods="2"/>
        <line num="87" count="1" type="stmt"/>
        <line num="94" count="7" type="cond" truecount="4" falsecount="0"/>
        <line num="95" count="1" type="stmt"/>
        <line num="100" count="6" type="cond" truecount="2" falsecount="0"/>
        <line num="104" count="6" type="cond" truecount="2" falsecount="0"/>
        <line num="108" count="6" type="cond" truecount="2" falsecount="0"/>
        <line num="112" count="6" type="cond" truecount="2" falsecount="0"/>
        <line num="113" count="3" type="stmt"/>
        <line num="117" count="3" type="stmt"/>
        <line num="119" count="9" type="stmt"/>
        <line num="120" count="9" type="stmt"/>
        <line num="121" count="9" type="cond" truecount="2" falsecount="0"/>
        <line num="125" count="3" type="stmt"/>
      </file>
      <file name="formatRangeOrPercent.ts" path="/Users/landonjohnson/therawoutdoors-workspace/utils/src/data-formatting/formatRangeOrPercent.ts">
        <metrics statements="14" coveredstatements="14" conditionals="35" coveredconditionals="31" methods="2" coveredmethods="2"/>
        <line num="74" count="1" type="stmt"/>
        <line num="85" count="8" type="stmt"/>
        <line num="87" count="8" type="stmt"/>
        <line num="92" count="8" type="stmt"/>
        <line num="100" count="8" type="stmt"/>
        <line num="108" count="8" type="cond" truecount="2" falsecount="0"/>
        <line num="114" count="8" type="stmt"/>
        <line num="116" count="8" type="cond" truecount="2" falsecount="0"/>
        <line num="117" count="2" type="cond" truecount="1" falsecount="1"/>
        <line num="122" count="6" type="cond" truecount="2" falsecount="0"/>
        <line num="123" count="3" type="stmt"/>
        <line num="126" count="3" type="cond" truecount="1" falsecount="1"/>
        <line num="127" count="3" type="stmt"/>
        <line num="130" count="8" type="stmt"/>
      </file>
      <file name="getMessageByField.ts" path="/Users/landonjohnson/therawoutdoors-workspace/utils/src/data-formatting/getMessageByField.ts">
        <metrics statements="20" coveredstatements="18" conditionals="18" coveredconditionals="14" methods="2" coveredmethods="2"/>
        <line num="17" count="1" type="stmt"/>
        <line num="21" count="4" type="stmt"/>
        <line num="22" count="5" type="cond" truecount="4" falsecount="0"/>
        <line num="23" count="2" type="stmt"/>
        <line num="24" count="2" type="cond" truecount="1" falsecount="1"/>
        <line num="25" count="2" type="stmt"/>
        <line num="27" count="3" type="cond" truecount="1" falsecount="1"/>
        <line num="28" count="3" type="stmt"/>
        <line num="29" count="3" type="cond" truecount="1" falsecount="1"/>
        <line num="30" count="0" type="stmt"/>
        <line num="33" count="3" type="stmt"/>
        <line num="36" count="4" type="cond" truecount="2" falsecount="0"/>
        <line num="37" count="2" type="cond" truecount="2" falsecount="0"/>
        <line num="38" count="2" type="cond" truecount="1" falsecount="1"/>
        <line num="39" count="2" type="stmt"/>
        <line num="40" count="3" type="stmt"/>
        <line num="41" count="3" type="cond" truecount="2" falsecount="0"/>
        <line num="42" count="1" type="stmt"/>
        <line num="45" count="1" type="stmt"/>
        <line num="47" count="0" type="stmt"/>
      </file>
      <file name="getMessageFromObject.ts" path="/Users/landonjohnson/therawoutdoors-workspace/utils/src/data-formatting/getMessageFromObject.ts">
        <metrics statements="7" coveredstatements="7" conditionals="11" coveredconditionals="11" methods="2" coveredmethods="2"/>
        <line num="13" count="2" type="stmt"/>
        <line num="18" count="8" type="cond" truecount="4" falsecount="0"/>
        <line num="19" count="3" type="stmt"/>
        <line num="21" count="3" type="cond" truecount="4" falsecount="0"/>
        <line num="22" count="2" type="stmt"/>
        <line num="23" count="3" type="cond" truecount="2" falsecount="0"/>
        <line num="28" count="6" type="stmt"/>
      </file>
    </package>
    <package name="data-validation">
      <metrics statements="72" coveredstatements="66" conditionals="54" coveredconditionals="46" methods="14" coveredmethods="14"/>
      <file name="generateAllowedOrigins.ts" path="/Users/landonjohnson/therawoutdoors-workspace/utils/src/data-validation/generateAllowedOrigins.ts">
        <metrics statements="26" coveredstatements="25" conditionals="22" coveredconditionals="20" methods="5" coveredmethods="5"/>
        <line num="19" count="1" type="stmt"/>
        <line num="20" count="1012" type="stmt"/>
        <line num="29" count="1" type="stmt"/>
        <line num="31" count="1011" type="cond" truecount="4" falsecount="0"/>
        <line num="32" count="1" type="stmt"/>
        <line num="36" count="1010" type="cond" truecount="2" falsecount="0"/>
        <line num="37" count="2" type="stmt"/>
        <line num="42" count="1008" type="stmt"/>
        <line num="43" count="1008" type="stmt"/>
        <line num="54" count="1" type="stmt"/>
        <line num="62" count="10" type="stmt"/>
        <line num="64" count="10" type="stmt"/>
        <line num="65" count="1012" type="stmt"/>
        <line num="67" count="1012" type="cond" truecount="4" falsecount="0"/>
        <line num="68" count="2" type="stmt"/>
        <line num="69" count="2" type="stmt"/>
        <line num="72" count="1010" type="stmt"/>
        <line num="73" count="2019" type="cond" truecount="1" falsecount="1"/>
        <line num="78" count="0" type="stmt"/>
        <line num="81" count="2019" type="stmt"/>
        <line num="84" count="2019" type="cond" truecount="4" falsecount="0"/>
        <line num="85" count="2014" type="stmt"/>
        <line num="90" count="1010" type="stmt"/>
        <line num="93" count="1010" type="cond" truecount="4" falsecount="0"/>
        <line num="94" count="1007" type="stmt"/>
        <line num="98" count="10" type="stmt"/>
      </file>
      <file name="generateStripeCard.ts" path="/Users/landonjohnson/therawoutdoors-workspace/utils/src/data-validation/generateStripeCard.ts">
        <metrics statements="9" coveredstatements="9" conditionals="2" coveredconditionals="2" methods="1" coveredmethods="1"/>
        <line num="8" count="1" type="stmt"/>
        <line num="22" count="3" type="stmt"/>
        <line num="26" count="3" type="stmt"/>
        <line num="29" count="3" type="cond" truecount="2" falsecount="0"/>
        <line num="30" count="3" type="stmt"/>
        <line num="35" count="3" type="stmt"/>
        <line num="36" count="3" type="stmt"/>
        <line num="37" count="3" type="stmt"/>
        <line num="39" count="3" type="stmt"/>
      </file>
      <file name="hasItemByLetterAndFilter.ts" path="/Users/landonjohnson/therawoutdoors-workspace/utils/src/data-validation/hasItemByLetterAndFilter.ts">
        <metrics statements="22" coveredstatements="19" conditionals="16" coveredconditionals="12" methods="6" coveredmethods="6"/>
        <line num="13" count="1" type="stmt"/>
        <line num="20" count="4" type="stmt"/>
        <line num="21" count="8" type="cond" truecount="1" falsecount="1"/>
        <line num="22" count="0" type="stmt"/>
        <line num="24" count="8" type="cond" truecount="1" falsecount="1"/>
        <line num="26" count="8" type="cond" truecount="1" falsecount="1"/>
        <line num="27" count="0" type="stmt"/>
        <line num="30" count="8" type="cond" truecount="1" falsecount="0"/>
        <line num="31" count="8" type="cond" truecount="1" falsecount="1"/>
        <line num="32" count="0" type="stmt"/>
        <line num="34" count="8" type="stmt"/>
        <line num="36" count="16" type="stmt"/>
        <line num="39" count="8" type="stmt"/>
        <line num="40" count="8" type="cond" truecount="2" falsecount="0"/>
        <line num="41" count="4" type="stmt"/>
        <line num="44" count="4" type="stmt"/>
        <line num="46" count="4" type="stmt"/>
        <line num="47" count="5" type="stmt"/>
        <line num="51" count="8" type="stmt"/>
        <line num="52" count="8" type="stmt"/>
        <line num="54" count="8" type="cond" truecount="4" falsecount="0"/>
        <line num="56" count="8" type="stmt"/>
      </file>
      <file name="jsonContainsNewLine.ts" path="/Users/landonjohnson/therawoutdoors-workspace/utils/src/data-validation/jsonContainsNewLine.ts">
        <metrics statements="15" coveredstatements="13" conditionals="14" coveredconditionals="12" methods="2" coveredmethods="2"/>
        <line num="3" count="2" type="stmt"/>
        <line num="7" count="7" type="stmt"/>
        <line num="8" count="7" type="cond" truecount="2" falsecount="0"/>
        <line num="9" count="1" type="stmt"/>
        <line num="12" count="6" type="stmt"/>
        <line num="13" count="8" type="stmt"/>
        <line num="14" count="16" type="cond" truecount="4" falsecount="0"/>
        <line num="15" count="2" type="stmt"/>
        <line num="16" count="14" type="cond" truecount="4" falsecount="0"/>
        <line num="17" count="2" type="cond" truecount="1" falsecount="1"/>
        <line num="18" count="0" type="stmt"/>
        <line num="22" count="6" type="stmt"/>
        <line num="25" count="6" type="cond" truecount="1" falsecount="1"/>
        <line num="26" count="6" type="stmt"/>
        <line num="30" count="0" type="stmt"/>
      </file>
    </package>
    <package name="development-tools">
      <metrics statements="53" coveredstatements="52" conditionals="40" coveredconditionals="35" methods="14" coveredmethods="13"/>
      <file name="loggerUtils.ts" path="/Users/landonjohnson/therawoutdoors-workspace/utils/src/development-tools/loggerUtils.ts">
        <metrics statements="30" coveredstatements="29" conditionals="18" coveredconditionals="15" methods="8" coveredmethods="8"/>
        <line num="7" count="1" type="stmt"/>
        <line num="26" count="1" type="stmt"/>
        <line num="31" count="14" type="cond" truecount="1" falsecount="1"/>
        <line num="33" count="14" type="cond" truecount="1" falsecount="1"/>
        <line num="34" count="0" type="stmt"/>
        <line num="36" count="14" type="stmt"/>
        <line num="46" count="1" type="stmt"/>
        <line num="50" count="4" type="stmt"/>
        <line num="59" count="1" type="stmt"/>
        <line num="60" count="2" type="cond" truecount="2" falsecount="0"/>
        <line num="61" count="2" type="stmt"/>
        <line num="70" count="1" type="stmt"/>
        <line num="75" count="2" type="cond" truecount="2" falsecount="0"/>
        <line num="76" count="2" type="stmt"/>
        <line num="87" count="1" type="stmt"/>
        <line num="94" count="3" type="cond" truecount="2" falsecount="0"/>
        <line num="97" count="3" type="cond" truecount="1" falsecount="1"/>
        <line num="98" count="3" type="stmt"/>
        <line num="104" count="1" type="stmt"/>
        <line num="105" count="9" type="stmt"/>
        <line num="114" count="1" type="stmt"/>
        <line num="115" count="2" type="stmt"/>
        <line num="116" count="2" type="cond" truecount="2" falsecount="0"/>
        <line num="117" count="2" type="stmt"/>
        <line num="118" count="2" type="stmt"/>
        <line num="127" count="1" type="stmt"/>
        <line num="128" count="2" type="stmt"/>
        <line num="129" count="2" type="cond" truecount="2" falsecount="0"/>
        <line num="130" count="2" type="stmt"/>
        <line num="131" count="2" type="stmt"/>
      </file>
      <file name="waitFor.ts" path="/Users/landonjohnson/therawoutdoors-workspace/utils/src/development-tools/waitFor.ts">
        <metrics statements="17" coveredstatements="17" conditionals="22" coveredconditionals="20" methods="4" coveredmethods="3"/>
        <line num="14" count="1" type="stmt"/>
        <line num="19" count="4" type="cond" truecount="4" falsecount="0"/>
        <line num="20" count="1" type="stmt"/>
        <line num="23" count="4" type="cond" truecount="4" falsecount="0"/>
        <line num="24" count="2" type="stmt"/>
        <line num="27" count="4" type="stmt"/>
        <line num="28" count="4" type="cond" truecount="2" falsecount="0"/>
        <line num="30" count="4" type="cond" truecount="4" falsecount="0"/>
        <line num="32" count="4" type="stmt"/>
        <line num="33" count="4" type="stmt"/>
        <line num="34" count="4" type="cond" truecount="4" falsecount="0"/>
        <line num="35" count="1" type="stmt"/>
        <line num="36" count="1" type="stmt"/>
        <line num="38" count="1" type="cond" truecount="1" falsecount="1"/>
        <line num="39" count="1" type="cond" truecount="1" falsecount="1"/>
        <line num="40" count="1" type="stmt"/>
        <line num="42" count="4" type="stmt"/>
      </file>
      <file name="wrapFunctionWithOptionalArgs.ts" path="/Users/landonjohnson/therawoutdoors-workspace/utils/src/development-tools/wrapFunctionWithOptionalArgs.ts">
        <metrics statements="6" coveredstatements="6" conditionals="0" coveredconditionals="0" methods="2" coveredmethods="2"/>
        <line num="15" count="1" type="stmt"/>
        <line num="18" count="3" type="stmt"/>
        <line num="19" count="3" type="stmt"/>
        <line num="20" count="3" type="stmt"/>
        <line num="21" count="3" type="stmt"/>
        <line num="22" count="3" type="stmt"/>
      </file>
    </package>
    <package name="file-operations">
      <metrics statements="5" coveredstatements="5" conditionals="2" coveredconditionals="1" methods="2" coveredmethods="2"/>
      <file name="ensureValidStyle.ts" path="/Users/landonjohnson/therawoutdoors-workspace/utils/src/file-operations/ensureValidStyle.ts">
        <metrics statements="4" coveredstatements="4" conditionals="2" coveredconditionals="1" methods="2" coveredmethods="2"/>
        <line num="1" count="1" type="stmt"/>
        <line num="3" count="3" type="stmt"/>
        <line num="8" count="1" type="cond" truecount="1" falsecount="1"/>
        <line num="13" count="3" type="stmt"/>
      </file>
      <file name="safeCssProperties.ts" path="/Users/landonjohnson/therawoutdoors-workspace/utils/src/file-operations/safeCssProperties.ts">
        <metrics statements="1" coveredstatements="1" conditionals="0" coveredconditionals="0" methods="0" coveredmethods="0"/>
        <line num="1" count="1" type="stmt"/>
      </file>
    </package>
    <package name="mathematical-calculations">
      <metrics statements="31" coveredstatements="22" conditionals="29" coveredconditionals="21" methods="5" coveredmethods="5"/>
      <file name="calculatePercentage.ts" path="/Users/landonjohnson/therawoutdoors-workspace/utils/src/mathematical-calculations/calculatePercentage.ts">
        <metrics statements="4" coveredstatements="4" conditionals="8" coveredconditionals="8" methods="1" coveredmethods="1"/>
        <line num="15" count="6" type="cond" truecount="5" falsecount="0"/>
        <line num="16" count="2" type="stmt"/>
        <line num="19" count="4" type="stmt"/>
        <line num="20" count="4" type="cond" truecount="2" falsecount="0"/>
      </file>
      <file name="getAspectRatio.ts" path="/Users/landonjohnson/therawoutdoors-workspace/utils/src/mathematical-calculations/getAspectRatio.ts">
        <metrics statements="21" coveredstatements="12" conditionals="13" coveredconditionals="5" methods="1" coveredmethods="1"/>
        <line num="22" count="1" type="stmt"/>
        <line num="25" count="2" type="cond" truecount="0" falsecount="1"/>
        <line num="26" count="2" type="cond" truecount="1" falsecount="1"/>
        <line num="29" count="2" type="cond" truecount="1" falsecount="1"/>
        <line num="34" count="2" type="cond" truecount="1" falsecount="5"/>
        <line num="36" count="0" type="stmt"/>
        <line num="37" count="0" type="stmt"/>
        <line num="39" count="2" type="stmt"/>
        <line num="40" count="2" type="stmt"/>
        <line num="42" count="0" type="stmt"/>
        <line num="43" count="0" type="stmt"/>
        <line num="45" count="0" type="stmt"/>
        <line num="46" count="0" type="stmt"/>
        <line num="48" count="0" type="stmt"/>
        <line num="49" count="0" type="stmt"/>
        <line num="52" count="0" type="stmt"/>
        <line num="55" count="2" type="stmt"/>
        <line num="58" count="2" type="cond" truecount="2" falsecount="0"/>
        <line num="59" count="1" type="stmt"/>
        <line num="61" count="1" type="stmt"/>
        <line num="64" count="2" type="stmt"/>
      </file>
      <file name="getAverage.ts" path="/Users/landonjohnson/therawoutdoors-workspace/utils/src/mathematical-calculations/getAverage.ts">
        <metrics statements="6" coveredstatements="6" conditionals="8" coveredconditionals="8" methods="3" coveredmethods="3"/>
        <line num="10" count="7" type="cond" truecount="4" falsecount="0"/>
        <line num="11" count="3" type="stmt"/>
        <line num="14" count="12" type="cond" truecount="4" falsecount="0"/>
        <line num="15" count="2" type="stmt"/>
        <line num="18" count="7" type="stmt"/>
        <line num="19" count="2" type="stmt"/>
      </file>
    </package>
    <package name="object-manipulation">
      <metrics statements="52" coveredstatements="52" conditionals="42" coveredconditionals="41" methods="11" coveredmethods="11"/>
      <file name="bind.ts" path="/Users/landonjohnson/therawoutdoors-workspace/utils/src/object-manipulation/bind.ts">
        <metrics statements="2" coveredstatements="2" conditionals="0" coveredconditionals="0" methods="2" coveredmethods="2"/>
        <line num="14" count="2" type="stmt"/>
        <line num="15" count="2" type="stmt"/>
      </file>
      <file name="extractKeysAndValues.ts" path="/Users/landonjohnson/therawoutdoors-workspace/utils/src/object-manipulation/extractKeysAndValues.ts">
        <metrics statements="3" coveredstatements="3" conditionals="0" coveredconditionals="0" methods="1" coveredmethods="1"/>
        <line num="23" count="5" type="stmt"/>
        <line num="24" count="5" type="stmt"/>
        <line num="26" count="5" type="stmt"/>
      </file>
      <file name="getValueFromObject.ts" path="/Users/landonjohnson/therawoutdoors-workspace/utils/src/object-manipulation/getValueFromObject.ts">
        <metrics statements="1" coveredstatements="1" conditionals="2" coveredconditionals="2" methods="1" coveredmethods="1"/>
        <line num="12" count="9" type="cond" truecount="2" falsecount="0"/>
      </file>
      <file name="mergeObjects.ts" path="/Users/landonjohnson/therawoutdoors-workspace/utils/src/object-manipulation/mergeObjects.ts">
        <metrics statements="13" coveredstatements="13" conditionals="13" coveredconditionals="13" methods="2" coveredmethods="2"/>
        <line num="10" count="1" type="stmt"/>
        <line num="14" count="5" type="stmt"/>
        <line num="16" count="5" type="stmt"/>
        <line num="17" count="10" type="stmt"/>
        <line num="18" count="10" type="stmt"/>
        <line num="20" count="10" type="cond" truecount="4" falsecount="0"/>
        <line num="21" count="1" type="stmt"/>
        <line num="22" count="9" type="cond" truecount="2" falsecount="0"/>
        <line num="27" count="2" type="cond" truecount="4" falsecount="0"/>
        <line num="28" count="1" type="stmt"/>
        <line num="30" count="1" type="stmt"/>
        <line num="33" count="7" type="stmt"/>
        <line num="37" count="5" type="stmt"/>
      </file>
      <file name="toFlatObject.ts" path="/Users/landonjohnson/therawoutdoors-workspace/utils/src/object-manipulation/toFlatObject.ts">
        <metrics statements="20" coveredstatements="20" conditionals="19" coveredconditionals="19" methods="1" coveredmethods="1"/>
        <line num="1" count="1" type="stmt"/>
        <line num="11" count="11" type="cond" truecount="2" falsecount="0"/>
        <line num="12" count="1" type="stmt"/>
        <line num="15" count="10" type="stmt"/>
        <line num="16" count="10" type="stmt"/>
        <line num="18" count="10" type="stmt"/>
        <line num="19" count="14" type="cond" truecount="4" falsecount="0"/>
        <line num="20" count="1" type="stmt"/>
        <line num="23" count="13" type="stmt"/>
        <line num="24" count="13" type="stmt"/>
        <line num="26" count="27" type="cond" truecount="2" falsecount="0"/>
        <line num="27" count="5" type="stmt"/>
        <line num="30" count="22" type="cond" truecount="2" falsecount="0"/>
        <line num="35" count="4" type="stmt"/>
        <line num="38" count="18" type="stmt"/>
        <line num="39" count="18" type="cond" truecount="2" falsecount="0"/>
        <line num="40" count="17" type="stmt"/>
        <line num="41" count="17" type="stmt"/>
        <line num="45" count="13" type="stmt"/>
        <line num="48" count="10" type="stmt"/>
      </file>
      <file name="toObjectSet.ts" path="/Users/landonjohnson/therawoutdoors-workspace/utils/src/object-manipulation/toObjectSet.ts">
        <metrics statements="13" coveredstatements="13" conditionals="8" coveredconditionals="7" methods="4" coveredmethods="4"/>
        <line num="1" count="1" type="stmt"/>
        <line num="5" count="4" type="stmt"/>
        <line num="7" count="4" type="stmt"/>
        <line num="8" count="4" type="stmt"/>
        <line num="9" count="7" type="stmt"/>
        <line num="13" count="4" type="cond" truecount="2" falsecount="0"/>
        <line num="14" count="2" type="stmt"/>
        <line num="15" count="2" type="cond" truecount="3" falsecount="1"/>
        <line num="16" count="2" type="stmt"/>
        <line num="19" count="4" type="stmt"/>
        <line num="20" count="7" type="cond" truecount="2" falsecount="0"/>
        <line num="21" count="1" type="stmt"/>
        <line num="25" count="4" type="stmt"/>
      </file>
    </package>
    <package name="query-string-utilities">
      <metrics statements="27" coveredstatements="26" conditionals="23" coveredconditionals="22" methods="6" coveredmethods="6"/>
      <file name="parseQueryString.ts" path="/Users/landonjohnson/therawoutdoors-workspace/utils/src/query-string-utilities/parseQueryString.ts">
        <metrics statements="13" coveredstatements="12" conditionals="8" coveredconditionals="7" methods="2" coveredmethods="2"/>
        <line num="15" count="1" type="stmt"/>
        <line num="19" count="8" type="cond" truecount="2" falsecount="0"/>
        <line num="20" count="7" type="stmt"/>
        <line num="23" count="8" type="stmt"/>
        <line num="26" count="15" type="stmt"/>
        <line num="28" count="15" type="cond" truecount="2" falsecount="0"/>
        <line num="30" count="13" type="cond" truecount="2" falsecount="0"/>
        <line num="31" count="2" type="stmt"/>
        <line num="32" count="2" type="cond" truecount="1" falsecount="1"/>
        <line num="33" count="0" type="stmt"/>
        <line num="35" count="2" type="stmt"/>
        <line num="38" count="11" type="stmt"/>
        <line num="41" count="13" type="stmt"/>
      </file>
      <file name="toQueryString.ts" path="/Users/landonjohnson/therawoutdoors-workspace/utils/src/query-string-utilities/toQueryString.ts">
        <metrics statements="14" coveredstatements="14" conditionals="15" coveredconditionals="15" methods="4" coveredmethods="4"/>
        <line num="56" count="1" type="stmt"/>
        <line num="68" count="10" type="cond" truecount="4" falsecount="0"/>
        <line num="70" count="8" type="stmt"/>
        <line num="73" count="9" type="stmt"/>
        <line num="74" count="26" type="stmt"/>
        <line num="75" count="26" type="cond" truecount="2" falsecount="0"/>
        <line num="80" count="1" type="stmt"/>
        <line num="81" count="25" type="cond" truecount="4" falsecount="0"/>
        <line num="82" count="21" type="stmt"/>
        <line num="84" count="26" type="stmt"/>
        <line num="88" count="8" type="stmt"/>
        <line num="90" count="8" type="stmt"/>
        <line num="93" count="21" type="stmt"/>
        <line num="97" count="8" type="cond" truecount="2" falsecount="0"/>
      </file>
    </package>
    <package name="string-manipulation">
      <metrics statements="53" coveredstatements="40" conditionals="51" coveredconditionals="30" methods="13" coveredmethods="11"/>
      <file name="dashToCamelCase.ts" path="/Users/landonjohnson/therawoutdoors-workspace/utils/src/string-manipulation/dashToCamelCase.ts">
        <metrics statements="2" coveredstatements="2" conditionals="0" coveredconditionals="0" methods="2" coveredmethods="2"/>
        <line num="8" count="5" type="stmt"/>
        <line num="13" count="7" type="stmt"/>
      </file>
      <file name="endsWith.ts" path="/Users/landonjohnson/therawoutdoors-workspace/utils/src/string-manipulation/endsWith.ts">
        <metrics statements="6" coveredstatements="6" conditionals="6" coveredconditionals="6" methods="1" coveredmethods="1"/>
        <line num="3" count="1" type="stmt"/>
        <line num="8" count="4" type="cond" truecount="4" falsecount="0"/>
        <line num="9" count="3" type="stmt"/>
        <line num="11" count="4" type="stmt"/>
        <line num="12" count="4" type="stmt"/>
        <line num="13" count="4" type="cond" truecount="2" falsecount="0"/>
      </file>
      <file name="pluralize.ts" path="/Users/landonjohnson/therawoutdoors-workspace/utils/src/string-manipulation/pluralize.ts">
        <metrics statements="2" coveredstatements="2" conditionals="2" coveredconditionals="2" methods="1" coveredmethods="1"/>
        <line num="1" count="1" type="stmt"/>
        <line num="2" count="2" type="cond" truecount="2" falsecount="0"/>
      </file>
      <file name="removeNewLinesFromJson.ts" path="/Users/landonjohnson/therawoutdoors-workspace/utils/src/string-manipulation/removeNewLinesFromJson.ts">
        <metrics statements="19" coveredstatements="6" conditionals="21" coveredconditionals="5" methods="3" coveredmethods="1"/>
        <line num="12" count="1" type="stmt"/>
        <line num="15" count="2" type="stmt"/>
        <line num="17" count="2" type="cond" truecount="4" falsecount="1"/>
        <line num="18" count="0" type="stmt"/>
        <line num="21" count="2" type="stmt"/>
        <line num="24" count="0" type="cond" truecount="0" falsecount="2"/>
        <line num="28" count="0" type="stmt"/>
        <line num="29" count="0" type="stmt"/>
        <line num="31" count="0" type="cond" truecount="0" falsecount="2"/>
        <line num="32" count="0" type="cond" truecount="0" falsecount="2"/>
        <line num="33" count="0" type="stmt"/>
        <line num="35" count="0" type="cond" truecount="0" falsecount="4"/>
        <line num="36" count="0" type="cond" truecount="0" falsecount="2"/>
        <line num="37" count="0" type="stmt"/>
        <line num="40" count="0" type="cond" truecount="0" falsecount="2"/>
        <line num="41" count="0" type="stmt"/>
        <line num="46" count="0" type="stmt"/>
        <line num="49" count="2" type="cond" truecount="1" falsecount="1"/>
        <line num="52" count="2" type="stmt"/>
      </file>
      <file name="removeNewLinesFromString.ts" path="/Users/landonjohnson/therawoutdoors-workspace/utils/src/string-manipulation/removeNewLinesFromString.ts">
        <metrics statements="2" coveredstatements="2" conditionals="0" coveredconditionals="0" methods="1" coveredmethods="1"/>
        <line num="7" count="2" type="stmt"/>
        <line num="8" count="4" type="stmt"/>
      </file>
      <file name="removeSpacesFromJson.ts" path="/Users/landonjohnson/therawoutdoors-workspace/utils/src/string-manipulation/removeSpacesFromJson.ts">
        <metrics statements="18" coveredstatements="18" conditionals="19" coveredconditionals="15" methods="3" coveredmethods="3"/>
        <line num="13" count="1" type="stmt"/>
        <line num="16" count="3" type="stmt"/>
        <line num="17" count="3" type="cond" truecount="2" falsecount="0"/>
        <line num="22" count="1" type="stmt"/>
        <line num="25" count="2" type="stmt"/>
        <line num="28" count="4" type="cond" truecount="1" falsecount="1"/>
        <line num="31" count="4" type="stmt"/>
        <line num="32" count="10" type="stmt"/>
        <line num="33" count="10" type="cond" truecount="2" falsecount="0"/>
        <line num="34" count="6" type="cond" truecount="1" falsecount="1"/>
        <line num="35" count="6" type="stmt"/>
        <line num="37" count="4" type="cond" truecount="4" falsecount="0"/>
        <line num="38" count="2" type="cond" truecount="1" falsecount="1"/>
        <line num="39" count="2" type="stmt"/>
        <line num="42" count="2" type="cond" truecount="1" falsecount="1"/>
        <line num="43" count="2" type="stmt"/>
        <line num="47" count="4" type="stmt"/>
        <line num="50" count="2" type="stmt"/>
      </file>
      <file name="removeSpacesFromString.ts" path="/Users/landonjohnson/therawoutdoors-workspace/utils/src/string-manipulation/removeSpacesFromString.ts">
        <metrics statements="2" coveredstatements="2" conditionals="0" coveredconditionals="0" methods="1" coveredmethods="1"/>
        <line num="6" count="1" type="stmt"/>
        <line num="7" count="6" type="stmt"/>
      </file>
      <file name="removeSymbolAt.ts" path="/Users/landonjohnson/therawoutdoors-workspace/utils/src/string-manipulation/removeSymbolAt.ts">
        <metrics statements="2" coveredstatements="2" conditionals="3" coveredconditionals="2" methods="1" coveredmethods="1"/>
        <line num="1" count="1" type="stmt"/>
        <line num="6" count="13" type="cond" truecount="2" falsecount="0"/>
      </file>
    </package>
    <package name="time-utilities">
      <metrics statements="11" coveredstatements="8" conditionals="12" coveredconditionals="9" methods="1" coveredmethods="1"/>
      <file name="convertVideoTimeStampToSeconds.ts" path="/Users/landonjohnson/therawoutdoors-workspace/utils/src/time-utilities/convertVideoTimeStampToSeconds.ts">
        <metrics statements="11" coveredstatements="8" conditionals="12" coveredconditionals="9" methods="1" coveredmethods="1"/>
        <line num="8" count="15" type="stmt"/>
        <line num="10" count="15" type="cond" truecount="1" falsecount="1"/>
        <line num="11" count="0" type="stmt"/>
        <line num="14" count="15" type="stmt"/>
        <line num="15" count="15" type="stmt"/>
        <line num="16" count="15" type="stmt"/>
        <line num="18" count="15" type="cond" truecount="4" falsecount="1"/>
        <line num="19" count="0" type="stmt"/>
        <line num="22" count="15" type="cond" truecount="4" falsecount="1"/>
        <line num="23" count="0" type="stmt"/>
        <line num="26" count="15" type="stmt"/>
      </file>
    </package>
    <package name="type-checking">
      <metrics statements="73" coveredstatements="69" conditionals="78" coveredconditionals="64" methods="23" coveredmethods="22"/>
      <file name="isBoolean.ts" path="/Users/landonjohnson/therawoutdoors-workspace/utils/src/type-checking/isBoolean.ts">
        <metrics statements="1" coveredstatements="1" conditionals="2" coveredconditionals="2" methods="1" coveredmethods="1"/>
        <line num="1" count="2" type="cond" truecount="2" falsecount="0"/>
      </file>
      <file name="isBuffer.ts" path="/Users/landonjohnson/therawoutdoors-workspace/utils/src/type-checking/isBuffer.ts">
        <metrics statements="6" coveredstatements="2" conditionals="13" coveredconditionals="6" methods="2" coveredmethods="1"/>
        <line num="9" count="2" type="stmt"/>
        <line num="20" count="0" type="cond" truecount="0" falsecount="4"/>
        <line num="21" count="0" type="stmt"/>
        <line num="23" count="0" type="cond" truecount="0" falsecount="3"/>
        <line num="25" count="0" type="stmt"/>
        <line num="27" count="1" type="stmt"/>
      </file>
      <file name="isDate.ts" path="/Users/landonjohnson/therawoutdoors-workspace/utils/src/type-checking/isDate.ts">
        <metrics statements="1" coveredstatements="1" conditionals="0" coveredconditionals="0" methods="0" coveredmethods="0"/>
        <line num="3" count="1" type="stmt"/>
      </file>
      <file name="isDeepEqual.ts" path="/Users/landonjohnson/therawoutdoors-workspace/utils/src/type-checking/isDeepEqual.ts">
        <metrics statements="12" coveredstatements="12" conditionals="14" coveredconditionals="14" methods="1" coveredmethods="1"/>
        <line num="13" count="18" type="cond" truecount="2" falsecount="0"/>
        <line num="14" count="8" type="stmt"/>
        <line num="17" count="10" type="cond" truecount="2" falsecount="0"/>
        <line num="23" count="2" type="stmt"/>
        <line num="26" count="8" type="stmt"/>
        <line num="27" count="8" type="stmt"/>
        <line num="29" count="8" type="cond" truecount="2" falsecount="0"/>
        <line num="30" count="1" type="stmt"/>
        <line num="33" count="7" type="stmt"/>
        <line num="34" count="14" type="cond" truecount="4" falsecount="0"/>
        <line num="35" count="5" type="stmt"/>
        <line num="39" count="2" type="stmt"/>
      </file>
      <file name="isEmpty.ts" path="/Users/landonjohnson/therawoutdoors-workspace/utils/src/type-checking/isEmpty.ts">
        <metrics statements="2" coveredstatements="2" conditionals="6" coveredconditionals="6" methods="1" coveredmethods="1"/>
        <line num="1" count="3" type="stmt"/>
        <line num="2" count="22" type="cond" truecount="6" falsecount="0"/>
      </file>
      <file name="isFile.ts" path="/Users/landonjohnson/therawoutdoors-workspace/utils/src/type-checking/isFile.ts">
        <metrics statements="1" coveredstatements="1" conditionals="0" coveredconditionals="0" methods="0" coveredmethods="0"/>
        <line num="3" count="1" type="stmt"/>
      </file>
      <file name="isFormData.ts" path="/Users/landonjohnson/therawoutdoors-workspace/utils/src/type-checking/isFormData.ts">
        <metrics statements="2" coveredstatements="2" conditionals="10" coveredconditionals="4" methods="1" coveredmethods="1"/>
        <line num="10" count="1" type="stmt"/>
        <line num="14" count="2" type="stmt"/>
      </file>
      <file name="isFunction.ts" path="/Users/landonjohnson/therawoutdoors-workspace/utils/src/type-checking/isFunction.ts">
        <metrics statements="1" coveredstatements="1" conditionals="0" coveredconditionals="0" methods="1" coveredmethods="1"/>
        <line num="5" count="2" type="stmt"/>
      </file>
      <file name="isJson.ts" path="/Users/landonjohnson/therawoutdoors-workspace/utils/src/type-checking/isJson.ts">
        <metrics statements="5" coveredstatements="5" conditionals="2" coveredconditionals="2" methods="1" coveredmethods="1"/>
        <line num="6" count="4" type="stmt"/>
        <line num="9" count="14" type="stmt"/>
        <line num="10" count="14" type="cond" truecount="2" falsecount="0"/>
        <line num="11" count="14" type="stmt"/>
        <line num="13" count="3" type="stmt"/>
      </file>
      <file name="isNumber.ts" path="/Users/landonjohnson/therawoutdoors-workspace/utils/src/type-checking/isNumber.ts">
        <metrics statements="1" coveredstatements="1" conditionals="0" coveredconditionals="0" methods="0" coveredmethods="0"/>
        <line num="23" count="3" type="stmt"/>
      </file>
      <file name="isNumeric.ts" path="/Users/landonjohnson/therawoutdoors-workspace/utils/src/type-checking/isNumeric.ts">
        <metrics statements="8" coveredstatements="8" conditionals="12" coveredconditionals="12" methods="1" coveredmethods="1"/>
        <line num="36" count="1" type="stmt"/>
        <line num="37" count="14" type="cond" truecount="2" falsecount="0"/>
        <line num="39" count="5" type="cond" truecount="4" falsecount="0"/>
        <line num="40" count="2" type="stmt"/>
        <line num="43" count="3" type="cond" truecount="2" falsecount="0"/>
        <line num="44" count="9" type="cond" truecount="2" falsecount="0"/>
        <line num="46" count="4" type="cond" truecount="2" falsecount="0"/>
        <line num="48" count="5" type="stmt"/>
      </file>
      <file name="isObject.ts" path="/Users/landonjohnson/therawoutdoors-workspace/utils/src/type-checking/isObject.ts">
        <metrics statements="4" coveredstatements="4" conditionals="3" coveredconditionals="3" methods="1" coveredmethods="1"/>
        <line num="9" count="3" type="stmt"/>
        <line num="10" count="13" type="stmt"/>
        <line num="11" count="13" type="stmt"/>
        <line num="12" count="13" type="cond" truecount="3" falsecount="0"/>
      </file>
      <file name="isPlainObject.ts" path="/Users/landonjohnson/therawoutdoors-workspace/utils/src/type-checking/isPlainObject.ts">
        <metrics statements="2" coveredstatements="2" conditionals="0" coveredconditionals="0" methods="1" coveredmethods="1"/>
        <line num="12" count="1" type="stmt"/>
        <line num="13" count="6" type="stmt"/>
      </file>
      <file name="isString.ts" path="/Users/landonjohnson/therawoutdoors-workspace/utils/src/type-checking/isString.ts">
        <metrics statements="1" coveredstatements="1" conditionals="0" coveredconditionals="0" methods="1" coveredmethods="1"/>
        <line num="4" count="2" type="stmt"/>
      </file>
      <file name="isUndefined.ts" path="/Users/landonjohnson/therawoutdoors-workspace/utils/src/type-checking/isUndefined.ts">
        <metrics statements="1" coveredstatements="1" conditionals="0" coveredconditionals="0" methods="0" coveredmethods="0"/>
        <line num="3" count="1" type="stmt"/>
      </file>
      <file name="isValidBinary.ts" path="/Users/landonjohnson/therawoutdoors-workspace/utils/src/type-checking/isValidBinary.ts">
        <metrics statements="2" coveredstatements="2" conditionals="0" coveredconditionals="0" methods="1" coveredmethods="1"/>
        <line num="1" count="1" type="stmt"/>
        <line num="2" count="9" type="stmt"/>
      </file>
      <file name="isValidStyle.ts" path="/Users/landonjohnson/therawoutdoors-workspace/utils/src/type-checking/isValidStyle.ts">
        <metrics statements="14" coveredstatements="14" conditionals="14" coveredconditionals="13" methods="4" coveredmethods="4"/>
        <line num="10" count="1" type="stmt"/>
        <line num="15" count="10" type="cond" truecount="2" falsecount="0"/>
        <line num="16" count="10" type="stmt"/>
        <line num="19" count="690" type="stmt"/>
        <line num="23" count="10" type="stmt"/>
        <line num="24" count="10" type="cond" truecount="2" falsecount="0"/>
        <line num="27" count="26" type="stmt"/>
        <line num="30" count="9" type="cond" truecount="4" falsecount="0"/>
        <line num="32" count="8" type="stmt"/>
        <line num="33" count="30" type="stmt"/>
        <line num="34" count="15" type="cond" truecount="1" falsecount="1"/>
        <line num="36" count="15" type="stmt"/>
        <line num="38" count="15" type="cond" truecount="4" falsecount="0"/>
        <line num="41" count="5" type="stmt"/>
      </file>
      <file name="kindOf.ts" path="/Users/landonjohnson/therawoutdoors-workspace/utils/src/type-checking/kindOf.ts">
        <metrics statements="3" coveredstatements="3" conditionals="2" coveredconditionals="2" methods="2" coveredmethods="2"/>
        <line num="1" count="7" type="stmt"/>
        <line num="2" count="69" type="stmt"/>
        <line num="3" count="69" type="cond" truecount="2" falsecount="0"/>
      </file>
      <file name="kindOfTest.ts" path="/Users/landonjohnson/therawoutdoors-workspace/utils/src/type-checking/kindOfTest.ts">
        <metrics statements="3" coveredstatements="3" conditionals="0" coveredconditionals="0" methods="2" coveredmethods="2"/>
        <line num="3" count="1" type="stmt"/>
        <line num="4" count="3" type="stmt"/>
        <line num="5" count="4" type="stmt"/>
      </file>
      <file name="typeToTest.ts" path="/Users/landonjohnson/therawoutdoors-workspace/utils/src/type-checking/typeToTest.ts">
        <metrics statements="3" coveredstatements="3" conditionals="0" coveredconditionals="0" methods="2" coveredmethods="2"/>
        <line num="3" count="7" type="stmt"/>
        <line num="4" count="50" type="stmt"/>
        <line num="5" count="65" type="stmt"/>
      </file>
    </package>
  </project>
</coverage>
