{"/Users/landonjohnson/dev-local/workspaces/devlander/utils/src/abbreviateNumber.ts": {"path":"/Users/landonjohnson/dev-local/workspaces/devlander/utils/src/abbreviateNumber.ts","statementMap":{"0":{"start":{"line":63,"column":32},"end":{"line":127,"column":1}},"1":{"start":{"line":67,"column":45},"end":{"line":75,"column":3}},"2":{"start":{"line":78,"column":2},"end":{"line":80,"column":3}},"3":{"start":{"line":79,"column":4},"end":{"line":79,"column":13}},"4":{"start":{"line":83,"column":14},"end":{"line":83,"column":67}},"5":{"start":{"line":86,"column":2},"end":{"line":88,"column":3}},"6":{"start":{"line":87,"column":4},"end":{"line":87,"column":26}},"7":{"start":{"line":91,"column":15},"end":{"line":91,"column":50}},"8":{"start":{"line":94,"column":2},"end":{"line":94,"column":39}},"9":{"start":{"line":94,"column":18},"end":{"line":94,"column":39}},"10":{"start":{"line":97,"column":39},"end":{"line":97,"column":53}},"11":{"start":{"line":98,"column":16},"end":{"line":98,"column":38}},"12":{"start":{"line":101,"column":15},"end":{"line":101,"column":26}},"13":{"start":{"line":104,"column":2},"end":{"line":117,"column":3}},"14":{"start":{"line":105,"column":4},"end":{"line":116,"column":5}},"15":{"start":{"line":107,"column":8},"end":{"line":107,"column":44}},"16":{"start":{"line":108,"column":8},"end":{"line":108,"column":13}},"17":{"start":{"line":110,"column":8},"end":{"line":110,"column":45}},"18":{"start":{"line":111,"column":8},"end":{"line":111,"column":13}},"19":{"start":{"line":115,"column":8},"end":{"line":115,"column":13}},"20":{"start":{"line":120,"column":2},"end":{"line":124,"column":3}},"21":{"start":{"line":121,"column":4},"end":{"line":121,"column":59}},"22":{"start":{"line":122,"column":9},"end":{"line":124,"column":3}},"23":{"start":{"line":123,"column":4},"end":{"line":123,"column":59}},"24":{"start":{"line":126,"column":2},"end":{"line":126,"column":35}}},"fnMap":{"0":{"name":"(anonymous_0)","decl":{"start":{"line":63,"column":32},"end":{"line":63,"column":33}},"loc":{"start":{"line":66,"column":13},"end":{"line":127,"column":1}},"line":66}},"branchMap":{"0":{"loc":{"start":{"line":78,"column":2},"end":{"line":80,"column":3}},"type":"if","locations":[{"start":{"line":78,"column":2},"end":{"line":80,"column":3}},{"start":{},"end":{}}],"line":78},"1":{"loc":{"start":{"line":83,"column":14},"end":{"line":83,"column":67}},"type":"cond-expr","locations":[{"start":{"line":83,"column":42},"end":{"line":83,"column":59}},{"start":{"line":83,"column":62},"end":{"line":83,"column":67}}],"line":83},"2":{"loc":{"start":{"line":86,"column":2},"end":{"line":88,"column":3}},"type":"if","locations":[{"start":{"line":86,"column":2},"end":{"line":88,"column":3}},{"start":{},"end":{}}],"line":86},"3":{"loc":{"start":{"line":94,"column":2},"end":{"line":94,"column":39}},"type":"if","locations":[{"start":{"line":94,"column":2},"end":{"line":94,"column":39}},{"start":{},"end":{}}],"line":94},"4":{"loc":{"start":{"line":104,"column":2},"end":{"line":117,"column":3}},"type":"if","locations":[{"start":{"line":104,"column":2},"end":{"line":117,"column":3}},{"start":{},"end":{}}],"line":104},"5":{"loc":{"start":{"line":105,"column":4},"end":{"line":116,"column":5}},"type":"switch","locations":[{"start":{"line":106,"column":6},"end":{"line":108,"column":13}},{"start":{"line":109,"column":6},"end":{"line":111,"column":13}},{"start":{"line":112,"column":6},"end":{"line":112,"column":18}},{"start":{"line":113,"column":6},"end":{"line":115,"column":13}}],"line":105},"6":{"loc":{"start":{"line":120,"column":2},"end":{"line":124,"column":3}},"type":"if","locations":[{"start":{"line":120,"column":2},"end":{"line":124,"column":3}},{"start":{"line":122,"column":9},"end":{"line":124,"column":3}}],"line":120},"7":{"loc":{"start":{"line":122,"column":9},"end":{"line":124,"column":3}},"type":"if","locations":[{"start":{"line":122,"column":9},"end":{"line":124,"column":3}},{"start":{},"end":{}}],"line":122}},"s":{"0":1,"1":16,"2":16,"3":1,"4":15,"5":15,"6":1,"7":14,"8":14,"9":1,"10":13,"11":13,"12":13,"13":13,"14":3,"15":1,"16":1,"17":1,"18":1,"19":1,"20":13,"21":1,"22":12,"23":7,"24":13},"f":{"0":16},"b":{"0":[1,15],"1":[2,13],"2":[1,14],"3":[1,13],"4":[3,10],"5":[1,1,1,1],"6":[1,12],"7":[7,5]},"_coverageSchema":"1a1c01bbd47fc00a2c39e90264f33305004495a9","hash":"5f6557e7b7a805276c24b077eb6270f0fdf61133"}
,"/Users/landonjohnson/dev-local/workspaces/devlander/utils/src/assertOptions.ts": {"path":"/Users/landonjohnson/dev-local/workspaces/devlander/utils/src/assertOptions.ts","statementMap":{"0":{"start":{"line":15,"column":2},"end":{"line":17,"column":3}},"1":{"start":{"line":16,"column":4},"end":{"line":16,"column":10}},"2":{"start":{"line":19,"column":2},"end":{"line":21,"column":3}},"3":{"start":{"line":20,"column":4},"end":{"line":20,"column":80}},"4":{"start":{"line":23,"column":2},"end":{"line":28,"column":3}},"5":{"start":{"line":24,"column":4},"end":{"line":27,"column":5}},"6":{"start":{"line":30,"column":2},"end":{"line":35,"column":3}},"7":{"start":{"line":31,"column":4},"end":{"line":34,"column":5}},"8":{"start":{"line":37,"column":15},"end":{"line":37,"column":35}},"9":{"start":{"line":38,"column":2},"end":{"line":54,"column":3}},"10":{"start":{"line":39,"column":22},"end":{"line":39,"column":33}},"11":{"start":{"line":40,"column":4},"end":{"line":53,"column":5}},"12":{"start":{"line":41,"column":20},"end":{"line":41,"column":32}},"13":{"start":{"line":43,"column":8},"end":{"line":44,"column":79}},"14":{"start":{"line":45,"column":6},"end":{"line":50,"column":7}},"15":{"start":{"line":46,"column":8},"end":{"line":49,"column":9}},"16":{"start":{"line":51,"column":11},"end":{"line":53,"column":5}},"17":{"start":{"line":52,"column":6},"end":{"line":52,"column":75}}},"fnMap":{"0":{"name":"assertOptions","decl":{"start":{"line":4,"column":16},"end":{"line":4,"column":29}},"loc":{"start":{"line":14,"column":8},"end":{"line":55,"column":1}},"line":14}},"branchMap":{"0":{"loc":{"start":{"line":15,"column":2},"end":{"line":17,"column":3}},"type":"if","locations":[{"start":{"line":15,"column":2},"end":{"line":17,"column":3}},{"start":{},"end":{}}],"line":15},"1":{"loc":{"start":{"line":19,"column":2},"end":{"line":21,"column":3}},"type":"if","locations":[{"start":{"line":19,"column":2},"end":{"line":21,"column":3}},{"start":{},"end":{}}],"line":19},"2":{"loc":{"start":{"line":23,"column":2},"end":{"line":28,"column":3}},"type":"if","locations":[{"start":{"line":23,"column":2},"end":{"line":28,"column":3}},{"start":{},"end":{}}],"line":23},"3":{"loc":{"start":{"line":30,"column":2},"end":{"line":35,"column":3}},"type":"if","locations":[{"start":{"line":30,"column":2},"end":{"line":35,"column":3}},{"start":{},"end":{}}],"line":30},"4":{"loc":{"start":{"line":40,"column":4},"end":{"line":53,"column":5}},"type":"if","locations":[{"start":{"line":40,"column":4},"end":{"line":53,"column":5}},{"start":{"line":51,"column":11},"end":{"line":53,"column":5}}],"line":40},"5":{"loc":{"start":{"line":43,"column":8},"end":{"line":44,"column":79}},"type":"binary-expr","locations":[{"start":{"line":43,"column":8},"end":{"line":43,"column":27}},{"start":{"line":44,"column":8},"end":{"line":44,"column":79}}],"line":43},"6":{"loc":{"start":{"line":45,"column":6},"end":{"line":50,"column":7}},"type":"if","locations":[{"start":{"line":45,"column":6},"end":{"line":50,"column":7}},{"start":{},"end":{}}],"line":45},"7":{"loc":{"start":{"line":51,"column":11},"end":{"line":53,"column":5}},"type":"if","locations":[{"start":{"line":51,"column":11},"end":{"line":53,"column":5}},{"start":{},"end":{}}],"line":51}},"s":{"0":4,"1":0,"2":4,"3":0,"4":4,"5":0,"6":4,"7":1,"8":3,"9":3,"10":4,"11":4,"12":3,"13":3,"14":3,"15":1,"16":1,"17":1},"f":{"0":4},"b":{"0":[0,4],"1":[0,4],"2":[0,4],"3":[1,3],"4":[3,1],"5":[3,3],"6":[1,2],"7":[1,0]},"_coverageSchema":"1a1c01bbd47fc00a2c39e90264f33305004495a9","hash":"edcc6d27da1894687b1ad3f50b35775ba47215e3"}
,"/Users/landonjohnson/dev-local/workspaces/devlander/utils/src/bind.ts": {"path":"/Users/landonjohnson/dev-local/workspaces/devlander/utils/src/bind.ts","statementMap":{"0":{"start":{"line":14,"column":2},"end":{"line":16,"column":3}},"1":{"start":{"line":15,"column":4},"end":{"line":15,"column":68}}},"fnMap":{"0":{"name":"bind","decl":{"start":{"line":10,"column":16},"end":{"line":10,"column":20}},"loc":{"start":{"line":13,"column":45},"end":{"line":17,"column":1}},"line":13},"1":{"name":"wrap","decl":{"start":{"line":14,"column":18},"end":{"line":14,"column":22}},"loc":{"start":{"line":14,"column":62},"end":{"line":16,"column":3}},"line":14}},"branchMap":{},"s":{"0":2,"1":2},"f":{"0":2,"1":2},"b":{},"_coverageSchema":"1a1c01bbd47fc00a2c39e90264f33305004495a9","hash":"f0677416b7ff4c52a35d16c4ffba9a44f16a39bd"}
,"/Users/landonjohnson/dev-local/workspaces/devlander/utils/src/calculatePercentage.ts": {"path":"/Users/landonjohnson/dev-local/workspaces/devlander/utils/src/calculatePercentage.ts","statementMap":{"0":{"start":{"line":10,"column":2},"end":{"line":12,"column":3}},"1":{"start":{"line":11,"column":4},"end":{"line":11,"column":78}},"2":{"start":{"line":14,"column":21},"end":{"line":14,"column":44}},"3":{"start":{"line":15,"column":2},"end":{"line":15,"column":19}}},"fnMap":{"0":{"name":"calculatePercentage","decl":{"start":{"line":9,"column":16},"end":{"line":9,"column":35}},"loc":{"start":{"line":9,"column":68},"end":{"line":16,"column":1}},"line":9}},"branchMap":{"0":{"loc":{"start":{"line":10,"column":2},"end":{"line":12,"column":3}},"type":"if","locations":[{"start":{"line":10,"column":2},"end":{"line":12,"column":3}},{"start":{},"end":{}}],"line":10},"1":{"loc":{"start":{"line":10,"column":6},"end":{"line":10,"column":77}},"type":"binary-expr","locations":[{"start":{"line":10,"column":6},"end":{"line":10,"column":33}},{"start":{"line":10,"column":37},"end":{"line":10,"column":62}},{"start":{"line":10,"column":66},"end":{"line":10,"column":77}}],"line":10}},"s":{"0":3,"1":2,"2":1,"3":1},"f":{"0":3},"b":{"0":[2,1],"1":[3,2,2]},"_coverageSchema":"1a1c01bbd47fc00a2c39e90264f33305004495a9","hash":"a1dcc1b70416d144fa41e6666c901d6f22326b80"}
,"/Users/landonjohnson/dev-local/workspaces/devlander/utils/src/convertVideoTimeStampToSeconds.ts": {"path":"/Users/landonjohnson/dev-local/workspaces/devlander/utils/src/convertVideoTimeStampToSeconds.ts","statementMap":{"0":{"start":{"line":8,"column":26},"end":{"line":8,"column":46}},"1":{"start":{"line":10,"column":2},"end":{"line":12,"column":3}},"2":{"start":{"line":11,"column":4},"end":{"line":11,"column":76}},"3":{"start":{"line":14,"column":16},"end":{"line":14,"column":38}},"4":{"start":{"line":15,"column":18},"end":{"line":15,"column":40}},"5":{"start":{"line":16,"column":18},"end":{"line":16,"column":40}},"6":{"start":{"line":18,"column":2},"end":{"line":20,"column":3}},"7":{"start":{"line":19,"column":4},"end":{"line":19,"column":76}},"8":{"start":{"line":22,"column":2},"end":{"line":24,"column":3}},"9":{"start":{"line":23,"column":4},"end":{"line":23,"column":74}},"10":{"start":{"line":26,"column":2},"end":{"line":26,"column":46}}},"fnMap":{"0":{"name":"convertVideoTimeStampToSeconds","decl":{"start":{"line":7,"column":16},"end":{"line":7,"column":46}},"loc":{"start":{"line":7,"column":74},"end":{"line":27,"column":1}},"line":7}},"branchMap":{"0":{"loc":{"start":{"line":10,"column":2},"end":{"line":12,"column":3}},"type":"if","locations":[{"start":{"line":10,"column":2},"end":{"line":12,"column":3}},{"start":{},"end":{}}],"line":10},"1":{"loc":{"start":{"line":18,"column":2},"end":{"line":20,"column":3}},"type":"if","locations":[{"start":{"line":18,"column":2},"end":{"line":20,"column":3}},{"start":{},"end":{}}],"line":18},"2":{"loc":{"start":{"line":18,"column":6},"end":{"line":18,"column":54}},"type":"binary-expr","locations":[{"start":{"line":18,"column":6},"end":{"line":18,"column":18}},{"start":{"line":18,"column":22},"end":{"line":18,"column":36}},{"start":{"line":18,"column":40},"end":{"line":18,"column":54}}],"line":18},"3":{"loc":{"start":{"line":22,"column":2},"end":{"line":24,"column":3}},"type":"if","locations":[{"start":{"line":22,"column":2},"end":{"line":24,"column":3}},{"start":{},"end":{}}],"line":22},"4":{"loc":{"start":{"line":22,"column":6},"end":{"line":22,"column":45}},"type":"binary-expr","locations":[{"start":{"line":22,"column":6},"end":{"line":22,"column":15}},{"start":{"line":22,"column":19},"end":{"line":22,"column":30}},{"start":{"line":22,"column":34},"end":{"line":22,"column":45}}],"line":22}},"s":{"0":15,"1":15,"2":0,"3":15,"4":15,"5":15,"6":15,"7":0,"8":15,"9":0,"10":15},"f":{"0":15},"b":{"0":[0,15],"1":[0,15],"2":[15,15,15],"3":[0,15],"4":[15,15,15]},"_coverageSchema":"1a1c01bbd47fc00a2c39e90264f33305004495a9","hash":"efcc517fd7f29a0816f674bd1a9a087f7ed6cdc3"}
,"/Users/landonjohnson/dev-local/workspaces/devlander/utils/src/dashToCamelCase.ts": {"path":"/Users/landonjohnson/dev-local/workspaces/devlander/utils/src/dashToCamelCase.ts","statementMap":{"0":{"start":{"line":8,"column":2},"end":{"line":14,"column":6}},"1":{"start":{"line":13,"column":6},"end":{"line":13,"column":33}}},"fnMap":{"0":{"name":"dashToCamelCase","decl":{"start":{"line":7,"column":16},"end":{"line":7,"column":31}},"loc":{"start":{"line":7,"column":58},"end":{"line":15,"column":1}},"line":7},"1":{"name":"(anonymous_1)","decl":{"start":{"line":12,"column":26},"end":{"line":12,"column":27}},"loc":{"start":{"line":12,"column":52},"end":{"line":14,"column":5}},"line":12}},"branchMap":{},"s":{"0":5,"1":7},"f":{"0":5,"1":7},"b":{},"_coverageSchema":"1a1c01bbd47fc00a2c39e90264f33305004495a9","hash":"0ce12d697230b75c0c6019d684a00f62faea737e"}
,"/Users/landonjohnson/dev-local/workspaces/devlander/utils/src/devlanderError.ts": {"path":"/Users/landonjohnson/dev-local/workspaces/devlander/utils/src/devlanderError.ts","statementMap":{"0":{"start":{"line":25,"column":4},"end":{"line":25,"column":18}},"1":{"start":{"line":27,"column":4},"end":{"line":31,"column":5}},"2":{"start":{"line":28,"column":6},"end":{"line":28,"column":53}},"3":{"start":{"line":30,"column":6},"end":{"line":30,"column":36}},"4":{"start":{"line":33,"column":4},"end":{"line":33,"column":32}},"5":{"start":{"line":34,"column":4},"end":{"line":34,"column":30}},"6":{"start":{"line":34,"column":14},"end":{"line":34,"column":30}},"7":{"start":{"line":35,"column":4},"end":{"line":35,"column":36}},"8":{"start":{"line":35,"column":16},"end":{"line":35,"column":36}},"9":{"start":{"line":37,"column":4},"end":{"line":37,"column":66}},"10":{"start":{"line":47,"column":27},"end":{"line":49,"column":23}},"11":{"start":{"line":51,"column":4},"end":{"line":56,"column":5}},"12":{"start":{"line":54,"column":15},"end":{"line":54,"column":51}},"13":{"start":{"line":55,"column":16},"end":{"line":55,"column":41}},"14":{"start":{"line":58,"column":4},"end":{"line":58,"column":68}},"15":{"start":{"line":60,"column":4},"end":{"line":60,"column":32}},"16":{"start":{"line":61,"column":4},"end":{"line":61,"column":36}},"17":{"start":{"line":63,"column":4},"end":{"line":65,"column":5}},"18":{"start":{"line":64,"column":6},"end":{"line":64,"column":48}},"19":{"start":{"line":67,"column":4},"end":{"line":67,"column":25}}},"fnMap":{"0":{"name":"(anonymous_0)","decl":{"start":{"line":24,"column":2},"end":{"line":24,"column":3}},"loc":{"start":{"line":24,"column":68},"end":{"line":38,"column":3}},"line":24},"1":{"name":"(anonymous_1)","decl":{"start":{"line":40,"column":2},"end":{"line":40,"column":3}},"loc":{"start":{"line":46,"column":20},"end":{"line":68,"column":3}},"line":46},"2":{"name":"(anonymous_2)","decl":{"start":{"line":54,"column":6},"end":{"line":54,"column":7}},"loc":{"start":{"line":54,"column":15},"end":{"line":54,"column":51}},"line":54},"3":{"name":"(anonymous_3)","decl":{"start":{"line":55,"column":6},"end":{"line":55,"column":7}},"loc":{"start":{"line":55,"column":16},"end":{"line":55,"column":41}},"line":55}},"branchMap":{"0":{"loc":{"start":{"line":27,"column":4},"end":{"line":31,"column":5}},"type":"if","locations":[{"start":{"line":27,"column":4},"end":{"line":31,"column":5}},{"start":{"line":29,"column":11},"end":{"line":31,"column":5}}],"line":27},"1":{"loc":{"start":{"line":34,"column":4},"end":{"line":34,"column":30}},"type":"if","locations":[{"start":{"line":34,"column":4},"end":{"line":34,"column":30}},{"start":{},"end":{}}],"line":34},"2":{"loc":{"start":{"line":35,"column":4},"end":{"line":35,"column":36}},"type":"if","locations":[{"start":{"line":35,"column":4},"end":{"line":35,"column":36}},{"start":{},"end":{}}],"line":35},"3":{"loc":{"start":{"line":63,"column":4},"end":{"line":65,"column":5}},"type":"if","locations":[{"start":{"line":63,"column":4},"end":{"line":65,"column":5}},{"start":{},"end":{}}],"line":63}},"s":{"0":3,"1":3,"2":3,"3":0,"4":3,"5":3,"6":3,"7":3,"8":0,"9":3,"10":0,"11":0,"12":0,"13":0,"14":0,"15":0,"16":0,"17":0,"18":0,"19":0},"f":{"0":3,"1":0,"2":0,"3":0},"b":{"0":[3,0],"1":[3,0],"2":[0,3],"3":[0,0]},"_coverageSchema":"1a1c01bbd47fc00a2c39e90264f33305004495a9","hash":"6ae1c4c9c501d2da27596856ac35a3b83cc01bc6"}
,"/Users/landonjohnson/dev-local/workspaces/devlander/utils/src/endsWith.ts": {"path":"/Users/landonjohnson/dev-local/workspaces/devlander/utils/src/endsWith.ts","statementMap":{"0":{"start":{"line":1,"column":24},"end":{"line":12,"column":1}},"1":{"start":{"line":6,"column":2},"end":{"line":8,"column":3}},"2":{"start":{"line":7,"column":4},"end":{"line":7,"column":25}},"3":{"start":{"line":9,"column":2},"end":{"line":9,"column":33}},"4":{"start":{"line":10,"column":20},"end":{"line":10,"column":55}},"5":{"start":{"line":11,"column":2},"end":{"line":11,"column":51}}},"fnMap":{"0":{"name":"(anonymous_0)","decl":{"start":{"line":1,"column":24},"end":{"line":1,"column":25}},"loc":{"start":{"line":5,"column":14},"end":{"line":12,"column":1}},"line":5}},"branchMap":{"0":{"loc":{"start":{"line":6,"column":2},"end":{"line":8,"column":3}},"type":"if","locations":[{"start":{"line":6,"column":2},"end":{"line":8,"column":3}},{"start":{},"end":{}}],"line":6},"1":{"loc":{"start":{"line":6,"column":6},"end":{"line":6,"column":53}},"type":"binary-expr","locations":[{"start":{"line":6,"column":6},"end":{"line":6,"column":28}},{"start":{"line":6,"column":32},"end":{"line":6,"column":53}}],"line":6},"2":{"loc":{"start":{"line":11,"column":9},"end":{"line":11,"column":51}},"type":"binary-expr","locations":[{"start":{"line":11,"column":9},"end":{"line":11,"column":25}},{"start":{"line":11,"column":29},"end":{"line":11,"column":51}}],"line":11}},"s":{"0":1,"1":4,"2":3,"3":4,"4":4,"5":4},"f":{"0":4},"b":{"0":[3,1],"1":[4,1],"2":[4,3]},"_coverageSchema":"1a1c01bbd47fc00a2c39e90264f33305004495a9","hash":"a1bbf6886fa5b3a40f2211c414be60721cad811b"}
,"/Users/landonjohnson/dev-local/workspaces/devlander/utils/src/ensureValidStyle.ts": {"path":"/Users/landonjohnson/dev-local/workspaces/devlander/utils/src/ensureValidStyle.ts","statementMap":{"0":{"start":{"line":1,"column":32},"end":{"line":14,"column":1}},"1":{"start":{"line":3,"column":19},"end":{"line":11,"column":35}},"2":{"start":{"line":8,"column":8},"end":{"line":8,"column":59}},"3":{"start":{"line":13,"column":2},"end":{"line":13,"column":17}}},"fnMap":{"0":{"name":"(anonymous_0)","decl":{"start":{"line":1,"column":32},"end":{"line":1,"column":33}},"loc":{"start":{"line":1,"column":63},"end":{"line":14,"column":1}},"line":1},"1":{"name":"(anonymous_1)","decl":{"start":{"line":7,"column":6},"end":{"line":7,"column":7}},"loc":{"start":{"line":8,"column":8},"end":{"line":8,"column":59}},"line":8}},"branchMap":{"0":{"loc":{"start":{"line":8,"column":32},"end":{"line":8,"column":57}},"type":"cond-expr","locations":[{"start":{"line":8,"column":49},"end":{"line":8,"column":52}},{"start":{"line":8,"column":55},"end":{"line":8,"column":57}}],"line":8}},"s":{"0":1,"1":3,"2":1,"3":3},"f":{"0":3,"1":1},"b":{"0":[0,1]},"_coverageSchema":"1a1c01bbd47fc00a2c39e90264f33305004495a9","hash":"f78ff3deb952bc0f7ca176067aa90e731d073555"}
,"/Users/landonjohnson/dev-local/workspaces/devlander/utils/src/extractKeysAndValues.ts": {"path":"/Users/landonjohnson/dev-local/workspaces/devlander/utils/src/extractKeysAndValues.ts","statementMap":{"0":{"start":{"line":23,"column":15},"end":{"line":23,"column":58}},"1":{"start":{"line":24,"column":17},"end":{"line":24,"column":54}},"2":{"start":{"line":26,"column":2},"end":{"line":26,"column":25}}},"fnMap":{"0":{"name":"extractKeysAndValues","decl":{"start":{"line":20,"column":16},"end":{"line":20,"column":36}},"loc":{"start":{"line":22,"column":63},"end":{"line":27,"column":1}},"line":22}},"branchMap":{},"s":{"0":5,"1":5,"2":5},"f":{"0":5},"b":{},"_coverageSchema":"1a1c01bbd47fc00a2c39e90264f33305004495a9","hash":"51796423e8b3f23bc9d9ba86f38e9b52f93868ba"}
,"/Users/landonjohnson/dev-local/workspaces/devlander/utils/src/generateAllowedOrigins.ts": {"path":"/Users/landonjohnson/dev-local/workspaces/devlander/utils/src/generateAllowedOrigins.ts","statementMap":{"0":{"start":{"line":3,"column":38},"end":{"line":23,"column":1}},"1":{"start":{"line":4,"column":33},"end":{"line":4,"column":35}},"2":{"start":{"line":6,"column":2},"end":{"line":20,"column":4}},"3":{"start":{"line":7,"column":23},"end":{"line":7,"column":60}},"4":{"start":{"line":8,"column":21},"end":{"line":8,"column":44}},"5":{"start":{"line":10,"column":4},"end":{"line":17,"column":6}},"6":{"start":{"line":11,"column":6},"end":{"line":11,"column":49}},"7":{"start":{"line":12,"column":6},"end":{"line":16,"column":7}},"8":{"start":{"line":13,"column":8},"end":{"line":13,"column":51}},"9":{"start":{"line":15,"column":8},"end":{"line":15,"column":55}},"10":{"start":{"line":19,"column":4},"end":{"line":19,"column":33}},"11":{"start":{"line":22,"column":2},"end":{"line":22,"column":21}}},"fnMap":{"0":{"name":"(anonymous_0)","decl":{"start":{"line":3,"column":38},"end":{"line":3,"column":39}},"loc":{"start":{"line":3,"column":71},"end":{"line":23,"column":1}},"line":3},"1":{"name":"(anonymous_1)","decl":{"start":{"line":6,"column":18},"end":{"line":6,"column":19}},"loc":{"start":{"line":6,"column":30},"end":{"line":20,"column":3}},"line":6},"2":{"name":"(anonymous_2)","decl":{"start":{"line":10,"column":21},"end":{"line":10,"column":22}},"loc":{"start":{"line":10,"column":33},"end":{"line":17,"column":5}},"line":10}},"branchMap":{"0":{"loc":{"start":{"line":12,"column":6},"end":{"line":16,"column":7}},"type":"if","locations":[{"start":{"line":12,"column":6},"end":{"line":16,"column":7}},{"start":{"line":14,"column":13},"end":{"line":16,"column":7}}],"line":12}},"s":{"0":1,"1":2,"2":2,"3":2,"4":2,"5":2,"6":4,"7":4,"8":0,"9":4,"10":2,"11":2},"f":{"0":2,"1":2,"2":4},"b":{"0":[0,4]},"_coverageSchema":"1a1c01bbd47fc00a2c39e90264f33305004495a9","hash":"41f58c2365612005dea7d523e9e8c03ca2822cbf"}
,"/Users/landonjohnson/dev-local/workspaces/devlander/utils/src/generateStripeCard.ts": {"path":"/Users/landonjohnson/dev-local/workspaces/devlander/utils/src/generateStripeCard.ts","statementMap":{"0":{"start":{"line":13,"column":16},"end":{"line":56,"column":3}},"1":{"start":{"line":59,"column":15},"end":{"line":59,"column":62}},"2":{"start":{"line":62,"column":14},"end":{"line":64,"column":12}},"3":{"start":{"line":63,"column":4},"end":{"line":63,"column":34}},"4":{"start":{"line":67,"column":16},"end":{"line":67,"column":26}},"5":{"start":{"line":68,"column":21},"end":{"line":68,"column":76}},"6":{"start":{"line":69,"column":16},"end":{"line":69,"column":50}},"7":{"start":{"line":70,"column":25},"end":{"line":70,"column":77}},"8":{"start":{"line":72,"column":2},"end":{"line":77,"column":3}}},"fnMap":{"0":{"name":"generateStripeCard","decl":{"start":{"line":12,"column":16},"end":{"line":12,"column":34}},"loc":{"start":{"line":12,"column":43},"end":{"line":78,"column":1}},"line":12},"1":{"name":"(anonymous_1)","decl":{"start":{"line":62,"column":53},"end":{"line":62,"column":54}},"loc":{"start":{"line":63,"column":4},"end":{"line":63,"column":34}},"line":63}},"branchMap":{},"s":{"0":3,"1":3,"2":3,"3":9,"4":3,"5":3,"6":3,"7":3,"8":3},"f":{"0":3,"1":9},"b":{},"_coverageSchema":"1a1c01bbd47fc00a2c39e90264f33305004495a9","hash":"438959d2899f16044fcd998c28591d9bef490761"}
,"/Users/landonjohnson/dev-local/workspaces/devlander/utils/src/getAspectRatio.ts": {"path":"/Users/landonjohnson/dev-local/workspaces/devlander/utils/src/getAspectRatio.ts","statementMap":{"0":{"start":{"line":22,"column":30},"end":{"line":68,"column":1}},"1":{"start":{"line":25,"column":47},"end":{"line":25,"column":53}},"2":{"start":{"line":26,"column":22},"end":{"line":26,"column":67}},"3":{"start":{"line":29,"column":20},"end":{"line":31,"column":3}},"4":{"start":{"line":34,"column":2},"end":{"line":53,"column":3}},"5":{"start":{"line":36,"column":6},"end":{"line":36,"column":26}},"6":{"start":{"line":37,"column":6},"end":{"line":37,"column":11}},"7":{"start":{"line":39,"column":6},"end":{"line":39,"column":27}},"8":{"start":{"line":40,"column":6},"end":{"line":40,"column":11}},"9":{"start":{"line":42,"column":6},"end":{"line":42,"column":26}},"10":{"start":{"line":43,"column":6},"end":{"line":43,"column":11}},"11":{"start":{"line":45,"column":6},"end":{"line":45,"column":26}},"12":{"start":{"line":46,"column":6},"end":{"line":46,"column":11}},"13":{"start":{"line":48,"column":6},"end":{"line":48,"column":26}},"14":{"start":{"line":49,"column":6},"end":{"line":49,"column":11}},"15":{"start":{"line":52,"column":6},"end":{"line":52,"column":27}},"16":{"start":{"line":55,"column":36},"end":{"line":55,"column":47}},"17":{"start":{"line":58,"column":2},"end":{"line":62,"column":3}},"18":{"start":{"line":59,"column":4},"end":{"line":59,"column":57}},"19":{"start":{"line":61,"column":4},"end":{"line":61,"column":57}},"20":{"start":{"line":64,"column":2},"end":{"line":67,"column":3}}},"fnMap":{"0":{"name":"(anonymous_0)","decl":{"start":{"line":22,"column":30},"end":{"line":22,"column":31}},"loc":{"start":{"line":24,"column":27},"end":{"line":68,"column":1}},"line":24}},"branchMap":{"0":{"loc":{"start":{"line":25,"column":17},"end":{"line":25,"column":42}},"type":"default-arg","locations":[{"start":{"line":25,"column":31},"end":{"line":25,"column":42}}],"line":25},"1":{"loc":{"start":{"line":26,"column":22},"end":{"line":26,"column":67}},"type":"binary-expr","locations":[{"start":{"line":26,"column":22},"end":{"line":26,"column":40}},{"start":{"line":26,"column":44},"end":{"line":26,"column":67}}],"line":26},"2":{"loc":{"start":{"line":29,"column":20},"end":{"line":31,"column":3}},"type":"binary-expr","locations":[{"start":{"line":29,"column":20},"end":{"line":29,"column":72}},{"start":{"line":29,"column":76},"end":{"line":31,"column":3}}],"line":29},"3":{"loc":{"start":{"line":34,"column":2},"end":{"line":53,"column":3}},"type":"switch","locations":[{"start":{"line":35,"column":4},"end":{"line":37,"column":11}},{"start":{"line":38,"column":4},"end":{"line":40,"column":11}},{"start":{"line":41,"column":4},"end":{"line":43,"column":11}},{"start":{"line":44,"column":4},"end":{"line":46,"column":11}},{"start":{"line":47,"column":4},"end":{"line":49,"column":11}},{"start":{"line":50,"column":4},"end":{"line":52,"column":27}}],"line":34},"4":{"loc":{"start":{"line":58,"column":2},"end":{"line":62,"column":3}},"type":"if","locations":[{"start":{"line":58,"column":2},"end":{"line":62,"column":3}},{"start":{"line":60,"column":9},"end":{"line":62,"column":3}}],"line":58}},"s":{"0":1,"1":2,"2":2,"3":2,"4":2,"5":0,"6":0,"7":2,"8":2,"9":0,"10":0,"11":0,"12":0,"13":0,"14":0,"15":0,"16":2,"17":2,"18":1,"19":1,"20":2},"f":{"0":2},"b":{"0":[0],"1":[2,0],"2":[2,0],"3":[0,2,0,0,0,0],"4":[1,1]},"_coverageSchema":"1a1c01bbd47fc00a2c39e90264f33305004495a9","hash":"6a13561e9066e179850afd5fc2da603d4d9c7577"}
,"/Users/landonjohnson/dev-local/workspaces/devlander/utils/src/getMessageByField.ts": {"path":"/Users/landonjohnson/dev-local/workspaces/devlander/utils/src/getMessageByField.ts","statementMap":{"0":{"start":{"line":17,"column":33},"end":{"line":49,"column":1}},"1":{"start":{"line":21,"column":29},"end":{"line":34,"column":3}},"2":{"start":{"line":22,"column":4},"end":{"line":32,"column":5}},"3":{"start":{"line":23,"column":27},"end":{"line":23,"column":60}},"4":{"start":{"line":24,"column":6},"end":{"line":26,"column":7}},"5":{"start":{"line":25,"column":8},"end":{"line":25,"column":27}},"6":{"start":{"line":27,"column":11},"end":{"line":32,"column":5}},"7":{"start":{"line":28,"column":27},"end":{"line":28,"column":62}},"8":{"start":{"line":29,"column":6},"end":{"line":31,"column":7}},"9":{"start":{"line":30,"column":8},"end":{"line":30,"column":27}},"10":{"start":{"line":33,"column":4},"end":{"line":33,"column":20}},"11":{"start":{"line":36,"column":2},"end":{"line":48,"column":3}},"12":{"start":{"line":37,"column":4},"end":{"line":37,"column":57}},"13":{"start":{"line":38,"column":9},"end":{"line":48,"column":3}},"14":{"start":{"line":39,"column":4},"end":{"line":44,"column":5}},"15":{"start":{"line":40,"column":22},"end":{"line":40,"column":47}},"16":{"start":{"line":41,"column":6},"end":{"line":43,"column":7}},"17":{"start":{"line":42,"column":8},"end":{"line":42,"column":22}},"18":{"start":{"line":45,"column":4},"end":{"line":45,"column":20}},"19":{"start":{"line":47,"column":4},"end":{"line":47,"column":20}}},"fnMap":{"0":{"name":"(anonymous_0)","decl":{"start":{"line":17,"column":33},"end":{"line":17,"column":34}},"loc":{"start":{"line":20,"column":25},"end":{"line":49,"column":1}},"line":20},"1":{"name":"(anonymous_1)","decl":{"start":{"line":21,"column":29},"end":{"line":21,"column":30}},"loc":{"start":{"line":21,"column":68},"end":{"line":34,"column":3}},"line":21}},"branchMap":{"0":{"loc":{"start":{"line":22,"column":4},"end":{"line":32,"column":5}},"type":"if","locations":[{"start":{"line":22,"column":4},"end":{"line":32,"column":5}},{"start":{"line":27,"column":11},"end":{"line":32,"column":5}}],"line":22},"1":{"loc":{"start":{"line":22,"column":8},"end":{"line":22,"column":61}},"type":"binary-expr","locations":[{"start":{"line":22,"column":8},"end":{"line":22,"column":24}},{"start":{"line":22,"column":28},"end":{"line":22,"column":61}}],"line":22},"2":{"loc":{"start":{"line":24,"column":6},"end":{"line":26,"column":7}},"type":"if","locations":[{"start":{"line":24,"column":6},"end":{"line":26,"column":7}},{"start":{},"end":{}}],"line":24},"3":{"loc":{"start":{"line":27,"column":11},"end":{"line":32,"column":5}},"type":"if","locations":[{"start":{"line":27,"column":11},"end":{"line":32,"column":5}},{"start":{},"end":{}}],"line":27},"4":{"loc":{"start":{"line":29,"column":6},"end":{"line":31,"column":7}},"type":"if","locations":[{"start":{"line":29,"column":6},"end":{"line":31,"column":7}},{"start":{},"end":{}}],"line":29},"5":{"loc":{"start":{"line":36,"column":2},"end":{"line":48,"column":3}},"type":"if","locations":[{"start":{"line":36,"column":2},"end":{"line":48,"column":3}},{"start":{"line":38,"column":9},"end":{"line":48,"column":3}}],"line":36},"6":{"loc":{"start":{"line":37,"column":11},"end":{"line":37,"column":57}},"type":"binary-expr","locations":[{"start":{"line":37,"column":11},"end":{"line":37,"column":44}},{"start":{"line":37,"column":48},"end":{"line":37,"column":57}}],"line":37},"7":{"loc":{"start":{"line":38,"column":9},"end":{"line":48,"column":3}},"type":"if","locations":[{"start":{"line":38,"column":9},"end":{"line":48,"column":3}},{"start":{"line":46,"column":9},"end":{"line":48,"column":3}}],"line":38},"8":{"loc":{"start":{"line":41,"column":6},"end":{"line":43,"column":7}},"type":"if","locations":[{"start":{"line":41,"column":6},"end":{"line":43,"column":7}},{"start":{},"end":{}}],"line":41}},"s":{"0":1,"1":4,"2":5,"3":2,"4":2,"5":2,"6":3,"7":3,"8":3,"9":0,"10":3,"11":4,"12":2,"13":2,"14":2,"15":3,"16":3,"17":1,"18":1,"19":0},"f":{"0":4,"1":5},"b":{"0":[2,3],"1":[5,5],"2":[2,0],"3":[3,0],"4":[0,3],"5":[2,2],"6":[2,1],"7":[2,0],"8":[1,2]},"_coverageSchema":"1a1c01bbd47fc00a2c39e90264f33305004495a9","hash":"da075bb087f4cf352379ef54d7427cef1d0b8292"}
,"/Users/landonjohnson/dev-local/workspaces/devlander/utils/src/getMessageFromObject.ts": {"path":"/Users/landonjohnson/dev-local/workspaces/devlander/utils/src/getMessageFromObject.ts","statementMap":{"0":{"start":{"line":13,"column":36},"end":{"line":27,"column":1}},"1":{"start":{"line":18,"column":2},"end":{"line":24,"column":3}},"2":{"start":{"line":19,"column":21},"end":{"line":19,"column":37}},"3":{"start":{"line":21,"column":4},"end":{"line":23,"column":5}},"4":{"start":{"line":22,"column":6},"end":{"line":22,"column":80}},"5":{"start":{"line":22,"column":44},"end":{"line":22,"column":71}},"6":{"start":{"line":26,"column":2},"end":{"line":26,"column":13}}},"fnMap":{"0":{"name":"(anonymous_0)","decl":{"start":{"line":13,"column":36},"end":{"line":13,"column":37}},"loc":{"start":{"line":17,"column":32},"end":{"line":27,"column":1}},"line":17},"1":{"name":"(anonymous_1)","decl":{"start":{"line":22,"column":27},"end":{"line":22,"column":28}},"loc":{"start":{"line":22,"column":44},"end":{"line":22,"column":71}},"line":22}},"branchMap":{"0":{"loc":{"start":{"line":16,"column":2},"end":{"line":16,"column":33}},"type":"default-arg","locations":[{"start":{"line":16,"column":24},"end":{"line":16,"column":33}}],"line":16},"1":{"loc":{"start":{"line":18,"column":2},"end":{"line":24,"column":3}},"type":"if","locations":[{"start":{"line":18,"column":2},"end":{"line":24,"column":3}},{"start":{},"end":{}}],"line":18},"2":{"loc":{"start":{"line":18,"column":6},"end":{"line":18,"column":77}},"type":"binary-expr","locations":[{"start":{"line":18,"column":6},"end":{"line":18,"column":19}},{"start":{"line":18,"column":23},"end":{"line":18,"column":77}}],"line":18},"3":{"loc":{"start":{"line":21,"column":4},"end":{"line":23,"column":5}},"type":"if","locations":[{"start":{"line":21,"column":4},"end":{"line":23,"column":5}},{"start":{},"end":{}}],"line":21},"4":{"loc":{"start":{"line":21,"column":8},"end":{"line":21,"column":43}},"type":"binary-expr","locations":[{"start":{"line":21,"column":8},"end":{"line":21,"column":16}},{"start":{"line":21,"column":20},"end":{"line":21,"column":43}}],"line":21},"5":{"loc":{"start":{"line":22,"column":13},"end":{"line":22,"column":80}},"type":"binary-expr","locations":[{"start":{"line":22,"column":13},"end":{"line":22,"column":72}},{"start":{"line":22,"column":76},"end":{"line":22,"column":80}}],"line":22}},"s":{"0":2,"1":8,"2":3,"3":3,"4":2,"5":3,"6":6},"f":{"0":8,"1":3},"b":{"0":[8],"1":[3,5],"2":[8,7],"3":[2,1],"4":[3,3],"5":[2,1]},"_coverageSchema":"1a1c01bbd47fc00a2c39e90264f33305004495a9","hash":"6d2e6dad024ceab695fdb2c1f9bac966c980bafb"}
,"/Users/landonjohnson/dev-local/workspaces/devlander/utils/src/getRandomValFromArray.ts": {"path":"/Users/landonjohnson/dev-local/workspaces/devlander/utils/src/getRandomValFromArray.ts","statementMap":{"0":{"start":{"line":7,"column":37},"end":{"line":11,"column":1}},"1":{"start":{"line":8,"column":2},"end":{"line":8,"column":44}},"2":{"start":{"line":8,"column":24},"end":{"line":8,"column":44}},"3":{"start":{"line":9,"column":22},"end":{"line":9,"column":60}},"4":{"start":{"line":10,"column":2},"end":{"line":10,"column":42}}},"fnMap":{"0":{"name":"(anonymous_0)","decl":{"start":{"line":7,"column":37},"end":{"line":7,"column":38}},"loc":{"start":{"line":7,"column":75},"end":{"line":11,"column":1}},"line":7}},"branchMap":{"0":{"loc":{"start":{"line":8,"column":2},"end":{"line":8,"column":44}},"type":"if","locations":[{"start":{"line":8,"column":2},"end":{"line":8,"column":44}},{"start":{},"end":{}}],"line":8},"1":{"loc":{"start":{"line":10,"column":9},"end":{"line":10,"column":42}},"type":"binary-expr","locations":[{"start":{"line":10,"column":9},"end":{"line":10,"column":25}},{"start":{"line":10,"column":29},"end":{"line":10,"column":42}}],"line":10}},"s":{"0":1,"1":3,"2":1,"3":2,"4":2},"f":{"0":3},"b":{"0":[1,2],"1":[2,1]},"_coverageSchema":"1a1c01bbd47fc00a2c39e90264f33305004495a9","hash":"c88172aa62ea25bcb4969f6bd3426271269a1e49"}
,"/Users/landonjohnson/dev-local/workspaces/devlander/utils/src/getRange.ts": {"path":"/Users/landonjohnson/dev-local/workspaces/devlander/utils/src/getRange.ts","statementMap":{"0":{"start":{"line":7,"column":24},"end":{"line":12,"column":1}},"1":{"start":{"line":8,"column":2},"end":{"line":10,"column":3}},"2":{"start":{"line":9,"column":4},"end":{"line":9,"column":13}},"3":{"start":{"line":11,"column":2},"end":{"line":11,"column":77}},"4":{"start":{"line":11,"column":63},"end":{"line":11,"column":76}}},"fnMap":{"0":{"name":"(anonymous_0)","decl":{"start":{"line":7,"column":24},"end":{"line":7,"column":25}},"loc":{"start":{"line":7,"column":58},"end":{"line":12,"column":1}},"line":7},"1":{"name":"(anonymous_1)","decl":{"start":{"line":11,"column":42},"end":{"line":11,"column":43}},"loc":{"start":{"line":11,"column":63},"end":{"line":11,"column":76}},"line":11}},"branchMap":{"0":{"loc":{"start":{"line":8,"column":2},"end":{"line":10,"column":3}},"type":"if","locations":[{"start":{"line":8,"column":2},"end":{"line":10,"column":3}},{"start":{},"end":{}}],"line":8}},"s":{"0":1,"1":3,"2":1,"3":2,"4":5},"f":{"0":3,"1":5},"b":{"0":[1,2]},"_coverageSchema":"1a1c01bbd47fc00a2c39e90264f33305004495a9","hash":"16ce6491c5a6689526ee80dcc925371aeca8fb82"}
,"/Users/landonjohnson/dev-local/workspaces/devlander/utils/src/getValueFromObject.ts": {"path":"/Users/landonjohnson/dev-local/workspaces/devlander/utils/src/getValueFromObject.ts","statementMap":{"0":{"start":{"line":12,"column":2},"end":{"line":12,"column":50}}},"fnMap":{"0":{"name":"getValueFromObject","decl":{"start":{"line":8,"column":16},"end":{"line":8,"column":34}},"loc":{"start":{"line":11,"column":12},"end":{"line":13,"column":1}},"line":11}},"branchMap":{"0":{"loc":{"start":{"line":12,"column":9},"end":{"line":12,"column":50}},"type":"cond-expr","locations":[{"start":{"line":12,"column":35},"end":{"line":12,"column":43}},{"start":{"line":12,"column":46},"end":{"line":12,"column":50}}],"line":12}},"s":{"0":9},"f":{"0":9},"b":{"0":[5,4]},"_coverageSchema":"1a1c01bbd47fc00a2c39e90264f33305004495a9","hash":"fe3f802e7f350ed18d501371f89ceddb013c44a7"}
,"/Users/landonjohnson/dev-local/workspaces/devlander/utils/src/hasItemByLetterAndFilter.ts": {"path":"/Users/landonjohnson/dev-local/workspaces/devlander/utils/src/hasItemByLetterAndFilter.ts","statementMap":{"0":{"start":{"line":13,"column":40},"end":{"line":58,"column":1}},"1":{"start":{"line":20,"column":2},"end":{"line":57,"column":4}},"2":{"start":{"line":21,"column":4},"end":{"line":23,"column":5}},"3":{"start":{"line":22,"column":6},"end":{"line":22,"column":59}},"4":{"start":{"line":24,"column":36},"end":{"line":24,"column":53}},"5":{"start":{"line":26,"column":4},"end":{"line":28,"column":5}},"6":{"start":{"line":27,"column":6},"end":{"line":27,"column":18}},"7":{"start":{"line":30,"column":27},"end":{"line":37,"column":5}},"8":{"start":{"line":31,"column":6},"end":{"line":33,"column":7}},"9":{"start":{"line":32,"column":8},"end":{"line":32,"column":17}},"10":{"start":{"line":34,"column":21},"end":{"line":34,"column":55}},"11":{"start":{"line":36,"column":6},"end":{"line":36,"column":67}},"12":{"start":{"line":36,"column":36},"end":{"line":36,"column":66}},"13":{"start":{"line":39,"column":31},"end":{"line":49,"column":5}},"14":{"start":{"line":40,"column":6},"end":{"line":42,"column":7}},"15":{"start":{"line":41,"column":8},"end":{"line":41,"column":19}},"16":{"start":{"line":44,"column":31},"end":{"line":44,"column":69}},"17":{"start":{"line":46,"column":6},"end":{"line":48,"column":7}},"18":{"start":{"line":47,"column":8},"end":{"line":47,"column":42}},"19":{"start":{"line":51,"column":26},"end":{"line":51,"column":54}},"20":{"start":{"line":52,"column":22},"end":{"line":52,"column":53}},"21":{"start":{"line":54,"column":21},"end":{"line":54,"column":62}},"22":{"start":{"line":56,"column":4},"end":{"line":56,"column":19}}},"fnMap":{"0":{"name":"(anonymous_0)","decl":{"start":{"line":13,"column":40},"end":{"line":13,"column":41}},"loc":{"start":{"line":19,"column":14},"end":{"line":58,"column":1}},"line":19},"1":{"name":"(anonymous_1)","decl":{"start":{"line":20,"column":20},"end":{"line":20,"column":21}},"loc":{"start":{"line":20,"column":30},"end":{"line":57,"column":3}},"line":20},"2":{"name":"(anonymous_2)","decl":{"start":{"line":30,"column":27},"end":{"line":30,"column":28}},"loc":{"start":{"line":30,"column":69},"end":{"line":37,"column":5}},"line":30},"3":{"name":"(anonymous_3)","decl":{"start":{"line":36,"column":25},"end":{"line":36,"column":26}},"loc":{"start":{"line":36,"column":36},"end":{"line":36,"column":66}},"line":36},"4":{"name":"(anonymous_4)","decl":{"start":{"line":39,"column":31},"end":{"line":39,"column":32}},"loc":{"start":{"line":39,"column":62},"end":{"line":49,"column":5}},"line":39},"5":{"name":"(anonymous_5)","decl":{"start":{"line":46,"column":36},"end":{"line":46,"column":37}},"loc":{"start":{"line":47,"column":8},"end":{"line":47,"column":42}},"line":47}},"branchMap":{"0":{"loc":{"start":{"line":16,"column":2},"end":{"line":16,"column":22}},"type":"default-arg","locations":[{"start":{"line":16,"column":16},"end":{"line":16,"column":22}}],"line":16},"1":{"loc":{"start":{"line":21,"column":4},"end":{"line":23,"column":5}},"type":"if","locations":[{"start":{"line":21,"column":4},"end":{"line":23,"column":5}},{"start":{},"end":{}}],"line":21},"2":{"loc":{"start":{"line":24,"column":36},"end":{"line":24,"column":53}},"type":"binary-expr","locations":[{"start":{"line":24,"column":36},"end":{"line":24,"column":45}},{"start":{"line":24,"column":49},"end":{"line":24,"column":53}}],"line":24},"3":{"loc":{"start":{"line":26,"column":4},"end":{"line":28,"column":5}},"type":"if","locations":[{"start":{"line":26,"column":4},"end":{"line":28,"column":5}},{"start":{},"end":{}}],"line":26},"4":{"loc":{"start":{"line":30,"column":46},"end":{"line":30,"column":55}},"type":"default-arg","locations":[{"start":{"line":30,"column":54},"end":{"line":30,"column":55}}],"line":30},"5":{"loc":{"start":{"line":31,"column":6},"end":{"line":33,"column":7}},"type":"if","locations":[{"start":{"line":31,"column":6},"end":{"line":33,"column":7}},{"start":{},"end":{}}],"line":31},"6":{"loc":{"start":{"line":40,"column":6},"end":{"line":42,"column":7}},"type":"if","locations":[{"start":{"line":40,"column":6},"end":{"line":42,"column":7}},{"start":{},"end":{}}],"line":40},"7":{"loc":{"start":{"line":54,"column":21},"end":{"line":54,"column":62}},"type":"cond-expr","locations":[{"start":{"line":54,"column":50},"end":{"line":54,"column":54}},{"start":{"line":54,"column":57},"end":{"line":54,"column":62}}],"line":54},"8":{"loc":{"start":{"line":54,"column":21},"end":{"line":54,"column":47}},"type":"binary-expr","locations":[{"start":{"line":54,"column":21},"end":{"line":54,"column":34}},{"start":{"line":54,"column":38},"end":{"line":54,"column":47}}],"line":54}},"s":{"0":1,"1":4,"2":8,"3":0,"4":8,"5":8,"6":0,"7":8,"8":8,"9":0,"10":8,"11":8,"12":16,"13":8,"14":8,"15":4,"16":4,"17":4,"18":5,"19":8,"20":8,"21":8,"22":8},"f":{"0":4,"1":8,"2":8,"3":16,"4":8,"5":5},"b":{"0":[2],"1":[0,8],"2":[8,0],"3":[0,8],"4":[4],"5":[0,8],"6":[4,4],"7":[2,6],"8":[8,5]},"_coverageSchema":"1a1c01bbd47fc00a2c39e90264f33305004495a9","hash":"145339c2ed96adcc8679c16d30ecf16cec9806df"}
,"/Users/landonjohnson/dev-local/workspaces/devlander/utils/src/isBoolean.ts": {"path":"/Users/landonjohnson/dev-local/workspaces/devlander/utils/src/isBoolean.ts","statementMap":{"0":{"start":{"line":1,"column":25},"end":{"line":1,"column":78}},"1":{"start":{"line":1,"column":45},"end":{"line":1,"column":78}}},"fnMap":{"0":{"name":"(anonymous_0)","decl":{"start":{"line":1,"column":25},"end":{"line":1,"column":26}},"loc":{"start":{"line":1,"column":45},"end":{"line":1,"column":78}},"line":1}},"branchMap":{"0":{"loc":{"start":{"line":1,"column":45},"end":{"line":1,"column":78}},"type":"binary-expr","locations":[{"start":{"line":1,"column":45},"end":{"line":1,"column":59}},{"start":{"line":1,"column":63},"end":{"line":1,"column":78}}],"line":1}},"s":{"0":1,"1":2},"f":{"0":2},"b":{"0":[2,1]},"_coverageSchema":"1a1c01bbd47fc00a2c39e90264f33305004495a9","hash":"6fc98b9dbd68c7bb6e4158c9a37d580015fcb3ec"}
,"/Users/landonjohnson/dev-local/workspaces/devlander/utils/src/isBuffer.ts": {"path":"/Users/landonjohnson/dev-local/workspaces/devlander/utils/src/isBuffer.ts","statementMap":{"0":{"start":{"line":9,"column":2},"end":{"line":16,"column":3}},"1":{"start":{"line":20,"column":2},"end":{"line":24,"column":3}},"2":{"start":{"line":21,"column":4},"end":{"line":21,"column":36}},"3":{"start":{"line":23,"column":4},"end":{"line":23,"column":59}},"4":{"start":{"line":25,"column":2},"end":{"line":25,"column":15}},"5":{"start":{"line":27,"column":29},"end":{"line":27,"column":54}}},"fnMap":{"0":{"name":"isBuffer","decl":{"start":{"line":6,"column":16},"end":{"line":6,"column":24}},"loc":{"start":{"line":8,"column":2},"end":{"line":17,"column":1}},"line":8},"1":{"name":"isArrayBufferView","decl":{"start":{"line":18,"column":16},"end":{"line":18,"column":33}},"loc":{"start":{"line":18,"column":56},"end":{"line":26,"column":1}},"line":18}},"branchMap":{"0":{"loc":{"start":{"line":10,"column":4},"end":{"line":15,"column":33}},"type":"binary-expr","locations":[{"start":{"line":10,"column":4},"end":{"line":10,"column":16}},{"start":{"line":11,"column":4},"end":{"line":11,"column":21}},{"start":{"line":12,"column":4},"end":{"line":12,"column":28}},{"start":{"line":13,"column":4},"end":{"line":13,"column":33}},{"start":{"line":14,"column":4},"end":{"line":14,"column":40}},{"start":{"line":15,"column":4},"end":{"line":15,"column":33}}],"line":10},"1":{"loc":{"start":{"line":20,"column":2},"end":{"line":24,"column":3}},"type":"if","locations":[{"start":{"line":20,"column":2},"end":{"line":24,"column":3}},{"start":{"line":22,"column":9},"end":{"line":24,"column":3}}],"line":20},"2":{"loc":{"start":{"line":20,"column":6},"end":{"line":20,"column":62}},"type":"binary-expr","locations":[{"start":{"line":20,"column":6},"end":{"line":20,"column":40}},{"start":{"line":20,"column":44},"end":{"line":20,"column":62}}],"line":20},"3":{"loc":{"start":{"line":23,"column":13},"end":{"line":23,"column":59}},"type":"binary-expr","locations":[{"start":{"line":23,"column":13},"end":{"line":23,"column":16}},{"start":{"line":23,"column":20},"end":{"line":23,"column":30}},{"start":{"line":23,"column":34},"end":{"line":23,"column":59}}],"line":23}},"s":{"0":2,"1":0,"2":0,"3":0,"4":0,"5":1},"f":{"0":2,"1":0},"b":{"0":[2,2,2,2,2,1],"1":[0,0],"2":[0,0],"3":[0,0,0]},"_coverageSchema":"1a1c01bbd47fc00a2c39e90264f33305004495a9","hash":"a8ba491a9105c598c3c585f071169d54c8af4e3e"}
,"/Users/landonjohnson/dev-local/workspaces/devlander/utils/src/isDate.ts": {"path":"/Users/landonjohnson/dev-local/workspaces/devlander/utils/src/isDate.ts","statementMap":{"0":{"start":{"line":3,"column":22},"end":{"line":3,"column":40}}},"fnMap":{},"branchMap":{},"s":{"0":1},"f":{},"b":{},"_coverageSchema":"1a1c01bbd47fc00a2c39e90264f33305004495a9","hash":"84c14767149a74447bb5c6a29347b7301f040fe2"}
,"/Users/landonjohnson/dev-local/workspaces/devlander/utils/src/isDeepEqual.ts": {"path":"/Users/landonjohnson/dev-local/workspaces/devlander/utils/src/isDeepEqual.ts","statementMap":{"0":{"start":{"line":13,"column":2},"end":{"line":15,"column":3}},"1":{"start":{"line":14,"column":4},"end":{"line":14,"column":15}},"2":{"start":{"line":17,"column":2},"end":{"line":24,"column":3}},"3":{"start":{"line":23,"column":4},"end":{"line":23,"column":16}},"4":{"start":{"line":26,"column":16},"end":{"line":26,"column":33}},"5":{"start":{"line":27,"column":16},"end":{"line":27,"column":33}},"6":{"start":{"line":29,"column":2},"end":{"line":31,"column":3}},"7":{"start":{"line":30,"column":4},"end":{"line":30,"column":16}},"8":{"start":{"line":33,"column":2},"end":{"line":37,"column":3}},"9":{"start":{"line":34,"column":4},"end":{"line":36,"column":5}},"10":{"start":{"line":35,"column":6},"end":{"line":35,"column":18}},"11":{"start":{"line":39,"column":2},"end":{"line":39,"column":13}}},"fnMap":{"0":{"name":"isDeepEqual","decl":{"start":{"line":9,"column":16},"end":{"line":9,"column":27}},"loc":{"start":{"line":12,"column":11},"end":{"line":40,"column":1}},"line":12}},"branchMap":{"0":{"loc":{"start":{"line":13,"column":2},"end":{"line":15,"column":3}},"type":"if","locations":[{"start":{"line":13,"column":2},"end":{"line":15,"column":3}},{"start":{},"end":{}}],"line":13},"1":{"loc":{"start":{"line":17,"column":2},"end":{"line":24,"column":3}},"type":"if","locations":[{"start":{"line":17,"column":2},"end":{"line":24,"column":3}},{"start":{},"end":{}}],"line":17},"2":{"loc":{"start":{"line":18,"column":4},"end":{"line":21,"column":17}},"type":"binary-expr","locations":[{"start":{"line":18,"column":4},"end":{"line":18,"column":28}},{"start":{"line":19,"column":4},"end":{"line":19,"column":17}},{"start":{"line":20,"column":4},"end":{"line":20,"column":28}},{"start":{"line":21,"column":4},"end":{"line":21,"column":17}}],"line":18},"3":{"loc":{"start":{"line":29,"column":2},"end":{"line":31,"column":3}},"type":"if","locations":[{"start":{"line":29,"column":2},"end":{"line":31,"column":3}},{"start":{},"end":{}}],"line":29},"4":{"loc":{"start":{"line":34,"column":4},"end":{"line":36,"column":5}},"type":"if","locations":[{"start":{"line":34,"column":4},"end":{"line":36,"column":5}},{"start":{},"end":{}}],"line":34},"5":{"loc":{"start":{"line":34,"column":8},"end":{"line":34,"column":66}},"type":"binary-expr","locations":[{"start":{"line":34,"column":8},"end":{"line":34,"column":28}},{"start":{"line":34,"column":32},"end":{"line":34,"column":66}}],"line":34}},"s":{"0":18,"1":8,"2":10,"3":2,"4":8,"5":8,"6":8,"7":1,"8":7,"9":14,"10":5,"11":2},"f":{"0":18},"b":{"0":[8,10],"1":[2,8],"2":[10,8,8,8],"3":[1,7],"4":[5,9],"5":[14,13]},"_coverageSchema":"1a1c01bbd47fc00a2c39e90264f33305004495a9","hash":"f8bbf003bd8771a4e93b6489d8ac2bf88f5a1369"}
,"/Users/landonjohnson/dev-local/workspaces/devlander/utils/src/isEmpty.ts": {"path":"/Users/landonjohnson/dev-local/workspaces/devlander/utils/src/isEmpty.ts","statementMap":{"0":{"start":{"line":1,"column":23},"end":{"line":5,"column":58}},"1":{"start":{"line":2,"column":2},"end":{"line":5,"column":58}}},"fnMap":{"0":{"name":"(anonymous_0)","decl":{"start":{"line":1,"column":23},"end":{"line":1,"column":24}},"loc":{"start":{"line":2,"column":2},"end":{"line":5,"column":58}},"line":2}},"branchMap":{"0":{"loc":{"start":{"line":2,"column":2},"end":{"line":5,"column":58}},"type":"binary-expr","locations":[{"start":{"line":2,"column":2},"end":{"line":2,"column":21}},{"start":{"line":3,"column":2},"end":{"line":3,"column":16}},{"start":{"line":4,"column":3},"end":{"line":4,"column":28}},{"start":{"line":4,"column":32},"end":{"line":4,"column":63}},{"start":{"line":5,"column":3},"end":{"line":5,"column":28}},{"start":{"line":5,"column":32},"end":{"line":5,"column":57}}],"line":2}},"s":{"0":6,"1":31},"f":{"0":31},"b":{"0":[31,28,27,25,25,2]},"_coverageSchema":"1a1c01bbd47fc00a2c39e90264f33305004495a9","hash":"5cf1b97bec887676779088e1d082b7fc3d29bff8"}
,"/Users/landonjohnson/dev-local/workspaces/devlander/utils/src/isFile.ts": {"path":"/Users/landonjohnson/dev-local/workspaces/devlander/utils/src/isFile.ts","statementMap":{"0":{"start":{"line":3,"column":22},"end":{"line":3,"column":40}}},"fnMap":{},"branchMap":{},"s":{"0":1},"f":{},"b":{},"_coverageSchema":"1a1c01bbd47fc00a2c39e90264f33305004495a9","hash":"7e95a11d1b26313dce3f60ec62414b579f762a1c"}
,"/Users/landonjohnson/dev-local/workspaces/devlander/utils/src/isFormData.ts": {"path":"/Users/landonjohnson/dev-local/workspaces/devlander/utils/src/isFormData.ts","statementMap":{"0":{"start":{"line":10,"column":26},"end":{"line":26,"column":1}},"1":{"start":{"line":14,"column":2},"end":{"line":25,"column":3}}},"fnMap":{"0":{"name":"(anonymous_0)","decl":{"start":{"line":10,"column":26},"end":{"line":10,"column":27}},"loc":{"start":{"line":12,"column":45},"end":{"line":26,"column":1}},"line":12}},"branchMap":{"0":{"loc":{"start":{"line":15,"column":4},"end":{"line":24,"column":80}},"type":"binary-expr","locations":[{"start":{"line":15,"column":4},"end":{"line":15,"column":11}},{"start":{"line":16,"column":6},"end":{"line":16,"column":36}},{"start":{"line":16,"column":40},"end":{"line":16,"column":65}},{"start":{"line":17,"column":7},"end":{"line":17,"column":22}},{"start":{"line":18,"column":8},"end":{"line":18,"column":61}},{"start":{"line":19,"column":8},"end":{"line":19,"column":56}},{"start":{"line":20,"column":9},"end":{"line":20,"column":46}},{"start":{"line":22,"column":11},"end":{"line":22,"column":28}},{"start":{"line":23,"column":12},"end":{"line":23,"column":62}},{"start":{"line":24,"column":12},"end":{"line":24,"column":76}}],"line":15}},"s":{"0":1,"1":2},"f":{"0":2},"b":{"0":[2,2,2,1,0,0,0,0,0,0]},"_coverageSchema":"1a1c01bbd47fc00a2c39e90264f33305004495a9","hash":"fe9f702c4cb4d47a1325fc38a3df59766ce24952"}
,"/Users/landonjohnson/dev-local/workspaces/devlander/utils/src/isFunction.ts": {"path":"/Users/landonjohnson/dev-local/workspaces/devlander/utils/src/isFunction.ts","statementMap":{"0":{"start":{"line":5,"column":2},"end":{"line":5,"column":38}}},"fnMap":{"0":{"name":"isFunction","decl":{"start":{"line":4,"column":16},"end":{"line":4,"column":26}},"loc":{"start":{"line":4,"column":62},"end":{"line":6,"column":1}},"line":4}},"branchMap":{},"s":{"0":2},"f":{"0":2},"b":{},"_coverageSchema":"1a1c01bbd47fc00a2c39e90264f33305004495a9","hash":"153c87231ec4fc321db01a4f02603ef6489ad03a"}
,"/Users/landonjohnson/dev-local/workspaces/devlander/utils/src/isJson.ts": {"path":"/Users/landonjohnson/dev-local/workspaces/devlander/utils/src/isJson.ts","statementMap":{"0":{"start":{"line":6,"column":22},"end":{"line":15,"column":1}},"1":{"start":{"line":9,"column":2},"end":{"line":14,"column":3}},"2":{"start":{"line":10,"column":16},"end":{"line":10,"column":73}},"3":{"start":{"line":11,"column":4},"end":{"line":11,"column":26}},"4":{"start":{"line":13,"column":4},"end":{"line":13,"column":16}},"5":{"start":{"line":17,"column":24},"end":{"line":18,"column":45}},"6":{"start":{"line":18,"column":2},"end":{"line":18,"column":45}}},"fnMap":{"0":{"name":"(anonymous_0)","decl":{"start":{"line":6,"column":22},"end":{"line":6,"column":23}},"loc":{"start":{"line":8,"column":40},"end":{"line":15,"column":1}},"line":8},"1":{"name":"(anonymous_1)","decl":{"start":{"line":17,"column":24},"end":{"line":17,"column":25}},"loc":{"start":{"line":18,"column":2},"end":{"line":18,"column":45}},"line":18}},"branchMap":{"0":{"loc":{"start":{"line":10,"column":16},"end":{"line":10,"column":73}},"type":"cond-expr","locations":[{"start":{"line":10,"column":44},"end":{"line":10,"column":49}},{"start":{"line":10,"column":52},"end":{"line":10,"column":73}}],"line":10},"1":{"loc":{"start":{"line":18,"column":2},"end":{"line":18,"column":45}},"type":"binary-expr","locations":[{"start":{"line":18,"column":2},"end":{"line":18,"column":16}},{"start":{"line":18,"column":20},"end":{"line":18,"column":45}}],"line":18}},"s":{"0":7,"1":14,"2":14,"3":14,"4":3,"5":7,"6":11},"f":{"0":14,"1":11},"b":{"0":[8,6],"1":[11,11]},"_coverageSchema":"1a1c01bbd47fc00a2c39e90264f33305004495a9","hash":"5674f7aca4dc1c9e58fef60449f026f24aa13599"}
,"/Users/landonjohnson/dev-local/workspaces/devlander/utils/src/isNumber.ts": {"path":"/Users/landonjohnson/dev-local/workspaces/devlander/utils/src/isNumber.ts","statementMap":{"0":{"start":{"line":3,"column":24},"end":{"line":3,"column":44}}},"fnMap":{},"branchMap":{},"s":{"0":1},"f":{},"b":{},"_coverageSchema":"1a1c01bbd47fc00a2c39e90264f33305004495a9","hash":"b683e45defbff697dc6339d0072f218f77a78f2b"}
,"/Users/landonjohnson/dev-local/workspaces/devlander/utils/src/isPlainObject.ts": {"path":"/Users/landonjohnson/dev-local/workspaces/devlander/utils/src/isPlainObject.ts","statementMap":{"0":{"start":{"line":12,"column":29},"end":{"line":14,"column":1}},"1":{"start":{"line":13,"column":2},"end":{"line":13,"column":68}}},"fnMap":{"0":{"name":"(anonymous_0)","decl":{"start":{"line":12,"column":29},"end":{"line":12,"column":30}},"loc":{"start":{"line":12,"column":65},"end":{"line":14,"column":1}},"line":12}},"branchMap":{},"s":{"0":1,"1":6},"f":{"0":6},"b":{},"_coverageSchema":"1a1c01bbd47fc00a2c39e90264f33305004495a9","hash":"70cb1a252dc6f0a6aa93f092584fb6527c4c2d49"}
,"/Users/landonjohnson/dev-local/workspaces/devlander/utils/src/isString.ts": {"path":"/Users/landonjohnson/dev-local/workspaces/devlander/utils/src/isString.ts","statementMap":{"0":{"start":{"line":4,"column":2},"end":{"line":4,"column":36}}},"fnMap":{"0":{"name":"isString","decl":{"start":{"line":3,"column":16},"end":{"line":3,"column":24}},"loc":{"start":{"line":3,"column":58},"end":{"line":5,"column":1}},"line":3}},"branchMap":{},"s":{"0":2},"f":{"0":2},"b":{},"_coverageSchema":"1a1c01bbd47fc00a2c39e90264f33305004495a9","hash":"4f36e62f57af0596bb3ce2aa4b0a90ead6c1d7b2"}
,"/Users/landonjohnson/dev-local/workspaces/devlander/utils/src/isUndefined.ts": {"path":"/Users/landonjohnson/dev-local/workspaces/devlander/utils/src/isUndefined.ts","statementMap":{"0":{"start":{"line":3,"column":27},"end":{"line":3,"column":50}}},"fnMap":{},"branchMap":{},"s":{"0":1},"f":{},"b":{},"_coverageSchema":"1a1c01bbd47fc00a2c39e90264f33305004495a9","hash":"a8b2c06ea694628aabb4f255c06727d13607bca0"}
,"/Users/landonjohnson/dev-local/workspaces/devlander/utils/src/isValidBinary.ts": {"path":"/Users/landonjohnson/dev-local/workspaces/devlander/utils/src/isValidBinary.ts","statementMap":{"0":{"start":{"line":1,"column":29},"end":{"line":3,"column":1}},"1":{"start":{"line":2,"column":2},"end":{"line":2,"column":31}}},"fnMap":{"0":{"name":"(anonymous_0)","decl":{"start":{"line":1,"column":29},"end":{"line":1,"column":30}},"loc":{"start":{"line":1,"column":58},"end":{"line":3,"column":1}},"line":1}},"branchMap":{},"s":{"0":1,"1":9},"f":{"0":9},"b":{},"_coverageSchema":"1a1c01bbd47fc00a2c39e90264f33305004495a9","hash":"63021a9c12cf5b21f40d084c7554634c42e806ea"}
,"/Users/landonjohnson/dev-local/workspaces/devlander/utils/src/isValidStyle.ts": {"path":"/Users/landonjohnson/dev-local/workspaces/devlander/utils/src/isValidStyle.ts","statementMap":{"0":{"start":{"line":10,"column":28},"end":{"line":42,"column":1}},"1":{"start":{"line":15,"column":29},"end":{"line":15,"column":79}},"2":{"start":{"line":16,"column":37},"end":{"line":21,"column":3}},"3":{"start":{"line":19,"column":6},"end":{"line":19,"column":63}},"4":{"start":{"line":23,"column":2},"end":{"line":23,"column":30}},"5":{"start":{"line":24,"column":2},"end":{"line":24,"column":30}},"6":{"start":{"line":24,"column":18},"end":{"line":24,"column":30}},"7":{"start":{"line":27,"column":23},"end":{"line":27,"column":73}},"8":{"start":{"line":27,"column":61},"end":{"line":27,"column":72}},"9":{"start":{"line":30,"column":2},"end":{"line":30,"column":57}},"10":{"start":{"line":30,"column":45},"end":{"line":30,"column":57}},"11":{"start":{"line":32,"column":2},"end":{"line":39,"column":3}},"12":{"start":{"line":33,"column":18},"end":{"line":33,"column":60}},"13":{"start":{"line":33,"column":48},"end":{"line":33,"column":59}},"14":{"start":{"line":34,"column":4},"end":{"line":34,"column":40}},"15":{"start":{"line":34,"column":28},"end":{"line":34,"column":40}},"16":{"start":{"line":36,"column":30},"end":{"line":36,"column":35}},"17":{"start":{"line":38,"column":4},"end":{"line":38,"column":60}},"18":{"start":{"line":38,"column":48},"end":{"line":38,"column":60}},"19":{"start":{"line":41,"column":2},"end":{"line":41,"column":13}}},"fnMap":{"0":{"name":"(anonymous_0)","decl":{"start":{"line":10,"column":28},"end":{"line":10,"column":29}},"loc":{"start":{"line":13,"column":14},"end":{"line":42,"column":1}},"line":13},"1":{"name":"(anonymous_1)","decl":{"start":{"line":17,"column":27},"end":{"line":17,"column":28}},"loc":{"start":{"line":19,"column":6},"end":{"line":19,"column":63}},"line":19},"2":{"name":"(anonymous_2)","decl":{"start":{"line":27,"column":51},"end":{"line":27,"column":52}},"loc":{"start":{"line":27,"column":61},"end":{"line":27,"column":72}},"line":27},"3":{"name":"(anonymous_3)","decl":{"start":{"line":33,"column":38},"end":{"line":33,"column":39}},"loc":{"start":{"line":33,"column":48},"end":{"line":33,"column":59}},"line":33}},"branchMap":{"0":{"loc":{"start":{"line":15,"column":56},"end":{"line":15,"column":77}},"type":"binary-expr","locations":[{"start":{"line":15,"column":56},"end":{"line":15,"column":71}},{"start":{"line":15,"column":75},"end":{"line":15,"column":77}}],"line":15},"1":{"loc":{"start":{"line":24,"column":2},"end":{"line":24,"column":30}},"type":"if","locations":[{"start":{"line":24,"column":2},"end":{"line":24,"column":30}},{"start":{},"end":{}}],"line":24},"2":{"loc":{"start":{"line":30,"column":2},"end":{"line":30,"column":57}},"type":"if","locations":[{"start":{"line":30,"column":2},"end":{"line":30,"column":57}},{"start":{},"end":{}}],"line":30},"3":{"loc":{"start":{"line":30,"column":6},"end":{"line":30,"column":43}},"type":"binary-expr","locations":[{"start":{"line":30,"column":6},"end":{"line":30,"column":15}},{"start":{"line":30,"column":19},"end":{"line":30,"column":43}}],"line":30},"4":{"loc":{"start":{"line":34,"column":4},"end":{"line":34,"column":40}},"type":"if","locations":[{"start":{"line":34,"column":4},"end":{"line":34,"column":40}},{"start":{},"end":{}}],"line":34},"5":{"loc":{"start":{"line":38,"column":4},"end":{"line":38,"column":60}},"type":"if","locations":[{"start":{"line":38,"column":4},"end":{"line":38,"column":60}},{"start":{},"end":{}}],"line":38},"6":{"loc":{"start":{"line":38,"column":8},"end":{"line":38,"column":46}},"type":"binary-expr","locations":[{"start":{"line":38,"column":8},"end":{"line":38,"column":36}},{"start":{"line":38,"column":40},"end":{"line":38,"column":46}}],"line":38}},"s":{"0":1,"1":10,"2":10,"3":690,"4":10,"5":10,"6":1,"7":9,"8":26,"9":9,"10":1,"11":8,"12":15,"13":30,"14":15,"15":0,"16":15,"17":15,"18":3,"19":5},"f":{"0":10,"1":690,"2":26,"3":30},"b":{"0":[10,10],"1":[1,9],"2":[1,8],"3":[9,9],"4":[0,15],"5":[3,12],"6":[15,13]},"_coverageSchema":"1a1c01bbd47fc00a2c39e90264f33305004495a9","hash":"d3e246293d17ed62a838cbace08e11a11f9a9765"}
,"/Users/landonjohnson/dev-local/workspaces/devlander/utils/src/jsonContainsNewLine.ts": {"path":"/Users/landonjohnson/dev-local/workspaces/devlander/utils/src/jsonContainsNewLine.ts","statementMap":{"0":{"start":{"line":3,"column":35},"end":{"line":32,"column":1}},"1":{"start":{"line":7,"column":32},"end":{"line":7,"column":49}},"2":{"start":{"line":8,"column":2},"end":{"line":10,"column":3}},"3":{"start":{"line":9,"column":4},"end":{"line":9,"column":43}},"4":{"start":{"line":12,"column":26},"end":{"line":23,"column":3}},"5":{"start":{"line":13,"column":4},"end":{"line":21,"column":5}},"6":{"start":{"line":14,"column":6},"end":{"line":20,"column":7}},"7":{"start":{"line":15,"column":8},"end":{"line":15,"column":19}},"8":{"start":{"line":16,"column":13},"end":{"line":20,"column":7}},"9":{"start":{"line":17,"column":8},"end":{"line":19,"column":9}},"10":{"start":{"line":18,"column":10},"end":{"line":18,"column":21}},"11":{"start":{"line":22,"column":4},"end":{"line":22,"column":16}},"12":{"start":{"line":25,"column":2},"end":{"line":31,"column":3}},"13":{"start":{"line":26,"column":4},"end":{"line":28,"column":5}},"14":{"start":{"line":30,"column":4},"end":{"line":30,"column":79}}},"fnMap":{"0":{"name":"(anonymous_0)","decl":{"start":{"line":3,"column":35},"end":{"line":3,"column":36}},"loc":{"start":{"line":3,"column":76},"end":{"line":32,"column":1}},"line":3},"1":{"name":"(anonymous_1)","decl":{"start":{"line":12,"column":26},"end":{"line":12,"column":27}},"loc":{"start":{"line":12,"column":77},"end":{"line":23,"column":3}},"line":12}},"branchMap":{"0":{"loc":{"start":{"line":8,"column":2},"end":{"line":10,"column":3}},"type":"if","locations":[{"start":{"line":8,"column":2},"end":{"line":10,"column":3}},{"start":{},"end":{}}],"line":8},"1":{"loc":{"start":{"line":14,"column":6},"end":{"line":20,"column":7}},"type":"if","locations":[{"start":{"line":14,"column":6},"end":{"line":20,"column":7}},{"start":{"line":16,"column":13},"end":{"line":20,"column":7}}],"line":14},"2":{"loc":{"start":{"line":14,"column":10},"end":{"line":14,"column":77}},"type":"binary-expr","locations":[{"start":{"line":14,"column":10},"end":{"line":14,"column":38}},{"start":{"line":14,"column":42},"end":{"line":14,"column":77}}],"line":14},"3":{"loc":{"start":{"line":16,"column":13},"end":{"line":20,"column":7}},"type":"if","locations":[{"start":{"line":16,"column":13},"end":{"line":20,"column":7}},{"start":{},"end":{}}],"line":16},"4":{"loc":{"start":{"line":16,"column":17},"end":{"line":16,"column":66}},"type":"binary-expr","locations":[{"start":{"line":16,"column":17},"end":{"line":16,"column":45}},{"start":{"line":16,"column":49},"end":{"line":16,"column":66}}],"line":16},"5":{"loc":{"start":{"line":17,"column":8},"end":{"line":19,"column":9}},"type":"if","locations":[{"start":{"line":17,"column":8},"end":{"line":19,"column":9}},{"start":{},"end":{}}],"line":17},"6":{"loc":{"start":{"line":25,"column":2},"end":{"line":31,"column":3}},"type":"if","locations":[{"start":{"line":25,"column":2},"end":{"line":31,"column":3}},{"start":{"line":29,"column":9},"end":{"line":31,"column":3}}],"line":25}},"s":{"0":2,"1":7,"2":7,"3":1,"4":6,"5":8,"6":16,"7":2,"8":14,"9":2,"10":0,"11":6,"12":6,"13":6,"14":0},"f":{"0":7,"1":8},"b":{"0":[1,6],"1":[2,14],"2":[16,12],"3":[2,12],"4":[14,2],"5":[0,2],"6":[6,0]},"_coverageSchema":"1a1c01bbd47fc00a2c39e90264f33305004495a9","hash":"653ba20d530fc1055c5811670ebac2e2a4435325"}
,"/Users/landonjohnson/dev-local/workspaces/devlander/utils/src/kindOf.ts": {"path":"/Users/landonjohnson/dev-local/workspaces/devlander/utils/src/kindOf.ts","statementMap":{"0":{"start":{"line":1,"column":22},"end":{"line":4,"column":23}},"1":{"start":{"line":1,"column":34},"end":{"line":4,"column":1}},"2":{"start":{"line":2,"column":14},"end":{"line":2,"column":34}},"3":{"start":{"line":3,"column":2},"end":{"line":3,"column":68}}},"fnMap":{"0":{"name":"(anonymous_0)","decl":{"start":{"line":1,"column":23},"end":{"line":1,"column":24}},"loc":{"start":{"line":1,"column":34},"end":{"line":4,"column":1}},"line":1},"1":{"name":"(anonymous_1)","decl":{"start":{"line":1,"column":34},"end":{"line":1,"column":35}},"loc":{"start":{"line":1,"column":54},"end":{"line":4,"column":1}},"line":1}},"branchMap":{"0":{"loc":{"start":{"line":3,"column":9},"end":{"line":3,"column":68}},"type":"binary-expr","locations":[{"start":{"line":3,"column":9},"end":{"line":3,"column":19}},{"start":{"line":3,"column":24},"end":{"line":3,"column":67}}],"line":3}},"s":{"0":2,"1":2,"2":4,"3":4},"f":{"0":2,"1":4},"b":{"0":[4,3]},"_coverageSchema":"1a1c01bbd47fc00a2c39e90264f33305004495a9","hash":"ff5819dfdbb27df5290345435a4e76fa4c8c1bef"}
,"/Users/landonjohnson/dev-local/workspaces/devlander/utils/src/kindOfTest.ts": {"path":"/Users/landonjohnson/dev-local/workspaces/devlander/utils/src/kindOfTest.ts","statementMap":{"0":{"start":{"line":3,"column":26},"end":{"line":6,"column":1}},"1":{"start":{"line":4,"column":2},"end":{"line":4,"column":27}},"2":{"start":{"line":5,"column":2},"end":{"line":5,"column":51}},"3":{"start":{"line":5,"column":29},"end":{"line":5,"column":51}}},"fnMap":{"0":{"name":"(anonymous_0)","decl":{"start":{"line":3,"column":26},"end":{"line":3,"column":27}},"loc":{"start":{"line":3,"column":44},"end":{"line":6,"column":1}},"line":3},"1":{"name":"(anonymous_1)","decl":{"start":{"line":5,"column":9},"end":{"line":5,"column":10}},"loc":{"start":{"line":5,"column":29},"end":{"line":5,"column":51}},"line":5}},"branchMap":{},"s":{"0":1,"1":3,"2":3,"3":4},"f":{"0":3,"1":4},"b":{},"_coverageSchema":"1a1c01bbd47fc00a2c39e90264f33305004495a9","hash":"415c19f7f9c87f18563096edb87be87e0f061259"}
,"/Users/landonjohnson/dev-local/workspaces/devlander/utils/src/mergeObjects.ts": {"path":"/Users/landonjohnson/dev-local/workspaces/devlander/utils/src/mergeObjects.ts","statementMap":{"0":{"start":{"line":10,"column":28},"end":{"line":38,"column":1}},"1":{"start":{"line":14,"column":28},"end":{"line":14,"column":41}},"2":{"start":{"line":16,"column":2},"end":{"line":35,"column":4}},"3":{"start":{"line":17,"column":21},"end":{"line":17,"column":32}},"4":{"start":{"line":18,"column":21},"end":{"line":18,"column":32}},"5":{"start":{"line":20,"column":4},"end":{"line":34,"column":5}},"6":{"start":{"line":21,"column":6},"end":{"line":21,"column":46}},"7":{"start":{"line":22,"column":11},"end":{"line":34,"column":5}},"8":{"start":{"line":27,"column":6},"end":{"line":31,"column":7}},"9":{"start":{"line":28,"column":8},"end":{"line":28,"column":54}},"10":{"start":{"line":30,"column":8},"end":{"line":30,"column":30}},"11":{"start":{"line":33,"column":6},"end":{"line":33,"column":28}},"12":{"start":{"line":37,"column":2},"end":{"line":37,"column":15}}},"fnMap":{"0":{"name":"(anonymous_0)","decl":{"start":{"line":10,"column":28},"end":{"line":10,"column":29}},"loc":{"start":{"line":13,"column":16},"end":{"line":38,"column":1}},"line":13},"1":{"name":"(anonymous_1)","decl":{"start":{"line":16,"column":30},"end":{"line":16,"column":31}},"loc":{"start":{"line":16,"column":39},"end":{"line":35,"column":3}},"line":16}},"branchMap":{"0":{"loc":{"start":{"line":20,"column":4},"end":{"line":34,"column":5}},"type":"if","locations":[{"start":{"line":20,"column":4},"end":{"line":34,"column":5}},{"start":{"line":22,"column":11},"end":{"line":34,"column":5}}],"line":20},"1":{"loc":{"start":{"line":20,"column":8},"end":{"line":20,"column":58}},"type":"binary-expr","locations":[{"start":{"line":20,"column":8},"end":{"line":20,"column":31}},{"start":{"line":20,"column":35},"end":{"line":20,"column":58}}],"line":20},"2":{"loc":{"start":{"line":22,"column":11},"end":{"line":34,"column":5}},"type":"if","locations":[{"start":{"line":22,"column":11},"end":{"line":34,"column":5}},{"start":{"line":32,"column":11},"end":{"line":34,"column":5}}],"line":22},"3":{"loc":{"start":{"line":23,"column":6},"end":{"line":25,"column":30}},"type":"binary-expr","locations":[{"start":{"line":23,"column":6},"end":{"line":23,"column":34}},{"start":{"line":24,"column":6},"end":{"line":24,"column":23}},{"start":{"line":25,"column":6},"end":{"line":25,"column":30}}],"line":23},"4":{"loc":{"start":{"line":27,"column":6},"end":{"line":31,"column":7}},"type":"if","locations":[{"start":{"line":27,"column":6},"end":{"line":31,"column":7}},{"start":{"line":29,"column":13},"end":{"line":31,"column":7}}],"line":27},"5":{"loc":{"start":{"line":27,"column":10},"end":{"line":27,"column":66}},"type":"binary-expr","locations":[{"start":{"line":27,"column":10},"end":{"line":27,"column":38}},{"start":{"line":27,"column":42},"end":{"line":27,"column":66}}],"line":27}},"s":{"0":4,"1":8,"2":8,"3":18,"4":18,"5":18,"6":1,"7":17,"8":4,"9":3,"10":1,"11":13,"12":8},"f":{"0":8,"1":18},"b":{"0":[1,17],"1":[18,1],"2":[4,13],"3":[17,4,4],"4":[3,1],"5":[4,3]},"_coverageSchema":"1a1c01bbd47fc00a2c39e90264f33305004495a9","hash":"5a63e881568228887de7dbd49b05b438f84d179f"}
,"/Users/landonjohnson/dev-local/workspaces/devlander/utils/src/pluralize.ts": {"path":"/Users/landonjohnson/dev-local/workspaces/devlander/utils/src/pluralize.ts","statementMap":{"0":{"start":{"line":1,"column":25},"end":{"line":3,"column":1}},"1":{"start":{"line":2,"column":2},"end":{"line":2,"column":40}}},"fnMap":{"0":{"name":"(anonymous_0)","decl":{"start":{"line":1,"column":25},"end":{"line":1,"column":26}},"loc":{"start":{"line":1,"column":78},"end":{"line":3,"column":1}},"line":1}},"branchMap":{"0":{"loc":{"start":{"line":2,"column":9},"end":{"line":2,"column":40}},"type":"cond-expr","locations":[{"start":{"line":2,"column":23},"end":{"line":2,"column":31}},{"start":{"line":2,"column":34},"end":{"line":2,"column":40}}],"line":2}},"s":{"0":1,"1":2},"f":{"0":2},"b":{"0":[1,1]},"_coverageSchema":"1a1c01bbd47fc00a2c39e90264f33305004495a9","hash":"4cc7bb68f743a54dd41ff44aef0eadef503db5fc"}
,"/Users/landonjohnson/dev-local/workspaces/devlander/utils/src/removeNewLinesFromJson.ts": {"path":"/Users/landonjohnson/dev-local/workspaces/devlander/utils/src/removeNewLinesFromJson.ts","statementMap":{"0":{"start":{"line":12,"column":38},"end":{"line":53,"column":1}},"1":{"start":{"line":15,"column":21},"end":{"line":15,"column":38}},"2":{"start":{"line":17,"column":2},"end":{"line":19,"column":3}},"3":{"start":{"line":18,"column":4},"end":{"line":18,"column":42}},"4":{"start":{"line":21,"column":25},"end":{"line":47,"column":3}},"5":{"start":{"line":24,"column":56},"end":{"line":26,"column":10}},"6":{"start":{"line":28,"column":4},"end":{"line":44,"column":6}},"7":{"start":{"line":29,"column":20},"end":{"line":29,"column":28}},"8":{"start":{"line":31,"column":6},"end":{"line":43,"column":7}},"9":{"start":{"line":32,"column":8},"end":{"line":34,"column":9}},"10":{"start":{"line":33,"column":10},"end":{"line":33,"column":55}},"11":{"start":{"line":35,"column":13},"end":{"line":43,"column":7}},"12":{"start":{"line":36,"column":8},"end":{"line":38,"column":9}},"13":{"start":{"line":37,"column":10},"end":{"line":37,"column":72}},"14":{"start":{"line":40,"column":8},"end":{"line":42,"column":9}},"15":{"start":{"line":41,"column":10},"end":{"line":41,"column":29}},"16":{"start":{"line":46,"column":4},"end":{"line":46,"column":17}},"17":{"start":{"line":49,"column":17},"end":{"line":51,"column":16}},"18":{"start":{"line":52,"column":2},"end":{"line":52,"column":42}}},"fnMap":{"0":{"name":"(anonymous_0)","decl":{"start":{"line":12,"column":38},"end":{"line":12,"column":39}},"loc":{"start":{"line":14,"column":30},"end":{"line":53,"column":1}},"line":14},"1":{"name":"(anonymous_1)","decl":{"start":{"line":21,"column":25},"end":{"line":21,"column":26}},"loc":{"start":{"line":23,"column":44},"end":{"line":47,"column":3}},"line":23},"2":{"name":"(anonymous_2)","decl":{"start":{"line":28,"column":29},"end":{"line":28,"column":30}},"loc":{"start":{"line":28,"column":38},"end":{"line":44,"column":5}},"line":28}},"branchMap":{"0":{"loc":{"start":{"line":17,"column":2},"end":{"line":19,"column":3}},"type":"if","locations":[{"start":{"line":17,"column":2},"end":{"line":19,"column":3}},{"start":{},"end":{}}],"line":17},"1":{"loc":{"start":{"line":17,"column":6},"end":{"line":17,"column":74}},"type":"binary-expr","locations":[{"start":{"line":17,"column":6},"end":{"line":17,"column":17}},{"start":{"line":17,"column":21},"end":{"line":17,"column":51}},{"start":{"line":17,"column":55},"end":{"line":17,"column":74}}],"line":17},"2":{"loc":{"start":{"line":24,"column":56},"end":{"line":26,"column":10}},"type":"cond-expr","locations":[{"start":{"line":25,"column":8},"end":{"line":25,"column":10}},{"start":{"line":26,"column":8},"end":{"line":26,"column":10}}],"line":24},"3":{"loc":{"start":{"line":31,"column":6},"end":{"line":43,"column":7}},"type":"if","locations":[{"start":{"line":31,"column":6},"end":{"line":43,"column":7}},{"start":{"line":35,"column":13},"end":{"line":43,"column":7}}],"line":31},"4":{"loc":{"start":{"line":32,"column":8},"end":{"line":34,"column":9}},"type":"if","locations":[{"start":{"line":32,"column":8},"end":{"line":34,"column":9}},{"start":{},"end":{}}],"line":32},"5":{"loc":{"start":{"line":35,"column":13},"end":{"line":43,"column":7}},"type":"if","locations":[{"start":{"line":35,"column":13},"end":{"line":43,"column":7}},{"start":{"line":39,"column":13},"end":{"line":43,"column":7}}],"line":35},"6":{"loc":{"start":{"line":35,"column":17},"end":{"line":35,"column":60}},"type":"binary-expr","locations":[{"start":{"line":35,"column":17},"end":{"line":35,"column":42}},{"start":{"line":35,"column":46},"end":{"line":35,"column":60}}],"line":35},"7":{"loc":{"start":{"line":36,"column":8},"end":{"line":38,"column":9}},"type":"if","locations":[{"start":{"line":36,"column":8},"end":{"line":38,"column":9}},{"start":{},"end":{}}],"line":36},"8":{"loc":{"start":{"line":40,"column":8},"end":{"line":42,"column":9}},"type":"if","locations":[{"start":{"line":40,"column":8},"end":{"line":42,"column":9}},{"start":{},"end":{}}],"line":40},"9":{"loc":{"start":{"line":49,"column":17},"end":{"line":51,"column":16}},"type":"cond-expr","locations":[{"start":{"line":50,"column":6},"end":{"line":50,"column":32}},{"start":{"line":51,"column":6},"end":{"line":51,"column":16}}],"line":49}},"s":{"0":1,"1":2,"2":2,"3":0,"4":2,"5":0,"6":0,"7":0,"8":0,"9":0,"10":0,"11":0,"12":0,"13":0,"14":0,"15":0,"16":0,"17":2,"18":2},"f":{"0":2,"1":0,"2":0},"b":{"0":[0,2],"1":[2,2,2],"2":[0,0],"3":[0,0],"4":[0,0],"5":[0,0],"6":[0,0],"7":[0,0],"8":[0,0],"9":[0,2]},"_coverageSchema":"1a1c01bbd47fc00a2c39e90264f33305004495a9","hash":"bf9c3b2f57c4e7f9623be258ecd89a87812cbd1a"}
,"/Users/landonjohnson/dev-local/workspaces/devlander/utils/src/removeNewLinesFromString.ts": {"path":"/Users/landonjohnson/dev-local/workspaces/devlander/utils/src/removeNewLinesFromString.ts","statementMap":{"0":{"start":{"line":7,"column":40},"end":{"line":8,"column":32}},"1":{"start":{"line":8,"column":2},"end":{"line":8,"column":32}}},"fnMap":{"0":{"name":"(anonymous_0)","decl":{"start":{"line":7,"column":40},"end":{"line":7,"column":41}},"loc":{"start":{"line":8,"column":2},"end":{"line":8,"column":32}},"line":8}},"branchMap":{},"s":{"0":2,"1":4},"f":{"0":4},"b":{},"_coverageSchema":"1a1c01bbd47fc00a2c39e90264f33305004495a9","hash":"25ffb301e5aad7eeef0006d471e9baaa7f22ca99"}
,"/Users/landonjohnson/dev-local/workspaces/devlander/utils/src/removeSpacesFromJson.ts": {"path":"/Users/landonjohnson/dev-local/workspaces/devlander/utils/src/removeSpacesFromJson.ts","statementMap":{"0":{"start":{"line":13,"column":36},"end":{"line":51,"column":1}},"1":{"start":{"line":16,"column":21},"end":{"line":16,"column":38}},"2":{"start":{"line":17,"column":2},"end":{"line":23,"column":3}},"3":{"start":{"line":22,"column":4},"end":{"line":22,"column":42}},"4":{"start":{"line":25,"column":23},"end":{"line":48,"column":3}},"5":{"start":{"line":28,"column":56},"end":{"line":30,"column":10}},"6":{"start":{"line":31,"column":4},"end":{"line":46,"column":6}},"7":{"start":{"line":32,"column":20},"end":{"line":32,"column":38}},"8":{"start":{"line":33,"column":6},"end":{"line":45,"column":7}},"9":{"start":{"line":34,"column":8},"end":{"line":36,"column":9}},"10":{"start":{"line":35,"column":10},"end":{"line":35,"column":53}},"11":{"start":{"line":37,"column":13},"end":{"line":45,"column":7}},"12":{"start":{"line":38,"column":8},"end":{"line":40,"column":9}},"13":{"start":{"line":39,"column":10},"end":{"line":39,"column":70}},"14":{"start":{"line":42,"column":8},"end":{"line":44,"column":9}},"15":{"start":{"line":43,"column":10},"end":{"line":43,"column":29}},"16":{"start":{"line":47,"column":4},"end":{"line":47,"column":17}},"17":{"start":{"line":50,"column":2},"end":{"line":50,"column":60}}},"fnMap":{"0":{"name":"(anonymous_0)","decl":{"start":{"line":13,"column":36},"end":{"line":13,"column":37}},"loc":{"start":{"line":15,"column":30},"end":{"line":51,"column":1}},"line":15},"1":{"name":"(anonymous_1)","decl":{"start":{"line":25,"column":23},"end":{"line":25,"column":24}},"loc":{"start":{"line":27,"column":44},"end":{"line":48,"column":3}},"line":27},"2":{"name":"(anonymous_2)","decl":{"start":{"line":31,"column":29},"end":{"line":31,"column":30}},"loc":{"start":{"line":31,"column":38},"end":{"line":46,"column":5}},"line":31}},"branchMap":{"0":{"loc":{"start":{"line":17,"column":2},"end":{"line":23,"column":3}},"type":"if","locations":[{"start":{"line":17,"column":2},"end":{"line":23,"column":3}},{"start":{},"end":{}}],"line":17},"1":{"loc":{"start":{"line":18,"column":4},"end":{"line":20,"column":23}},"type":"binary-expr","locations":[{"start":{"line":18,"column":4},"end":{"line":18,"column":24}},{"start":{"line":19,"column":4},"end":{"line":19,"column":34}},{"start":{"line":20,"column":4},"end":{"line":20,"column":23}}],"line":18},"2":{"loc":{"start":{"line":28,"column":56},"end":{"line":30,"column":10}},"type":"cond-expr","locations":[{"start":{"line":29,"column":8},"end":{"li
[...]
umn":3}},{"start":{},"end":{}}],"line":23},"3":{"loc":{"start":{"line":23,"column":6},"end":{"line":23,"column":76}},"type":"binary-expr","locations":[{"start":{"line":23,"column":6},"end":{"line":23,"column":38}},{"start":{"line":23,"column":42},"end":{"line":23,"column":76}}],"line":23},"4":{"loc":{"start":{"line":28,"column":15},"end":{"line":28,"column":56}},"type":"cond-expr","locations":[{"start":{"line":28,"column":36},"end":{"line":28,"column":41}},{"start":{"line":28,"column":44},"end":{"line":28,"column":56}}],"line":28},"5":{"loc":{"start":{"line":30,"column":4},"end":{"line":30,"column":77}},"type":"cond-expr","locations":[{"start":{"line":30,"column":55},"end":{"line":30,"column":66}},{"start":{"line":30,"column":69},"end":{"line":30,"column":77}}],"line":30},"6":{"loc":{"start":{"line":30,"column":4},"end":{"line":30,"column":52}},"type":"binary-expr","locations":[{"start":{"line":30,"column":4},"end":{"line":30,"column":15}},{"start":{"line":30,"column":19},"end":{"line":30,"column":52}}],"line":30},"7":{"loc":{"start":{"line":34,"column":6},"end":{"line":41,"column":7}},"type":"if","locations":[{"start":{"line":34,"column":6},"end":{"line":41,"column":7}},{"start":{},"end":{}}],"line":34},"8":{"loc":{"start":{"line":34,"column":10},"end":{"line":34,"column":58}},"type":"binary-expr","locations":[{"start":{"line":34,"column":10},"end":{"line":34,"column":21}},{"start":{"line":34,"column":25},"end":{"line":34,"column":58}}],"line":34},"9":{"loc":{"start":{"line":38,"column":25},"end":{"line":38,"column":76}},"type":"cond-expr","locations":[{"start":{"line":38,"column":46},"end":{"line":38,"column":56}},{"start":{"line":38,"column":59},"end":{"line":38,"column":76}}],"line":38},"10":{"loc":{"start":{"line":39,"column":21},"end":{"line":39,"column":52}},"type":"cond-expr","locations":[{"start":{"line":39,"column":42},"end":{"line":39,"column":46}},{"start":{"line":39,"column":49},"end":{"line":39,"column":52}}],"line":39}},"s":{"0":1,"1":4,"2":1,"3":4,"4":2,"5":4,"6":4,"7":4,"8":4,"9":4,"10":4,"11":1,"12":1,"13":1,"14":1,"15":1,"16":4},"f":{"0":4,"1":0,"2":4,"3":4},"b":{"0":[1,3],"1":[4,2],"2":[2,2],"3":[4,2],"4":[3,1],"5":[1,3],"6":[4,1],"7":[1,3],"8":[4,1],"9":[1,0],"10":[1,0]},"_coverageSchema":"1a1c01bbd47fc00a2c39e90264f33305004495a9","hash":"2002f4e034ae957f6f7a7611b75ed81b8f2661fc"}
,"/Users/landonjohnson/dev-local/workspaces/devlander/utils/src/wrapFunctionWithOptionalArgs.ts": {"path":"/Users/landonjohnson/dev-local/workspaces/devlander/utils/src/wrapFunctionWithOptionalArgs.ts","statementMap":{"0":{"start":{"line":15,"column":44},"end":{"line":24,"column":1}},"1":{"start":{"line":18,"column":2},"end":{"line":23,"column":3}},"2":{"start":{"line":19,"column":25},"end":{"line":19,"column":58}},"3":{"start":{"line":20,"column":25},"end":{"line":20,"column":57}},"4":{"start":{"line":21,"column":38},"end":{"line":21,"column":69}},"5":{"start":{"line":22,"column":4},"end":{"line":22,"column":23}}},"fnMap":{"0":{"name":"(anonymous_0)","decl":{"start":{"line":15,"column":44},"end":{"line":15,"column":45}},"loc":{"start":{"line":17,"column":5},"end":{"line":24,"column":1}},"line":17},"1":{"name":"(anonymous_1)","decl":{"start":{"line":18,"column":9},"end":{"line":18,"column":10}},"loc":{"start":{"line":18,"column":44},"end":{"line":23,"column":3}},"line":18}},"branchMap":{},"s":{"0":1,"1":3,"2":3,"3":3,"4":3,"5":3},"f":{"0":3,"1":3},"b":{},"_coverageSchema":"1a1c01bbd47fc00a2c39e90264f33305004495a9","hash":"5880d4c5ac29c57023575c0c3873c97d5a8fc6b6"}
,"/Users/landonjohnson/dev-local/workspaces/devlander/utils/src/logFormattedPhrases/applyFormatters.ts": {"path":"/Users/landonjohnson/dev-local/workspaces/devlander/utils/src/logFormattedPhrases/applyFormatters.ts","statementMap":{"0":{"start":{"line":11,"column":31},"end":{"line":91,"column":1}},"1":{"start":{"line":15,"column":2},"end":{"line":17,"column":3}},"2":{"start":{"line":16,"column":4},"end":{"line":16,"column":13}},"3":{"start":{"line":18,"column":44},"end":{"line":18,"column":46}},"4":{"start":{"line":21,"column":31},"end":{"line":27,"column":3}},"5":{"start":{"line":28,"column":28},"end":{"line":28,"column":45}},"6":{"start":{"line":30,"column":51},"end":{"line":41,"column":3}},"7":{"start":{"line":43,"column":2},"end":{"line":88,"column":3}},"8":{"start":{"line":44,"column":4},"end":{"line":87,"column":6}},"9":{"start":{"line":45,"column":36},"end":{"line":45,"column":41}},"10":{"start":{"line":46,"column":28},"end":{"line":46,"column":68}},"11":{"start":{"line":49,"column":6},"end":{"line":49,"column":44}},"12":{"start":{"line":49,"column":38},"end":{"line":49,"column":44}},"13":{"start":{"line":51,"column":6},"end":{"line":86,"column":7}},"14":{"start":{"line":53,"column":40},"end":{"line":53,"column":50}},"15":{"start":{"line":55,"column":8},"end":{"line":65,"column":9}},"16":{"start":{"line":57,"column":10},"end":{"line":57,"column":77}},"17":{"start":{"line":59,"column":27},"end":{"line":59,"column":79}},"18":{"start":{"line":61,"column":10},"end":{"line":61,"column":62}},"19":{"start":{"line":64,"column":10},"end":{"line":64,"column":48}},"20":{"start":{"line":67,"column":8},"end":{"line":67,"column":62}},"21":{"start":{"line":68,"column":8},"end":{"line":68,"column":72}},"22":{"start":{"line":69,"column":8},"end":{"line":69,"column":70}},"23":{"start":{"line":71,"column":8},"end":{"line":75,"column":10}},"24":{"start":{"line":76,"column":13},"end":{"line":86,"column":7}},"25":{"start":{"line":78,"column":30},"end":{"line":78,"column":78}},"26":{"start":{"line":79,"column":8},"end":{"line":85,"column":9}},"27":{"start":{"line":80,"column":10},"end":{"line":84,"column":12}},"28":{"start":{"line":90,"column":2},"end":{"line":90,"column":22}}},"fnMap":{"0":{"name":"(anonymous_0)","decl":{"start":{"line":11,"column":31},"end":{"line":11,"column":32}},"loc":{"start":{"line":14,"column":25},"end":{"line":91,"column":1}},"line":14},"1":{"name":"(anonymous_1)","decl":{"start":{"line":44,"column":23},"end":{"line":44,"column":24}},"loc":{"start":{"line":44,"column":34},"end":{"line":87,"column":5}},"line":44}},"branchMap":{"0":{"loc":{"start":{"line":15,"column":2},"end":{"line":17,"column":3}},"type":"if","locations":[{"start":{"line":15,"column":2},"end":{"line":17,"column":3}},{"start":{},"end":{}}],"line":15},"1":{"loc":{"start":{"line":15,"column":6},"end":{"line":15,"column":77}},"type":"binary-expr","locations":[{"start":{"line":15,"column":6},"end":{"line":15,"column":39}},{"start":{"line":15,"column":43},"end":{"line":15,"column":62}},{"start":{"line":15,"column":66},"end":{"line":15,"column":77}}],"line":15},"2":{"loc":{"start":{"line":43,"column":2},"end":{"line":88,"column":3}},"type":"if","locations":[{"start":{"line":43,"column":2},"end":{"line":88,"column":3}},{"start":{},"end":{}}],"line":43},"3":{"loc":{"start":{"line":43,"column":6},"end":{"line":43,"column":70}},"type":"binary-expr","locations":[{"start":{"line":43,"column":6},"end":{"line":43,"column":16}},{"start":{"line":43,"column":20},"end":{"line":43,"column":45}},{"start":{"line":43,"column":49},"end":{"line":43,"column":70}}],"line":43},"4":{"loc":{"start":{"line":49,"column":6},"end":{"line":49,"column":44}},"type":"if","locations":[{"start":{"line":49,"column":6},"end":{"line":49,"column":44}},{"start":{},"end":{}}],"line":49},"5":{"loc":{"start":{"line":49,"column":10},"end":{"line":49,"column":36}},"type":"binary-expr","locations":[{"start":{"line":49,"column":10},"end":{"line":49,"column":18}},{"start":{"line":49,"column":22},"end":{"line":49,"column":36}}],"line":49},"6":{"loc":{"start":{"line":51,"column":6},"end":{"line":86,"column":7}},"type":"if","locations":[{"start":{"line":51,"column":6},"end":{"line":86,"column":7}},{"start":{"line":76,"column":13},"end":{"line":86,"column":7}}],"line":51},"7":{"loc":{"start":{"line":55,"column":8},"end":{"line":65,"column":9}},"type":"if","locations":[{"start":{"line":55,"column":8},"end":{"line":65,"column":9}},{"start":{"line":58,"column":15},"end":{"line":65,"column":9}}],"line":55},"8":{"loc":{"start":{"line":76,"column":13},"end":{"line":86,"column":7}},"type":"if","locations":[{"start":{"line":76,"column":13},"end":{"line":86,"column":7}},{"start":{},"end":{}}],"line":76},"9":{"loc":{"start":{"line":79,"column":8},"end":{"line":85,"column":9}},"type":"if","locations":[{"start":{"line":79,"column":8},"end":{"line":85,"column":9}},{"start":{},"end":{}}],"line":79}},"s":{"0":3,"1":4,"2":0,"3":4,"4":4,"5":4,"6":4,"7":4,"8":3,"9":21,"10":21,"11":21,"12":17,"13":4,"14":4,"15":4,"16":2,"17":2,"18":2,"19":2,"20":4,"21":4,"22":4,"23":4,"24":0,"25":0,"26":0,"27":0,"28":4},"f":{"0":4,"1":21},"b":{"0":[0,4],"1":[4,4,4],"2":[3,1],"3":[4,4,3],"4":[17,4],"5":[21,21],"6":[4,0],"7":[2,2],"8":[0,0],"9":[0,0]},"_coverageSchema":"1a1c01bbd47fc00a2c39e90264f33305004495a9","hash":"c995c9fba2e94565b1ae38c2d1c85d05fac5e126"}
,"/Users/landonjohnson/dev-local/workspaces/devlander/utils/src/logFormattedPhrases/formatPhrase.ts": {"path":"/Users/landonjohnson/dev-local/workspaces/devlander/utils/src/logFormattedPhrases/formatPhrase.ts","statementMap":{"0":{"start":{"line":5,"column":28},"end":{"line":67,"column":1}},"1":{"start":{"line":11,"column":2},"end":{"line":66,"column":3}},"2":{"start":{"line":12,"column":4},"end":{"line":12,"column":41}},"3":{"start":{"line":13,"column":4},"end":{"line":19,"column":5}},"4":{"start":{"line":18,"column":6},"end":{"line":18,"column":12}},"5":{"start":{"line":21,"column":26},"end":{"line":21,"column":56}},"6":{"start":{"line":22,"column":21},"end":{"line":22,"column":32}},"7":{"start":{"line":24,"column":30},"end":{"line":26,"column":17}},"8":{"start":{"line":27,"column":31},"end":{"line":29,"column":17}},"9":{"start":{"line":32,"column":6},"end":{"line":38,"column":17}},"10":{"start":{"line":40,"column":4},"end":{"line":52,"column":5}},"11":{"start":{"line":41,"column":6},"end":{"line":44,"column":7}},"12":{"start":{"line":42,"column":30},"end":{"line":42,"column":40}},"13":{"start":{"line":43,"column":8},"end":{"line":43,"column":42}},"14":{"start":{"line":45,"column":6},"end":{"line":51,"column":7}},"15":{"start":{"line":50,"column":8},"end":{"line":50,"column":31}},"16":{"start":{"line":53,"column":19},"end":{"line":56,"column":5}},"17":{"start":{"line":55,"column":58},"end":{"line":55,"column":72}},"18":{"start":{"line":58,"column":4},"end":{"line":58,"column":49}},"19":{"start":{"line":60,"column":4},"end":{"line":63,"column":5}},"20":{"start":{"line":61,"column":6},"end":{"line":61,"column":29}},"21":{"start":{"line":62,"column":6},"end":{"line":62,"column":19}},"22":{"start":{"line":65,"column":4},"end":{"line":65,"column":30}}},"fnMap":{"0":{"name":"(anonymous_0)","decl":{"start":{"line":5,"column":28},"end":{"line":5,"column":29}},"loc":{"start":{"line":10,"column":5},"end":{"line":67,"column":1}},"line":10},"1":{"name":"(anonymous_1)","decl":{"start":{"line":55,"column":43},"end":{"line":55,"column":44}},"loc":{"start":{"line":55,"column":58},"end":{"line":55,"column":72}},"line":55}},"branchMap":{"0":{"loc":{"start":{"line":13,"column":4},"end":{"line":19,"column":5}},"type":"if","locations":[{"start":{"line":13,"column":4},"end":{"line":19,"column":5}},{"start":{},"end":{}}],"line":13},"1":{"loc":{"start":{"line":14,"column":6},"end":{"line":16,"column":28}},"type":"binary-expr","locations":[{"start":{"line":14,"column":6},"end":{"line":14,"column":33}},{"start":{"line":15,"column":6},"end":{"line":15,"column":19}},{"start":{"line":16,"column":7},"end":{"line":16,"column":11}},{"start":{"line":16,"column":15},"end":{"line":16,"column":27}}],"line":14},"2":{"loc":{"start":{"line":24,"column":30},"end":{"line":26,"column":17}},"type":"cond-expr","locations":[{"start":{"line":25,"column":8},"end":{"line":25,"column":34}},{"start":{"line":26,"column":8},"end":{"line":26,"column":17}}],"line":24},"3":{"loc":{"start":{"line":27,"column":31},"end":{"line":29,"column":17}},"type":"cond-expr","locations":[{"start":{"line":28,"column":8},"end":{"line":28,"column":31}},{"start":{"line":29,"column":8},"end":{"line":29,"column":17}}],"line":27},"4":{"loc":{"start":{"line":32,"column":6},"end":{"line":38,"column":17}},"type":"cond-expr","locations":[{"start":{"line":35,"column":10},"end":{"line":35,"column":14}},{"start":{"line":36,"column":10},"end":{"line":38,"column":17}}],"line":32},"5":{"loc":{"start":{"line":32,"column":6},"end":{"line":34,"column":52}},"type":"binary-expr","locations":[{"start":{"line":32,"column":6},"end":{"line":32,"column":24}},{"start":{"line":33,"column":6},"end":{"line":33,"column":23}},{"start":{"line":34,"column":6},"end":{"line":34,"column":52}}],"line":32},"6":{"loc":{"start":{"line":36,"column":10},"end":{"line":38,"column":17}},"type":"cond-expr","locations":[{"start":{"line":37,"column":12},"end":{"line":37,"column":16}},{"start":{"line":38,"column":12},"end":{"line":38,"column":17}}],"line":36},"7":{"loc":{"start":{"line":36,"column":10},"end":{"line":36,"column":51}},"type":"binary-expr","locations":[{"start":{"line":36,"column":10},"end":{"line":36,"column":29}},{"start":{"line":36,"column":33},"end":{"line":36,"column":51}}],"line":36},"8":{"loc":{"start":{"line":41,"column":6},"end":{"line":44,"column":7}},"type":"if","locations":[{"start":{"line":41,"column":6},"end":{"line":44,"column":7}},{"start":{},"end":{}}],"line":41},"9":{"loc":{"start":{"line":45,"column":6},"end":{"line":51,"column":7}},"type":"if","locations":[{"start":{"line":45,"column":6},"end":{"line":51,"column":7}},{"start":{},"end":{}}],"line":45},"10":{"loc":{"start":{"line":46,"column":8},"end":{"line":48,"column":38}},"type":"binary-expr","locations":[{"start":{"line":46,"column":8},"end":{"line":46,"column":39}},{"start":{"line":47,"column":8},"end":{"line":47,"column":46}},{"start":{"line":48,"column":8},"end":{"line":48,"column":38}}],"line":46},"11":{"loc":{"start":{"line":60,"column":4},"end":{"line":63,"column":5}},"type":"if","locations":[{"start":{"line":60,"column":4},"end":{"line":63,"column":5}},{"start":{},"end":{}}],"line":60}},"s":{"0":1,"1":2,"2":2,"3":2,"4":0,"5":2,"6":2,"7":2,"8":2,"9":2,"10":2,"11":2,"12":2,"13":2,"14":2,"15":2,"16":2,"17":2,"18":2,"19":2,"20":2,"21":2,"22":0},"f":{"0":2,"1":2},"b":{"0":[0,2],"1":[2,2,2,2],"2":[0,2],"3":[0,2],"4":[0,2],"5":[2,0,0],"6":[2,0],"7":[2,2],"8":[2,0],"9":[2,0],"10":[2,0,0],"11":[2,0]},"_coverageSchema":"1a1c01bbd47fc00a2c39e90264f33305004495a9","hash":"6cbaf05ae0f7d3d82d8f4a476bea730d2e14fc20"}
,"/Users/landonjohnson/dev-local/workspaces/devlander/utils/src/logFormattedPhrases/getPhraseBackground.ts": {"path":"/Users/landonjohnson/dev-local/workspaces/devlander/utils/src/logFormattedPhrases/getPhraseBackground.ts","statementMap":{"0":{"start":{"line":5,"column":35},"end":{"line":19,"column":1}},"1":{"start":{"line":6,"column":49},"end":{"line":15,"column":3}},"2":{"start":{"line":17,"column":38},"end":{"line":17,"column":69}},"3":{"start":{"line":18,"column":2},"end":{"line":18,"column":25}}},"fnMap":{"0":{"name":"(anonymous_0)","decl":{"start":{"line":5,"column":35},"end":{"line":5,"column":36}},"loc":{"start":{"line":5,"column":71},"end":{"line":19,"column":1}},"line":5}},"branchMap":{"0":{"loc":{"start":{"line":17,"column":38},"end":{"line":17,"column":69}},"type":"binary-expr","locations":[{"start":{"line":17,"column":38},"end":{"line":17,"column":53}},{"start":{"line":17,"column":57},"end":{"line":17,"column":69}}],"line":17}},"s":{"0":4,"1":4,"2":4,"3":4},"f":{"0":4},"b":{"0":[4,1]},"_coverageSchema":"1a1c01bbd47fc00a2c39e90264f33305004495a9","hash":"21140be5f414c0d7951032d0a5244926db29438d"}
,"/Users/landonjohnson/dev-local/workspaces/devlander/utils/src/logFormattedPhrases/getPhraseStylesFromOrder.ts": {"path":"/Users/landonjohnson/dev-local/workspaces/devlander/utils/src/logFormattedPhrases/getPhraseStylesFromOrder.ts","statementMap":{"0":{"start":{"line":14,"column":53},"end":{"line":22,"column":1}},"1":{"start":{"line":29,"column":40},"end":{"line":81,"column":1}},"2":{"start":{"line":32,"column":2},"end":{"line":35,"column":3}},"3":{"start":{"line":36,"column":2},"end":{"line":40,"column":3}},"4":{"start":{"line":37,"column":4},"end":{"line":37,"column":48}},"5":{"start":{"line":39,"column":4},"end":{"line":39,"column":74}},"6":{"start":{"line":42,"column":2},"end":{"line":48,"column":3}},"7":{"start":{"line":47,"column":4},"end":{"line":47,"column":72}},"8":{"start":{"line":50,"column":2},"end":{"line":53,"column":3}},"9":{"start":{"line":51,"column":4},"end":{"line":51,"column":51}},"10":{"start":{"line":52,"column":4},"end":{"line":52,"column":13}},"11":{"start":{"line":57,"column":4},"end":{"line":64,"column":26}},"12":{"start":{"line":66,"column":28},"end":{"line":66,"column":68}},"13":{"start":{"line":68,"column":2},"end":{"line":77,"column":3}},"14":{"start":{"line":73,"column":4},"end":{"line":76,"column":5}},"15":{"start":{"line":80,"column":2},"end":{"line":80,"column":26}}},"fnMap":{"0":{"name":"(anonymous_0)","decl":{"start":{"line":29,"column":40},"end":{"line":29,"column":41}},"loc":{"start":{"line":31,"column":25},"end":{"line":81,"column":1}},"line":31}},"branchMap":{"0":{"loc":{"start":{"line":36,"column":2},"end":{"line":40,"column":3}},"type":"if","locations":[{"start":{"line":36,"column":2},"end":{"line":40,"column":3}},{"start":{"line":38,"column":9},"end":{"line":40,"column":3}}],"line":36},"1":{"loc":{"start":{"line":36,"column":6},"end":{"line":36,"column":55}},"type":"binary-expr","locations":[{"start":{"line":36,"column":6},"end":{"line":36,"column":10}},{"start":{"line":36,"column":14},"end":{"line":36,"column":27}},{"start":{"line":36,"column":31},"end":{"line":36,"column":55}}],"line":36},"2":{"loc":{"start":{"line":42,"column":2},"end":{"line":48,"column":3}},"type":"if","locations":[{"start":{"line":42,"column":2},"end":{"line":48,"column":3}},{"start":{},"end":{}}],"line":42},"3":{"loc":{"start":{"line":43,"column":4},"end":{"line":45,"column":34}},"type":"binary-expr","locations":[{"start":{"line":43,"column":4},"end":{"line":43,"column":35}},{"start":{"line":44,"column":4},"end":{"line":44,"column":42}},{"start":{"line":45,"column":4},"end":{"line":45,"column":34}}],"line":43},"4":{"loc":{"start":{"line":50,"column":2},"end":{"line":53,"column":3}},"type":"if","locations":[{"start":{"line":50,"column":2},"end":{"line":53,"column":3}},{"start":{},"end":{}}],"line":50},"5":{"loc":{"start":{"line":50,"column":6},"end":{"line":50,"column":28}},"type":"binary-expr","locations":[{"start":{"line":50,"column":6},"end":{"line":50,"column":11}},{"start":{"line":50,"column":15},"end":{"line":50,"column":28}}],"line":50},"6":{"loc":{"start":{"line":57,"column":4},"end":{"line":64,"column":26}},"type":"cond-expr","locations":[{"start":{"line":60,"column":9},"end":{"line":63,"column":30}},{"start":{"line":64,"column":8},"end":{"line":64,"column":26}}],"line":57},"7":{"loc":{"start":{"line":57,"column":4},"end":{"line":59,"column":42}},"type":"binary-expr","locations":[{"start":{"line":57,"column":4},"end":{"line":57,"column":8}},{"start":{"line":58,"column":4},"end":{"line":58,"column":37}},{"start":{"line":59,"column":4},"end":{"line":59,"column":42}}],"line":57},"8":{"loc":{"start":{"line":68,"column":2},"end":{"line":77,"column":3}},"type":"if","locations":[{"start":{"line":68,"column":2},"end":{"line":77,"column":3}},{"start":{},"end":{}}],"line":68},"9":{"loc":{"start":{"line":69,"column":4},"end":{"line":71,"column":34}},"type":"binary-expr","locations":[{"start":{"line":69,"column":4},"end":{"line":69,"column":35}},{"start":{"line":70,"column":4},"end":{"line":70,"column":42}},{"start":{"line":71,"column":4},"end":{"line":71,"column":34}}],"line":69}},"s":{"0":3,"1":3,"2":3,"3":3,"4":0,"5":3,"6":3,"7":3,"8":3,"9":0,"10":0,"11":3,"12":3,"13":3,"14":3,"15":3},"f":{"0":3},"b":{"0":[0,3],"1":[3,3,0],"2":[3,0],"3":[3,0,0],"4":[0,3],"5":[3,3],"6":[1,2],"7":[3,3,1],"8":[3,0],"9":[3,0,0]},"_coverageSchema":"1a1c01bbd47fc00a2c39e90264f33305004495a9","hash":"7797c7f7bcb923faf09c69b00f7203ac8db797a6"}
}
