{"/Users/landonjohnson/dev-local/workplaces/devlander/utils/src/abbreviateNumber.ts": {"path":"/Users/landonjohnson/dev-local/workplaces/devlander/utils/src/abbreviateNumber.ts","statementMap":{"0":{"start":{"line":63,"column":32},"end":{"line":127,"column":1}},"1":{"start":{"line":67,"column":45},"end":{"line":75,"column":3}},"2":{"start":{"line":78,"column":2},"end":{"line":80,"column":3}},"3":{"start":{"line":79,"column":4},"end":{"line":79,"column":14}},"4":{"start":{"line":83,"column":14},"end":{"line":83,"column":67}},"5":{"start":{"line":86,"column":2},"end":{"line":88,"column":3}},"6":{"start":{"line":87,"column":4},"end":{"line":87,"column":27}},"7":{"start":{"line":91,"column":15},"end":{"line":91,"column":50}},"8":{"start":{"line":94,"column":2},"end":{"line":94,"column":40}},"9":{"start":{"line":94,"column":18},"end":{"line":94,"column":40}},"10":{"start":{"line":97,"column":39},"end":{"line":97,"column":53}},"11":{"start":{"line":98,"column":16},"end":{"line":98,"column":38}},"12":{"start":{"line":101,"column":15},"end":{"line":101,"column":26}},"13":{"start":{"line":104,"column":2},"end":{"line":117,"column":3}},"14":{"start":{"line":105,"column":4},"end":{"line":116,"column":5}},"15":{"start":{"line":107,"column":8},"end":{"line":107,"column":45}},"16":{"start":{"line":108,"column":8},"end":{"line":108,"column":14}},"17":{"start":{"line":110,"column":8},"end":{"line":110,"column":46}},"18":{"start":{"line":111,"column":8},"end":{"line":111,"column":14}},"19":{"start":{"line":115,"column":8},"end":{"line":115,"column":14}},"20":{"start":{"line":120,"column":2},"end":{"line":124,"column":3}},"21":{"start":{"line":121,"column":4},"end":{"line":121,"column":60}},"22":{"start":{"line":122,"column":9},"end":{"line":124,"column":3}},"23":{"start":{"line":123,"column":4},"end":{"line":123,"column":60}},"24":{"start":{"line":126,"column":2},"end":{"line":126,"column":36}}},"fnMap":{"0":{"name":"(anonymous_0)","decl":{"start":{"line":63,"column":32},"end":{"line":63,"column":33}},"loc":{"start":{"line":66,"column":13},"end":{"line":127,"column":1}},"line":66}},"branchMap":{"0":{"loc":{"start":{"line":78,"column":2},"end":{"line":80,"column":3}},"type":"if","locations":[{"start":{"line":78,"column":2},"end":{"line":80,"column":3}},{"start":{},"end":{}}],"line":78},"1":{"loc":{"start":{"line":83,"column":14},"end":{"line":83,"column":67}},"type":"cond-expr","locations":[{"start":{"line":83,"column":42},"end":{"line":83,"column":59}},{"start":{"line":83,"column":62},"end":{"line":83,"column":67}}],"line":83},"2":{"loc":{"start":{"line":86,"column":2},"end":{"line":88,"column":3}},"type":"if","locations":[{"start":{"line":86,"column":2},"end":{"line":88,"column":3}},{"start":{},"end":{}}],"line":86},"3":{"loc":{"start":{"line":94,"column":2},"end":{"line":94,"column":40}},"type":"if","locations":[{"start":{"line":94,"column":2},"end":{"line":94,"column":40}},{"start":{},"end":{}}],"line":94},"4":{"loc":{"start":{"line":104,"column":2},"end":{"line":117,"column":3}},"type":"if","locations":[{"start":{"line":104,"column":2},"end":{"line":117,"column":3}},{"start":{},"end":{}}],"line":104},"5":{"loc":{"start":{"line":105,"column":4},"end":{"line":116,"column":5}},"type":"switch","locations":[{"start":{"line":106,"column":6},"end":{"line":108,"column":14}},{"start":{"line":109,"column":6},"end":{"line":111,"column":14}},{"start":{"line":112,"column":6},"end":{"line":112,"column":18}},{"start":{"line":113,"column":6},"end":{"line":115,"column":14}}],"line":105},"6":{"loc":{"start":{"line":120,"column":2},"end":{"line":124,"column":3}},"type":"if","locations":[{"start":{"line":120,"column":2},"end":{"line":124,"column":3}},{"start":{"line":122,"column":9},"end":{"line":124,"column":3}}],"line":120},"7":{"loc":{"start":{"line":122,"column":9},"end":{"line":124,"column":3}},"type":"if","locations":[{"start":{"line":122,"column":9},"end":{"line":124,"column":3}},{"start":{},"end":{}}],"line":122}},"s":{"0":1,"1":16,"2":16,"3":1,"4":15,"5":15,"6":1,"7":14,"8":14,"9":1,"10":13,"11":13,"12":13,"13":13,"14":3,"15":1,"16":1,"17":1,"18":1,"19":1,"20":13,"21":1,"22":12,"23":7,"24":13},"f":{"0":16},"b":{"0":[1,15],"1":[2,13],"2":[1,14],"3":[1,13],"4":[3,10],"5":[1,1,1,1],"6":[1,12],"7":[7,5]},"_coverageSchema":"1a1c01bbd47fc00a2c39e90264f33305004495a9","hash":"a538354fec8a5b2cc94c295e52b43cad5c2b8cbc"}
,"/Users/landonjohnson/dev-local/workplaces/devlander/utils/src/bind.ts": {"path":"/Users/landonjohnson/dev-local/workplaces/devlander/utils/src/bind.ts","statementMap":{"0":{"start":{"line":14,"column":2},"end":{"line":16,"column":4}},"1":{"start":{"line":15,"column":4},"end":{"line":15,"column":69}}},"fnMap":{"0":{"name":"bind","decl":{"start":{"line":10,"column":16},"end":{"line":10,"column":20}},"loc":{"start":{"line":13,"column":45},"end":{"line":17,"column":1}},"line":13},"1":{"name":"wrap","decl":{"start":{"line":14,"column":18},"end":{"line":14,"column":22}},"loc":{"start":{"line":14,"column":62},"end":{"line":16,"column":3}},"line":14}},"branchMap":{},"s":{"0":2,"1":2},"f":{"0":2,"1":2},"b":{},"_coverageSchema":"1a1c01bbd47fc00a2c39e90264f33305004495a9","hash":"9e39d03ff247c31a2df7eb974b0ec760f8f2b256"}
,"/Users/landonjohnson/dev-local/workplaces/devlander/utils/src/calculatePercentage.ts": {"path":"/Users/landonjohnson/dev-local/workplaces/devlander/utils/src/calculatePercentage.ts","statementMap":{"0":{"start":{"line":15,"column":2},"end":{"line":17,"column":3}},"1":{"start":{"line":16,"column":4},"end":{"line":16,"column":79}},"2":{"start":{"line":19,"column":21},"end":{"line":19,"column":44}},"3":{"start":{"line":20,"column":2},"end":{"line":20,"column":56}}},"fnMap":{"0":{"name":"calculatePercentage","decl":{"start":{"line":10,"column":16},"end":{"line":10,"column":35}},"loc":{"start":{"line":14,"column":10},"end":{"line":21,"column":1}},"line":14}},"branchMap":{"0":{"loc":{"start":{"line":13,"column":2},"end":{"line":13,"column":27}},"type":"default-arg","locations":[{"start":{"line":13,"column":22},"end":{"line":13,"column":27}}],"line":13},"1":{"loc":{"start":{"line":15,"column":2},"end":{"line":17,"column":3}},"type":"if","locations":[{"start":{"line":15,"column":2},"end":{"line":17,"column":3}},{"start":{},"end":{}}],"line":15},"2":{"loc":{"start":{"line":15,"column":6},"end":{"line":15,"column":77}},"type":"binary-expr","locations":[{"start":{"line":15,"column":6},"end":{"line":15,"column":33}},{"start":{"line":15,"column":37},"end":{"line":15,"column":62}},{"start":{"line":15,"column":66},"end":{"line":15,"column":77}}],"line":15},"3":{"loc":{"start":{"line":20,"column":9},"end":{"line":20,"column":55}},"type":"cond-expr","locations":[{"start":{"line":20,"column":20},"end":{"line":20,"column":42}},{"start":{"line":20,"column":45},"end":{"line":20,"column":55}}],"line":20}},"s":{"0":6,"1":2,"2":4,"3":4},"f":{"0":6},"b":{"0":[4],"1":[2,4],"2":[6,5,5],"3":[1,3]},"_coverageSchema":"1a1c01bbd47fc00a2c39e90264f33305004495a9","hash":"b92be8395a5e8b0fc0407917cb78e2d8bffb7a4a"}
,"/Users/landonjohnson/dev-local/workplaces/devlander/utils/src/composeLabelFromParts.ts": {"path":"/Users/landonjohnson/dev-local/workplaces/devlander/utils/src/composeLabelFromParts.ts","statementMap":{"0":{"start":{"line":87,"column":37},"end":{"line":126,"column":1}},"1":{"start":{"line":94,"column":2},"end":{"line":96,"column":3}},"2":{"start":{"line":95,"column":4},"end":{"line":95,"column":14}},"3":{"start":{"line":100,"column":4},"end":{"line":102,"column":25}},"4":{"start":{"line":104,"column":4},"end":{"line":106,"column":28}},"5":{"start":{"line":108,"column":4},"end":{"line":109,"column":19}},"6":{"start":{"line":112,"column":2},"end":{"line":114,"column":3}},"7":{"start":{"line":113,"column":4},"end":{"line":113,"column":52}},"8":{"start":{"line":117,"column":16},"end":{"line":123,"column":15}},"9":{"start":{"line":119,"column":25},"end":{"line":119,"column":51}},"10":{"start":{"line":120,"column":23},"end":{"line":120,"column":37}},"11":{"start":{"line":121,"column":6},"end":{"line":121,"column":66}},"12":{"start":{"line":125,"column":2},"end":{"line":125,"column":39}}},"fnMap":{"0":{"name":"(anonymous_0)","decl":{"start":{"line":87,"column":37},"end":{"line":87,"column":38}},"loc":{"start":{"line":93,"column":41},"end":{"line":126,"column":1}},"line":93},"1":{"name":"(anonymous_1)","decl":{"start":{"line":118,"column":9},"end":{"line":118,"column":10}},"loc":{"start":{"line":118,"column":26},"end":{"line":122,"column":5}},"line":118}},"branchMap":{"0":{"loc":{"start":{"line":90,"column":2},"end":{"line":90,"column":47}},"type":"default-arg","locations":[{"start":{"line":90,"column":21},"end":{"line":90,"column":47}}],"line":90},"1":{"loc":{"start":{"line":91,"column":2},"end":{"line":91,"column":60}},"type":"default-arg","locations":[{"start":{"line":91,"column":24},"end":{"line":91,"column":60}}],"line":91},"2":{"loc":{"start":{"line":92,"column":2},"end":{"line":92,"column":39}},"type":"default-arg","locations":[{"start":{"line":92,"column":20},"end":{"line":92,"column":39}}],"line":92},"3":{"loc":{"start":{"line":94,"column":2},"end":{"line":96,"column":3}},"type":"if","locations":[{"start":{"line":94,"column":2},"end":{"line":96,"column":3}},{"start":{},"end":{}}],"line":94},"4":{"loc":{"start":{"line":94,"column":6},"end":{"line":94,"column":34}},"type":"binary-expr","locations":[{"start":{"line":94,"column":6},"end":{"line":94,"column":12}},{"start":{"line":94,"column":16},"end":{"line":94,"column":34}}],"line":94},"5":{"loc":{"start":{"line":100,"column":4},"end":{"line":102,"column":25}},"type":"binary-expr","locations":[{"start":{"line":100,"column":4},"end":{"line":102,"column":5}},{"start":{"line":102,"column":9},"end":{"line":102,"column":25}}],"line":100},"6":{"loc":{"start":{"line":104,"column":4},"end":{"line":106,"column":28}},"type":"binary-expr","locations":[{"start":{"line":104,"column":4},"end":{"line":106,"column":5}},{"start":{"line":106,"column":9},"end":{"line":106,"column":28}}],"line":104},"7":{"loc":{"start":{"line":108,"column":4},"end":{"line":109,"column":19}},"type":"binary-expr","locations":[{"start":{"line":108,"column":4},"end":{"line":108,"column":68}},{"start":{"line":109,"column":4},"end":{"line":109,"column":19}}],"line":108},"8":{"loc":{"start":{"line":112,"column":2},"end":{"line":114,"column":3}},"type":"if","locations":[{"start":{"line":112,"column":2},"end":{"line":114,"column":3}},{"start":{},"end":{}}],"line":112},"9":{"loc":{"start":{"line":121,"column":13},"end":{"line":121,"column":65}},"type":"cond-expr","locations":[{"start":{"line":121,"column":26},"end":{"line":121,"column":54}},{"start":{"line":121,"column":57},"end":{"line":121,"column":65}}],"line":121}},"s":{"0":1,"1":7,"2":1,"3":6,"4":6,"5":6,"6":6,"7":3,"8":3,"9":9,"10":9,"11":9,"12":3},"f":{"0":7,"1":9},"b":{"0":[5],"1":[5],"2":[5],"3":[1,6],"4":[7,7],"5":[6,1],"6":[6,5],"7":[6,5],"8":[3,3],"9":[3,6]},"_coverageSchema":"1a1c01bbd47fc00a2c39e90264f33305004495a9","hash":"74e272217f223b1733b93702bb29741e91a98c8d"}
,"/Users/landonjohnson/dev-local/workplaces/devlander/utils/src/convertVideoTimeStampToSeconds.ts": {"path":"/Users/landonjohnson/dev-local/workplaces/devlander/utils/src/convertVideoTimeStampToSeconds.ts","statementMap":{"0":{"start":{"line":8,"column":26},"end":{"line":8,"column":46}},"1":{"start":{"line":10,"column":2},"end":{"line":12,"column":3}},"2":{"start":{"line":11,"column":4},"end":{"line":11,"column":77}},"3":{"start":{"line":14,"column":16},"end":{"line":14,"column":38}},"4":{"start":{"line":15,"column":18},"end":{"line":15,"column":40}},"5":{"start":{"line":16,"column":18},"end":{"line":16,"column":40}},"6":{"start":{"line":18,"column":2},"end":{"line":20,"column":3}},"7":{"start":{"line":19,"column":4},"end":{"line":19,"column":77}},"8":{"start":{"line":22,"column":2},"end":{"line":24,"column":3}},"9":{"start":{"line":23,"column":4},"end":{"line":23,"column":75}},"10":{"start":{"line":26,"column":2},"end":{"line":26,"column":47}}},"fnMap":{"0":{"name":"convertVideoTimeStampToSeconds","decl":{"start":{"line":7,"column":16},"end":{"line":7,"column":46}},"loc":{"start":{"line":7,"column":74},"end":{"line":27,"column":1}},"line":7}},"branchMap":{"0":{"loc":{"start":{"line":10,"column":2},"end":{"line":12,"column":3}},"type":"if","locations":[{"start":{"line":10,"column":2},"end":{"line":12,"column":3}},{"start":{},"end":{}}],"line":10},"1":{"loc":{"start":{"line":18,"column":2},"end":{"line":20,"column":3}},"type":"if","locations":[{"start":{"line":18,"column":2},"end":{"line":20,"column":3}},{"start":{},"end":{}}],"line":18},"2":{"loc":{"start":{"line":18,"column":6},"end":{"line":18,"column":54}},"type":"binary-expr","locations":[{"start":{"line":18,"column":6},"end":{"line":18,"column":18}},{"start":{"line":18,"column":22},"end":{"line":18,"column":36}},{"start":{"line":18,"column":40},"end":{"line":18,"column":54}}],"line":18},"3":{"loc":{"start":{"line":22,"column":2},"end":{"line":24,"column":3}},"type":"if","locations":[{"start":{"line":22,"column":2},"end":{"line":24,"column":3}},{"start":{},"end":{}}],"line":22},"4":{"loc":{"start":{"line":22,"column":6},"end":{"line":22,"column":45}},"type":"binary-expr","locations":[{"start":{"line":22,"column":6},"end":{"line":22,"column":15}},{"start":{"line":22,"column":19},"end":{"line":22,"column":30}},{"start":{"line":22,"column":34},"end":{"line":22,"column":45}}],"line":22}},"s":{"0":15,"1":15,"2":0,"3":15,"4":15,"5":15,"6":15,"7":0,"8":15,"9":0,"10":15},"f":{"0":15},"b":{"0":[0,15],"1":[0,15],"2":[15,15,15],"3":[0,15],"4":[15,15,15]},"_coverageSchema":"1a1c01bbd47fc00a2c39e90264f33305004495a9","hash":"beac660d8412fdc1085c75fe46df00083363db70"}
,"/Users/landonjohnson/dev-local/workplaces/devlander/utils/src/dashToCamelCase.ts": {"path":"/Users/landonjohnson/dev-local/workplaces/devlander/utils/src/dashToCamelCase.ts","statementMap":{"0":{"start":{"line":8,"column":2},"end":{"line":14,"column":7}},"1":{"start":{"line":13,"column":6},"end":{"line":13,"column":34}}},"fnMap":{"0":{"name":"dashToCamelCase","decl":{"start":{"line":7,"column":16},"end":{"line":7,"column":31}},"loc":{"start":{"line":7,"column":58},"end":{"line":15,"column":1}},"line":7},"1":{"name":"(anonymous_1)","decl":{"start":{"line":12,"column":26},"end":{"line":12,"column":27}},"loc":{"start":{"line":12,"column":52},"end":{"line":14,"column":5}},"line":12}},"branchMap":{},"s":{"0":5,"1":7},"f":{"0":5,"1":7},"b":{},"_coverageSchema":"1a1c01bbd47fc00a2c39e90264f33305004495a9","hash":"f26d8c9cbb2710038c71e204aaa6b17c07f3347b"}
,"/Users/landonjohnson/dev-local/workplaces/devlander/utils/src/deduplicate.ts": {"path":"/Users/landonjohnson/dev-local/workplaces/devlander/utils/src/deduplicate.ts","statementMap":{"0":{"start":{"line":29,"column":27},"end":{"line":93,"column":1}},"1":{"start":{"line":35,"column":33},"end":{"line":90,"column":3}},"2":{"start":{"line":36,"column":4},"end":{"line":88,"column":5}},"3":{"start":{"line":39,"column":8},"end":{"line":44,"column":9}},"4":{"start":{"line":40,"column":10},"end":{"line":43,"column":22}},"5":{"start":{"line":42,"column":41},"end":{"line":42,"column":67}},"6":{"start":{"line":45,"column":8},"end":{"line":45,"column":14}},"7":{"start":{"line":49,"column":8},"end":{"line":51,"column":9}},"8":{"start":{"line":50,"column":10},"end":{"line":50,"column":79}},"9":{"start":{"line":50,"column":51},"end":{"line":50,"column":77}},"10":{"start":{"line":52,"column":8},"end":{"line":52,"column":14}},"11":{"start":{"line":56,"column":8},"end":{"line":67,"column":9}},"12":{"start":{"line":57,"column":29},"end":{"line":57,"column":38}},"13":{"start":{"line":58,"column":32},"end":{"line":65,"column":12}},"14":{"start":{"line":60,"column":12},"end":{"line":63,"column":13}},"15":{"start":{"line":61,"column":14},"end":{"line":61,"column":36}},"16":{"start":{"line":62,"column":14},"end":{"line":62,"column":26}},"17":{"start":{"line":64,"column":12},"end":{"line":64,"column":25}},"18":{"start":{"line":66,"column":10},"end":{"line":66,"column":51}},"19":{"start":{"line":68,"column":8},"end":{"line":68,"column":14}},"20":{"start":{"line":72,"column":8},"end":{"line":79,"column":9}},"21":{"start":{"line":73,"column":31},"end":{"line":77,"column":21}},"22":{"start":{"line":76,"column":42},"end":{"line":76,"column":69}},"23":{"start":{"line":78,"column":10},"end":{"line":78,"column":44}},"24":{"start":{"line":80,"column":8},"end":{"line":80,"column":14}},"25":{"start":{"line":84,"column":8},"end":{"line":86,"column":9}},"26":{"start":{"line":85,"column":10},"end":{"line":85,"column":62}},"27":{"start":{"line":85,"column":36},"end":{"line":85,"column":60}},"28":{"start":{"line":87,"column":8},"end":{"line":87,"column":14}},"29":{"start":{"line":89,"column":4},"end":{"line":89,"column":74}},"30":{"start":{"line":92,"column":2},"end":{"line":92,"column":34}}},"fnMap":{"0":{"name":"(anonymous_0)","decl":{"start":{"line":29,"column":27},"end":{"line":29,"column":28}},"loc":{"start":{"line":34,"column":60},"end":{"line":93,"column":1}},"line":34},"1":{"name":"(anonymous_1)","decl":{"start":{"line":35,"column":33},"end":{"line":35,"column":34}},"loc":{"start":{"line":35,"column":39},"end":{"line":90,"column":3}},"line":35},"2":{"name":"(anonymous_2)","decl":{"start":{"line":42,"column":20},"end":{"line":42,"column":21}},"loc":{"start":{"line":42,"column":41},"end":{"line":42,"column":67}},"line":42},"3":{"name":"(anonymous_3)","decl":{"start":{"line":50,"column":30},"end":{"line":50,"column":31}},"loc":{"start":{"line":50,"column":51},"end":{"line":50,"column":77}},"line":50},"4":{"name":"(anonymous_4)","decl":{"start":{"line":58,"column":61},"end":{"line":58,"column":62}},"loc":{"start":{"line":58,"column":79},"end":{"line":65,"column":11}},"line":58},"5":{"name":"(anonymous_5)","decl":{"start":{"line":76,"column":20},"end":{"line":76,"column":21}},"loc":{"start":{"line":76,"column":42},"end":{"line":76,"column":69}},"line":76},"6":{"name":"(anonymous_6)","decl":{"start":{"line":85,"column":27},"end":{"line":85,"column":28}},"loc":{"start":{"line":85,"column":36},"end":{"line":85,"column":60}},"line":85}},"branchMap":{"0":{"loc":{"start":{"line":31,"column":2},"end":{"line":33,"column":69}},"type":"default-arg","locations":[{"start":{"line":33,"column":42},"end":{"line":33,"column":69}}],"line":31},"1":{"loc":{"start":{"line":36,"column":4},"end":{"line":88,"column":5}},"type":"switch","locations":[{"start":{"line":37,"column":6},"end":{"line":37,"column":39}},{"start":{"line":38,"column":6},"end":{"line":45,"column":14}},{"start":{"line":47,"column":6},"end":{"line":47,"column":38}},{"start":{"line":48,"column":6},"end":{"line":52,"column":14}},{"start":{"line":54,"column":6},"end":{"line":54,"column":39}},{"start":{"line":55,"column":6},"end":{"line":68,"column":14}},{"start":{"line":70,"column":6},"end":{"line":70,"column":39}},{"start":{"line":71,"column":6},"end":{"line":80,"column":14}},{"start":{"line":82,"column":6},"end":{"line":82,"column":39}},{"start":{"line":83,"column":6},"end":{"line":87,"column":14}}],"line":36},"2":{"loc":{"start":{"line":39,"column":8},"end":{"line":44,"column":9}},"type":"if","locations":[{"start":{"line":39,"column":8},"end":{"line":44,"column":9}},{"start":{},"end":{}}],"line":39},"3":{"loc":{"start":{"line":49,"column":8},"end":{"line":51,"column":9}},"type":"if","locations":[{"start":{"line":49,"column":8},"end":{"line":51,"column":9}},{"start":{},"end":{}}],"line":49},"4":{"loc":{"start":{"line":56,"column":8},"end":{"line":67,"column":9}},"type":"if","locations":[{"start":{"line":56,"column":8},"end":{"line":67,"column":9}},{"start":{},"end":{}}],"line":56},"5":{"loc":{"start":{"line":56,"column":12},"end":{"line":56,"column":62}},"type":"binary-expr","locations":[{"start":{"line":56,"column":12},"end":{"line":56,"column":37}},{"start":{"line":56,"column":41},"end":{"line":56,"column":62}}],"line":56},"6":{"loc":{"start":{"line":60,"column":12},"end":{"line":63,"column":13}},"type":"if","locations":[{"start":{"line":60,"column":12},"end":{"line":63,"column":13}},{"start":{},"end":{}}],"line":60},"7":{"loc":{"start":{"line":72,"column":8},"end":{"line":79,"column":9}},"type":"if","locations":[{"start":{"line":72,"column":8},"end":{"line":79,"column":9}},{"start":{},"end":{}}],"line":72},"8":{"loc":{"start":{"line":84,"column":8},"end":{"line":86,"column":9}},"type":"if","locations":[{"start":{"line":84,"column":8},"end":{"line":86,"column":9}},{"start":{},"end":{}}],"line":84},"9":{"loc":{"start":{"line":84,"column":12},"end":{"line":84,"column":62}},"type":"binary-expr","locations":[{"start":{"line":84,"column":12},"end":{"line":84,"column":32}},{"start":{"line":84,"column":36},"end":{"line":84,"column":62}}],"line":84}},"s":{"0":1,"1":12,"2":12,"3":3,"4":2,"5":6,"6":1,"7":2,"8":2,"9":6,"10":0,"11":2,"12":2,"13":2,"14":5,"15":3,"16":3,"17":2,"18":2,"19":0,"20":2,"21":2,"22":9,"23":2,"24":0,"25":2,"26":2,"27":3,"28":0,"29":2,"30":12},"f":{"0":12,"1":12,"2":6,"3":6,"4":5,"5":9,"6":3},"b":{"0":[0],"1":[3,3,2,2,2,2,2,2,2,2],"2":[2,1],"3":[2,0],"4":[2,0],"5":[2,2],"6":[3,2],"7":[2,0],"8":[2,0],"9":[2,2]},"_coverageSchema":"1a1c01bbd47fc00a2c39e90264f33305004495a9","hash":"61051472005238072253b6bb3be2c9bafac89cd1"}
,"/Users/landonjohnson/dev-local/workplaces/devlander/utils/src/endsWith.ts": {"path":"/Users/landonjohnson/dev-local/workplaces/devlander/utils/src/endsWith.ts","statementMap":{"0":{"start":{"line":3,"column":24},"end":{"line":14,"column":1}},"1":{"start":{"line":8,"column":2},"end":{"line":10,"column":3}},"2":{"start":{"line":9,"column":4},"end":{"line":9,"column":26}},"3":{"start":{"line":11,"column":2},"end":{"line":11,"column":34}},"4":{"start":{"line":12,"column":20},"end":{"line":12,"column":55}},"5":{"start":{"line":13,"column":2},"end":{"line":13,"column":52}}},"fnMap":{"0":{"name":"(anonymous_0)","decl":{"start":{"line":3,"column":24},"end":{"line":3,"column":25}},"loc":{"start":{"line":7,"column":14},"end":{"line":14,"column":1}},"line":7}},"branchMap":{"0":{"loc":{"start":{"line":8,"column":2},"end":{"line":10,"column":3}},"type":"if","locations":[{"start":{"line":8,"column":2},"end":{"line":10,"column":3}},{"start":{},"end":{}}],"line":8},"1":{"loc":{"start":{"line":8,"column":6},"end":{"line":8,"column":53}},"type":"binary-expr","locations":[{"start":{"line":8,"column":6},"end":{"line":8,"column":28}},{"start":{"line":8,"column":32},"end":{"line":8,"column":53}}],"line":8},"2":{"loc":{"start":{"line":13,"column":9},"end":{"line":13,"column":51}},"type":"binary-expr","locations":[{"start":{"line":13,"column":9},"end":{"line":13,"column":25}},{"start":{"line":13,"column":29},"end":{"line":13,"column":51}}],"line":13}},"s":{"0":1,"1":4,"2":3,"3":4,"4":4,"5":4},"f":{"0":4},"b":{"0":[3,1],"1":[4,1],"2":[4,3]},"_coverageSchema":"1a1c01bbd47fc00a2c39e90264f33305004495a9","hash":"b29f31f2fa32026c12428bfccd759ee58268b9cf"}
,"/Users/landonjohnson/dev-local/workplaces/devlander/utils/src/ensureValidStyle.ts": {"path":"/Users/landonjohnson/dev-local/workplaces/devlander/utils/src/ensureValidStyle.ts","statementMap":{"0":{"start":{"line":1,"column":32},"end":{"line":14,"column":1}},"1":{"start":{"line":3,"column":19},"end":{"line":11,"column":35}},"2":{"start":{"line":8,"column":8},"end":{"line":8,"column":59}},"3":{"start":{"line":13,"column":2},"end":{"line":13,"column":18}}},"fnMap":{"0":{"name":"(anonymous_0)","decl":{"start":{"line":1,"column":32},"end":{"line":1,"column":33}},"loc":{"start":{"line":1,"column":63},"end":{"line":14,"column":1}},"line":1},"1":{"name":"(anonymous_1)","decl":{"start":{"line":7,"column":6},"end":{"line":7,"column":7}},"loc":{"start":{"line":8,"column":8},"end":{"line":8,"column":59}},"line":8}},"branchMap":{"0":{"loc":{"start":{"line":8,"column":32},"end":{"line":8,"column":57}},"type":"cond-expr","locations":[{"start":{"line":8,"column":49},"end":{"line":8,"column":52}},{"start":{"line":8,"column":55},"end":{"line":8,"column":57}}],"line":8}},"s":{"0":1,"1":3,"2":1,"3":3},"f":{"0":3,"1":1},"b":{"0":[0,1]},"_coverageSchema":"1a1c01bbd47fc00a2c39e90264f33305004495a9","hash":"9429e7fc5a350cba88e546722f205bc773a7e5f5"}
,"/Users/landonjohnson/dev-local/workplaces/devlander/utils/src/extractKeysAndValues.ts": {"path":"/Users/landonjohnson/dev-local/workplaces/devlander/utils/src/extractKeysAndValues.ts","statementMap":{"0":{"start":{"line":23,"column":15},"end":{"line":23,"column":58}},"1":{"start":{"line":24,"column":17},"end":{"line":24,"column":54}},"2":{"start":{"line":26,"column":2},"end":{"line":26,"column":26}}},"fnMap":{"0":{"name":"extractKeysAndValues","decl":{"start":{"line":20,"column":16},"end":{"line":20,"column":36}},"loc":{"start":{"line":22,"column":63},"end":{"line":27,"column":1}},"line":22}},"branchMap":{},"s":{"0":5,"1":5,"2":5},"f":{"0":5},"b":{},"_coverageSchema":"1a1c01bbd47fc00a2c39e90264f33305004495a9","hash":"65bd3c41c46be44f18ee62f1d155e0ead2ae57f3"}
,"/Users/landonjohnson/dev-local/workplaces/devlander/utils/src/filterAndSuggestItems.ts": {"path":"/Users/landonjohnson/dev-local/workplaces/devlander/utils/src/filterAndSuggestItems.ts","statementMap":{"0":{"start":{"line":3,"column":32},"end":{"line":129,"column":1}},"1":{"start":{"line":188,"column":58},"end":{"line":188,"column":60}},"2":{"start":{"line":191,"column":2},"end":{"line":191,"column":66}},"3":{"start":{"line":191,"column":47},"end":{"line":191,"column":66}},"4":{"start":{"line":194,"column":30},"end":{"line":197,"column":56}},"5":{"start":{"line":197,"column":22},"end":{"line":197,"column":55}},"6":{"start":{"line":200,"column":2},"end":{"line":200,"column":59}},"7":{"start":{"line":200,"column":40},"end":{"line":200,"column":59}},"8":{"start":{"line":203,"column":25},"end":{"line":207,"column":3}},"9":{"start":{"line":210,"column":2},"end":{"line":232,"column":3}},"10":{"start":{"line":211,"column":19},"end":{"line":211,"column":38}},"11":{"start":{"line":214,"column":4},"end":{"line":214,"column":45}},"12":{"start":{"line":214,"column":36},"end":{"line":214,"column":45}},"13":{"start":{"line":217,"column":20},"end":{"line":227,"column":6}},"14":{"start":{"line":218,"column":29},"end":{"line":218,"column":40}},"15":{"start":{"line":219,"column":6},"end":{"line":219,"column":78}},"16":{"start":{"line":219,"column":65},"end":{"line":219,"column":78}},"17":{"start":{"line":222,"column":24},"end":{"line":225,"column":52}},"18":{"start":{"line":225,"column":26},"end":{"line":225,"column":51}},"19":{"start":{"line":226,"column":6},"end":{"line":226,"column":75}},"20":{"start":{"line":226,"column":49},"end":{"line":226,"column":73}},"21":{"start":{"line":229,"column":4},"end":{"line":231,"column":5}},"22":{"start":{"line":230,"column":6},"end":{"line":230,"column":29}},"23":{"start":{"line":234,"column":2},"end":{"line":234,"column":21}}},"fnMap":{"0":{"name":"filterAndSuggestItems","decl":{"start":{"line":177,"column":16},"end":{"line":177,"column":37}},"loc":{"start":{"line":187,"column":38},"end":{"line":235,"column":1}},"line":187},"1":{"name":"(anonymous_1)","decl":{"start":{"line":197,"column":12},"end":{"line":197,"column":13}},"loc":{"start":{"line":197,"column":22},"end":{"line":197,"column":55}},"line":197},"2":{"name":"(anonymous_2)","decl":{"start":{"line":217,"column":40},"end":{"line":217,"column":41}},"loc":{"start":{"line":217,"column":51},"end":{"line":227,"column":5}},"line":217},"3":{"name":"(anonymous_3)","decl":{"start":{"line":225,"column":16},"end":{"line":225,"column":17}},"loc":{"start":{"line":225,"column":26},"end":{"line":225,"column":51}},"line":225},"4":{"name":"(anonymous_4)","decl":{"start":{"line":226,"column":39},"end":{"line":226,"column":40}},"loc":{"start":{"line":226,"column":49},"end":{"line":226,"column":73}},"line":226}},"branchMap":{"0":{"loc":{"start":{"line":181,"column":2},"end":{"line":181,"column":25}},"type":"default-arg","locations":[{"start":{"line":181,"column":23},"end":{"line":181,"column":25}}],"line":181},"1":{"loc":{"start":{"line":182,"column":2},"end":{"line":182,"column":52}},"type":"default-arg","locations":[{"start":{"line":182,"column":50},"end":{"line":182,"column":52}}],"line":182},"2":{"loc":{"start":{"line":183,"column":2},"end":{"line":183,"column":37}},"type":"default-arg","locations":[{"start":{"line":183,"column":35},"end":{"line":183,"column":37}}],"line":183},"3":{"loc":{"start":{"line":184,"column":2},"end":{"line":184,"column":37}},"type":"default-arg","locations":[{"start":{"line":184,"column":29},"end":{"line":184,"column":37}}],"line":184},"4":{"loc":{"start":{"line":185,"column":2},"end":{"line":185,"column":23}},"type":"default-arg","locations":[{"start":{"line":185,"column":18},"end":{"line":185,"column":23}}],"line":185},"5":{"loc":{"start":{"line":186,"column":2},"end":{"line":186,"column":40}},"type":"default-arg","locations":[{"start":{"line":186,"column":24},"end":{"line":186,"column":40}}],"line":186},"6":{"loc":{"start":{"line":191,"column":2},"end":{"line":191,"column":66}},"type":"if","locations":[{"start":{"line":191,"column":2},"end":{"line":191,"column":66}},{"start":{},"end":{}}],"line":191},"7":{"loc":{"start":{"line":191,"column":6},"end":{"line":191,"column":45}},"type":"binary-expr","locations":[{"start":{"line":191,"column":6},"end":{"line":191,"column":24}},{"start":{"line":191,"column":28},"end":{"line":191,"column":45}}],"line":191},"8":{"loc":{"start":{"line":197,"column":22},"end":{"line":197,"column":55}},"type":"binary-expr","locations":[{"start":{"line":197,"column":22},"end":{"line":197,"column":26}},{"start":{"line":197,"column":30},"end":{"line":197,"column":55}}],"line":197},"9":{"loc":{"start":{"line":200,"column":2},"end":{"line":200,"column":59}},"type":"if","locations":[{"start":{"line":200,"column":2},"end":{"line":200,"column":59}},{"start":{},"end":{}}],"line":200},"10":{"loc":{"start":{"line":204,"column":4},"end":{"line":206,"column":29}},"type":"cond-expr","locations":[{"start":{"line":205,"column":8},"end":{"line":205,"column":31}},{"start":{"line":206,"column":8},"end":{"line":206,"column":29}}],"line":204},"11":{"loc":{"start":{"line":214,"column":4},"end":{"line":214,"column":45}},"type":"if","locations":[{"start":{"line":214,"column":4},"end":{"line":214,"column":45}},{"start":{},"end":{}}],"line":214},"12":{"loc":{"start":{"line":219,"column":6},"end":{"line":219,"column":78}},"type":"if","locations":[{"start":{"line":219,"column":6},"end":{"line":219,"column":78}},{"start":{},"end":{}}],"line":219},"13":{"loc":{"start":{"line":219,"column":10},"end":{"line":219,"column":63}},"type":"binary-expr","locations":[{"start":{"line":219,"column":10},"end":{"line":219,"column":25}},{"start":{"line":219,"column":29},"end":{"line":219,"column":63}}],"line":219},"14":{"loc":{"start":{"line":229,"column":4},"end":{"line":231,"column":5}},"type":"if","locations":[{"start":{"line":229,"column":4},"end":{"line":231,"column":5}},{"start":{},"end":{}}],"line":229}},"s":{"0":1,"1":7,"2":7,"3":1,"4":6,"5":11,"6":6,"7":1,"8":5,"9":5,"10":15,"11":15,"12":1,"13":14,"14":25,"15":25,"16":0,"17":25,"18":73,"19":25,"20":31,"21":14,"22":3,"23":5},"f":{"0":7,"1":11,"2":25,"3":73,"4":31},"b":{"0":[0],"1":[0],"2":[2],"3":[2],"4":[5],"5":[6],"6":[1,6],"7":[7,6],"8":[11,11],"9":[1,5],"10":[5,0],"11":[1,14],"12":[0,25],"13":[25,25],"14":[3,11]},"_coverageSchema":"1a1c01bbd47fc00a2c39e90264f33305004495a9","hash":"61c6559c956ea168c331eb1ef4db57257e2599d1"}
,"/Users/landonjohnson/dev-local/workplaces/devlander/utils/src/formatRangeOrPercent.ts": {"path":"/Users/landonjohnson/dev-local/workplaces/devlander/utils/src/formatRangeOrPercent.ts","statementMap":{"0":{"start":{"line":74,"column":39},"end":{"line":131,"column":1}},"1":{"start":{"line":85,"column":6},"end":{"line":85,"column":13}},"2":{"start":{"line":87,"column":32},"end":{"line":98,"column":3}},"3":{"start":{"line":92,"column":4},"end":{"line":97,"column":6}},"4":{"start":{"line":100,"column":26},"end":{"line":104,"column":3}},"5":{"start":{"line":108,"column":4},"end":{"line":112,"column":12}},"6":{"start":{"line":114,"column":25},"end":{"line":114,"column":27}},"7":{"start":{"line":116,"column":2},"end":{"line":128,"column":3}},"8":{"start":{"line":117,"column":4},"end":{"line":121,"column":54}},"9":{"start":{"line":122,"column":9},"end":{"line":128,"column":3}},"10":{"start":{"line":123,"column":4},"end":{"line":125,"column":93}},"11":{"start":{"line":126,"column":9},"end":{"line":128,"column":3}},"12":{"start":{"line":127,"column":4},"end":{"line":127,"column":38}},"13":{"start":{"line":130,"column":2},"end":{"line":130,"column":26}}},"fnMap":{"0":{"name":"(anonymous_0)","decl":{"start":{"line":74,"column":39},"end":{"line":74,"column":40}},"loc":{"start":{"line":76,"column":13},"end":{"line":131,"column":1}},"line":76},"1":{"name":"(anonymous_1)","decl":{"start":{"line":87,"column":32},"end":{"line":87,"column":33}},"loc":{"start":{"line":91,"column":7},"end":{"line":98,"column":3}},"line":91}},"branchMap":{"0":{"loc":{"start":{"line":78,"column":4},"end":{"line":78,"column":16}},"type":"default-arg","locations":[{"start":{"line":78,"column":14},"end":{"line":78,"column":16}}],"line":78},"1":{"loc":{"start":{"line":79,"column":4},"end":{"line":79,"column":50}},"type":"default-arg","locations":[{"start":{"line":79,"column":28},"end":{"line":79,"column":50}}],"line":79},"2":{"loc":{"start":{"line":80,"column":4},"end":{"line":80,"column":49}},"type":"default-arg","locations":[{"start":{"line":80,"column":23},"end":{"line":80,"column":49}}],"line":80},"3":{"loc":{"start":{"line":81,"column":4},"end":{"line":81,"column":25}},"type":"default-arg","locations":[{"start":{"line":81,"column":23},"end":{"line":81,"column":25}}],"line":81},"4":{"loc":{"start":{"line":82,"column":4},"end":{"line":82,"column":15}},"type":"default-arg","locations":[{"start":{"line":82,"column":14},"end":{"line":82,"column":15}}],"line":82},"5":{"loc":{"start":{"line":83,"column":4},"end":{"line":83,"column":18}},"type":"default-arg","locations":[{"start":{"line":83,"column":17},"end":{"line":83,"column":18}}],"line":83},"6":{"loc":{"start":{"line":84,"column":4},"end":{"line":84,"column":18}},"type":"default-arg","locations":[{"start":{"line":84,"column":17},"end":{"line":84,"column":18}}],"line":84},"7":{"loc":{"start":{"line":93,"column":6},"end":{"line":96,"column":56}},"type":"binary-expr","locations":[{"start":{"line":93,"column":6},"end":{"line":93,"column":36}},{"start":{"line":94,"column":6},"end":{"line":94,"column":36}},{"start":{"line":95,"column":6},"end":{"line":95,"column":55}},{"start":{"line":96,"column":6},"end":{"line":96,"column":56}}],"line":93},"8":{"loc":{"start":{"line":108,"column":4},"end":{"line":112,"column":12}},"type":"cond-expr","locations":[{"start":{"line":109,"column":8},"end":{"line":109,"column":21}},{"start":{"line":110,"column":8},"end":{"line":112,"column":12}}],"line":108},"9":{"loc":{"start":{"line":110,"column":8},"end":{"line":112,"column":12}},"type":"cond-expr","locations":[{"start":{"line":111,"column":10},"end":{"line":111,"column":85}},{"start":{"line":112,"column":10},"end":{"line":112,"column":12}}],"line":110},"10":{"loc":{"start":{"line":111,"column":42},"end":{"line":111,"column":83}},"type":"cond-expr","locations":[{"start":{"line":111,"column":75},"end":{"line":111,"column":77}},{"start":{"line":111,"column":80},"end":{"line":111,"column":83}}],"line":111},"11":{"loc":{"start":{"line":116,"column":2},"end":{"line":128,"column":3}},"type":"if","locations":[{"start":{"line":116,"column":2},"end":{"line":128,"column":3}},{"start":{"line":122,"column":9},"end":{"line":128,"column":3}}],"line":116},"12":{"loc":{"start":{"line":117,"column":26},"end":{"line":117,"column":52}},"type":"cond-expr","locations":[{"start":{"line":117,"column":44},"end":{"line":117,"column":47}},{"start":{"line":117,"column":50},"end":{"line":117,"column":52}}],"line":117},"13":{"loc":{"start":{"line":118,"column":6},"end":{"line":118,"column":59}},"type":"cond-expr","locations":[{"start":{"line":118,"column":32},"end":{"line":118,"column":54}},{"start":{"line":118,"column":57},"end":{"line":118,"column":59}}],"line":118},"14":{"loc":{"start":{"line":120,"column":6},"end":{"line":120,"column":53}},"type":"cond-expr","locations":[{"start":{"line":120,"column":32},"end":{"line":120,"column":48}},{"start":{"line":120,"column":51},"end":{"line":120,"column":53}}],"line":120},"15":{"loc":{"start":{"line":121,"column":7},"end":{"line":121,"column":33}},"type":"cond-expr","locations":[{"start":{"line":121,"column":25},"end":{"line":121,"column":28}},{"start":{"line":121,"column":31},"end":{"line":121,"column":33}}],"line":121},"16":{"loc":{"start":{"line":122,"column":9},"end":{"line":128,"column":3}},"type":"if","locations":[{"start":{"line":122,"column":9},"end":{"line":128,"column":3}},{"start":{"line":126,"column":9},"end":{"line":128,"column":3}}],"line":122},"17":{"loc":{"start":{"line":124,"column":6},"end":{"line":124,"column":59}},"type":"cond-expr","locations":[{"start":{"line":124,"column":32},"end":{"line":124,"column":54}},{"start":{"line":124,"column":57},"end":{"line":124,"column":59}}],"line":124},"18":{"loc":{"start":{"line":125,"column":18},"end":{"line":125,"column":71}},"type":"cond-expr","locations":[{"start":{"line":125,"column":44},"end":{"line":125,"column":66}},{"start":{"line":125,"column":69},"end":{"line":125,"column":71}}],"line":125},"19":{"loc":{"start":{"line":126,"column":9},"end":{"line":128,"column":3}},"type":"if","locations":[{"start":{"line":126,"column":9},"end":{"line":128,"column":3}},{"start":{},"end":{}}],"line":126}},"s":{"0":1,"1":8,"2":8,"3":8,"4":8,"5":8,"6":8,"7":8,"8":2,"9":6,"10":3,"11":3,"12":3,"13":8},"f":{"0":8,"1":8},"b":{"0":[0],"1":[1],"2":[5],"3":[6],"4":[5],"5":[6],"6":[6],"7":[8,5,5,4],"8":[3,5],"9":[2,3],"10":[1,1],"11":[2,6],"12":[2,0],"13":[1,1],"14":[1,1],"15":[2,0],"16":[3,3],"17":[2,1],"18":[1,2],"19":[3,0]},"_coverageSchema":"1a1c01bbd47fc00a2c39e90264f33305004495a9","hash":"bf8b785fbb512e8a6ba4e73adcb254019de471ba"}
,"/Users/landonjohnson/dev-local/workplaces/devlander/utils/src/generateAllowedOrigins.ts": {"path":"/Users/landonjohnson/dev-local/workplaces/devlander/utils/src/generateAllowedOrigins.ts","statementMap":{"0":{"start":{"line":19,"column":24},"end":{"line":21,"column":1}},"1":{"start":{"line":20,"column":2},"end":{"line":20,"column":69}},"2":{"start":{"line":29,"column":22},"end":{"line":33,"column":1}},"3":{"start":{"line":31,"column":4},"end":{"line":31,"column":72}},"4":{"start":{"line":32,"column":2},"end":{"line":32,"column":34}},"5":{"start":{"line":43,"column":38},"end":{"line":88,"column":1}},"6":{"start":{"line":51,"column":42},"end":{"line":51,"column":51}},"7":{"start":{"line":53,"column":2},"end":{"line":85,"column":5}},"8":{"start":{"line":54,"column":29},"end":{"line":54,"column":52}},"9":{"start":{"line":56,"column":4},"end":{"line":59,"column":5}},"10":{"start":{"line":57,"column":6},"end":{"line":57,"column":57}},"11":{"start":{"line":58,"column":6},"end":{"line":58,"column":13}},"12":{"start":{"line":61,"column":4},"end":{"line":76,"column":7}},"13":{"start":{"line":62,"column":6},"end":{"line":68,"column":7}},"14":{"start":{"line":67,"column":8},"end":{"line":67,"column":53}},"15":{"start":{"line":70,"column":6},"end":{"line":70,"column":61}},"16":{"start":{"line":73,"column":6},"end":{"line":75,"column":7}},"17":{"start":{"line":74,"column":8},"end":{"line":74,"column":67}},"18":{"start":{"line":79,"column":4},"end":{"line":79,"column":45}},"19":{"start":{"line":82,"column":4},"end":{"line":84,"column":5}},"20":{"start":{"line":83,"column":6},"end":{"line":83,"column":56}},"21":{"start":{"line":87,"column":2},"end":{"line":87,"column":40}}},"fnMap":{"0":{"name":"(anonymous_0)","decl":{"start":{"line":19,"column":24},"end":{"line":19,"column":25}},"loc":{"start":{"line":19,"column":52},"end":{"line":21,"column":1}},"line":19},"1":{"name":"(anonymous_1)","decl":{"start":{"line":29,"column":22},"end":{"line":29,"column":23}},"loc":{"start":{"line":29,"column":51},"end":{"line":33,"column":1}},"line":29},"2":{"name":"(anonymous_2)","decl":{"start":{"line":43,"column":38},"end":{"line":43,"column":39}},"loc":{"start":{"line":50,"column":15},"end":{"line":88,"column":1}},"line":50},"3":{"name":"(anonymous_3)","decl":{"start":{"line":53,"column":18},"end":{"line":53,"column":19}},"loc":{"start":{"line":53,"column":30},"end":{"line":85,"column":3}},"line":53},"4":{"name":"(anonymous_4)","decl":{"start":{"line":61,"column":21},"end":{"line":61,"column":22}},"loc":{"start":{"line":61,"column":33},"end":{"line":76,"column":5}},"line":61}},"branchMap":{"0":{"loc":{"start":{"line":45,"column":2},"end":{"line":45,"column":64}},"type":"default-arg","locations":[{"start":{"line":45,"column":31},"end":{"line":45,"column":64}}],"line":45},"1":{"loc":{"start":{"line":46,"column":2},"end":{"line":49,"column":3}},"type":"default-arg","locations":[{"start":{"line":46,"column":43},"end":{"line":49,"column":3}}],"line":46},"2":{"loc":{"start":{"line":56,"column":4},"end":{"line":59,"column":5}},"type":"if","locations":[{"start":{"line":56,"column":4},"end":{"line":59,"column":5}},{"start":{},"end":{}}],"line":56},"3":{"loc":{"start":{"line":56,"column":8},"end":{"line":56,"column":67}},"type":"binary-expr","locations":[{"start":{"line":56,"column":8},"end":{"line":56,"column":31}},{"start":{"line":56,"column":35},"end":{"line":56,"column":67}}],"line":56},"4":{"loc":{"start":{"line":62,"column":6},"end":{"line":68,"column":7}},"type":"if","locations":[{"start":{"line":62,"column":6},"end":{"line":68,"column":7}},{"start":{},"end":{}}],"line":62},"5":{"loc":{"start":{"line":73,"column":6},"end":{"line":75,"column":7}},"type":"if","locations":[{"start":{"line":73,"column":6},"end":{"line":75,"column":7}},{"start":{},"end":{}}],"line":73},"6":{"loc":{"start":{"line":73,"column":10},"end":{"line":73,"column":73}},"type":"binary-expr","locations":[{"start":{"line":73,"column":10},"end":{"line":73,"column":28}},{"start":{"line":73,"column":32},"end":{"line":73,"column":73}}],"line":73},"7":{"loc":{"start":{"line":82,"column":4},"end":{"line":84,"column":5}},"type":"if","locations":[{"start":{"line":82,"column":4},"end":{"line":84,"column":5}},{"start":{},"end":{}}],"line":82},"8":{"loc":{"start":{"line":82,"column":8},"end":{"line":82,"column":71}},"type":"binary-expr","locations":[{"start":{"line":82,"column":8},"end":{"line":82,"column":26}},{"start":{"line":82,"column":30},"end":{"line":82,"column":71}}],"line":82}},"s":{"0":1,"1":1012,"2":1,"3":1011,"4":1011,"5":1,"6":10,"7":10,"8":1012,"9":1012,"10":2,"11":2,"12":1010,"13":2019,"14":0,"15":2019,"16":2019,"17":2014,"18":1010,"19":1010,"20":1007,"21":10},"f":{"0":1012,"1":1011,"2":10,"3":1012,"4":2019},"b":{"0":[0],"1":[9],"2":[2,1010],"3":[1012,1011],"4":[0,2019],"5":[2014,5],"6":[2019,2018],"7":[1007,3],"8":[1010,1009]},"_coverageSchema":"1a1c01bbd47fc00a2c39e90264f33305004495a9","hash":"99cd377f4f7b85151df51385424e5f95e8bfc35e"}
,"/Users/landonjohnson/dev-local/workplaces/devlander/utils/src/generateStripeCard.ts": {"path":"/Users/landonjohnson/dev-local/workplaces/devlander/utils/src/generateStripeCard.ts","statementMap":{"0":{"start":{"line":13,"column":16},"end":{"line":56,"column":3}},"1":{"start":{"line":59,"column":15},"end":{"line":59,"column":62}},"2":{"start":{"line":62,"column":14},"end":{"line":64,"column":12}},"3":{"start":{"line":63,"column":4},"end":{"line":63,"column":34}},"4":{"start":{"line":67,"column":16},"end":{"line":67,"column":26}},"5":{"start":{"line":68,"column":21},"end":{"line":68,"column":76}},"6":{"start":{"line":69,"column":16},"end":{"line":69,"column":50}},"7":{"start":{"line":70,"column":25},"end":{"line":70,"column":77}},"8":{"start":{"line":72,"column":2},"end":{"line":77,"column":4}}},"fnMap":{"0":{"name":"generateStripeCard","decl":{"start":{"line":12,"column":16},"end":{"line":12,"column":34}},"loc":{"start":{"line":12,"column":43},"end":{"line":78,"column":1}},"line":12},"1":{"name":"(anonymous_1)","decl":{"start":{"line":62,"column":53},"end":{"line":62,"column":54}},"loc":{"start":{"line":63,"column":4},"end":{"line":63,"column":34}},"line":63}},"branchMap":{},"s":{"0":3,"1":3,"2":3,"3":10,"4":3,"5":3,"6":3,"7":3,"8":3},"f":{"0":3,"1":10},"b":{},"_coverageSchema":"1a1c01bbd47fc00a2c39e90264f33305004495a9","hash":"0c5b872cb9c944ad46550bc10ef616cf858c3df7"}
,"/Users/landonjohnson/dev-local/workplaces/devlander/utils/src/getAspectRatio.ts": {"path":"/Users/landonjohnson/dev-local/workplaces/devlander/utils/src/getAspectRatio.ts","statementMap":{"0":{"start":{"line":22,"column":30},"end":{"line":68,"column":1}},"1":{"start":{"line":25,"column":47},"end":{"line":25,"column":53}},"2":{"start":{"line":26,"column":22},"end":{"line":26,"column":67}},"3":{"start":{"line":29,"column":20},"end":{"line":31,"column":3}},"4":{"start":{"line":34,"column":2},"end":{"line":53,"column":3}},"5":{"start":{"line":36,"column":6},"end":{"line":36,"column":27}},"6":{"start":{"line":37,"column":6},"end":{"line":37,"column":12}},"7":{"start":{"line":39,"column":6},"end":{"line":39,"column":28}},"8":{"start":{"line":40,"column":6},"end":{"line":40,"column":12}},"9":{"start":{"line":42,"column":6},"end":{"line":42,"column":27}},"10":{"start":{"line":43,"column":6},"end":{"line":43,"column":12}},"11":{"start":{"line":45,"column":6},"end":{"line":45,"column":27}},"12":{"start":{"line":46,"column":6},"end":{"line":46,"column":12}},"13":{"start":{"line":48,"column":6},"end":{"line":48,"column":27}},"14":{"start":{"line":49,"column":6},"end":{"line":49,"column":12}},"15":{"start":{"line":52,"column":6},"end":{"line":52,"column":28}},"16":{"start":{"line":55,"column":36},"end":{"line":55,"column":47}},"17":{"start":{"line":58,"column":2},"end":{"line":62,"column":3}},"18":{"start":{"line":59,"column":4},"end":{"line":59,"column":58}},"19":{"start":{"line":61,"column":4},"end":{"line":61,"column":58}},"20":{"start":{"line":64,"column":2},"end":{"line":67,"column":4}}},"fnMap":{"0":{"name":"(anonymous_0)","decl":{"start":{"line":22,"column":30},"end":{"line":22,"column":31}},"loc":{"start":{"line":24,"column":27},"end":{"line":68,"column":1}},"line":24}},"branchMap":{"0":{"loc":{"start":{"line":25,"column":17},"end":{"line":25,"column":42}},"type":"default-arg","locations":[{"start":{"line":25,"column":31},"end":{"line":25,"column":42}}],"line":25},"1":{"loc":{"start":{"line":26,"column":22},"end":{"line":26,"column":67}},"type":"binary-expr","locations":[{"start":{"line":26,"column":22},"end":{"line":26,"column":40}},{"start":{"line":26,"column":44},"end":{"line":26,"column":67}}],"line":26},"2":{"loc":{"start":{"line":29,"column":20},"end":{"line":31,"column":3}},"type":"binary-expr","locations":[{"start":{"line":29,"column":20},"end":{"line":29,"column":72}},{"start":{"line":29,"column":76},"end":{"line":31,"column":3}}],"line":29},"3":{"loc":{"start":{"line":34,"column":2},"end":{"line":53,"column":3}},"type":"switch","locations":[{"start":{"line":35,"column":4},"end":{"line":37,"column":12}},{"start":{"line":38,"column":4},"end":{"line":40,"column":12}},{"start":{"line":41,"column":4},"end":{"line":43,"column":12}},{"start":{"line":44,"column":4},"end":{"line":46,"column":12}},{"start":{"line":47,"column":4},"end":{"line":49,"column":12}},{"start":{"line":50,"column":4},"end":{"line":52,"column":28}}],"line":34},"4":{"loc":{"start":{"line":58,"column":2},"end":{"line":62,"column":3}},"type":"if","locations":[{"start":{"line":58,"column":2},"end":{"line":62,"column":3}},{"start":{"line":60,"column":9},"end":{"line":62,"column":3}}],"line":58}},"s":{"0":1,"1":2,"2":2,"3":2,"4":2,"5":0,"6":0,"7":2,"8":2,"9":0,"10":0,"11":0,"12":0,"13":0,"14":0,"15":0,"16":2,"17":2,"18":1,"19":1,"20":2},"f":{"0":2},"b":{"0":[0],"1":[2,0],"2":[2,0],"3":[0,2,0,0,0,0],"4":[1,1]},"_coverageSchema":"1a1c01bbd47fc00a2c39e90264f33305004495a9","hash":"7dd796754e7a6891f373eda08fd6b4eddc477afd"}
,"/Users/landonjohnson/dev-local/workplaces/devlander/utils/src/getAverage.ts": {"path":"/Users/landonjohnson/dev-local/workplaces/devlander/utils/src/getAverage.ts","statementMap":{"0":{"start":{"line":10,"column":2},"end":{"line":12,"column":3}},"1":{"start":{"line":11,"column":4},"end":{"line":11,"column":67}},"2":{"start":{"line":14,"column":2},"end":{"line":16,"column":3}},"3":{"start":{"line":14,"column":26},"end":{"line":14,"column":64}},"4":{"start":{"line":15,"column":4},"end":{"line":15,"column":72}},"5":{"start":{"line":18,"column":14},"end":{"line":18,"column":52}},"6":{"start":{"line":18,"column":39},"end":{"line":18,"column":48}},"7":{"start":{"line":19,"column":2},"end":{"line":19,"column":26}}},"fnMap":{"0":{"name":"getAverage","decl":{"start":{"line":9,"column":16},"end":{"line":9,"column":26}},"loc":{"start":{"line":9,"column":50},"end":{"line":20,"column":1}},"line":9},"1":{"name":"(anonymous_1)","decl":{"start":{"line":14,"column":17},"end":{"line":14,"column":18}},"loc":{"start":{"line":14,"column":26},"end":{"line":14,"column":64}},"line":14},"2":{"name":"(anonymous_2)","decl":{"start":{"line":18,"column":25},"end":{"line":18,"column":26}},"loc":{"start":{"line":18,"column":39},"end":{"line":18,"column":48}},"line":18}},"branchMap":{"0":{"loc":{"start":{"line":10,"column":2},"end":{"line":12,"column":3}},"type":"if","locations":[{"start":{"line":10,"column":2},"end":{"line":12,"column":3}},{"start":{},"end":{}}],"line":10},"1":{"loc":{"start":{"line":10,"column":6},"end":{"line":10,"column":45}},"type":"binary-expr","locations":[{"start":{"line":10,"column":6},"end":{"line":10,"column":25}},{"start":{"line":10,"column":29},"end":{"line":10,"column":45}}],"line":10},"2":{"loc":{"start":{"line":14,"column":2},"end":{"line":16,"column":3}},"type":"if","locations":[{"start":{"line":14,"column":2},"end":{"line":16,"column":3}},{"start":{},"end":{}}],"line":14},"3":{"loc":{"start":{"line":14,"column":26},"end":{"line":14,"column":64}},"type":"binary-expr","locations":[{"start":{"line":14,"column":26},"end":{"line":14,"column":49}},{"start":{"line":14,"column":53},"end":{"line":14,"column":64}}],"line":14}},"s":{"0":7,"1":3,"2":4,"3":12,"4":2,"5":2,"6":7,"7":2},"f":{"0":7,"1":12,"2":7},"b":{"0":[3,4],"1":[7,5],"2":[2,2],"3":[12,11]},"_coverageSchema":"1a1c01bbd47fc00a2c39e90264f33305004495a9","hash":"02d79e3e9f17cb7bb47b4cc68e4f69b6e8e6f7a1"}
,"/Users/landonjohnson/dev-local/workplaces/devlander/utils/src/getMessageByField.ts": {"path":"/Users/landonjohnson/dev-local/workplaces/devlander/utils/src/getMessageByField.ts","statementMap":{"0":{"start":{"line":17,"column":33},"end":{"line":49,"column":1}},"1":{"start":{"line":21,"column":29},"end":{"line":34,"column":3}},"2":{"start":{"line":22,"column":4},"end":{"line":32,"column":5}},"3":{"start":{"line":23,"column":27},"end":{"line":23,"column":60}},"4":{"start":{"line":24,"column":6},"end":{"line":26,"column":7}},"5":{"start":{"line":25,"column":8},"end":{"line":25,"column":28}},"6":{"start":{"line":27,"column":11},"end":{"line":32,"column":5}},"7":{"start":{"line":28,"column":27},"end":{"line":28,"column":62}},"8":{"start":{"line":29,"column":6},"end":{"line":31,"column":7}},"9":{"start":{"line":30,"column":8},"end":{"line":30,"column":28}},"10":{"start":{"line":33,"column":4},"end":{"line":33,"column":21}},"11":{"start":{"line":36,"column":2},"end":{"line":48,"column":3}},"12":{"start":{"line":37,"column":4},"end":{"line":37,"column":58}},"13":{"start":{"line":38,"column":9},"end":{"line":48,"column":3}},"14":{"start":{"line":39,"column":4},"end":{"line":44,"column":5}},"15":{"start":{"line":40,"column":22},"end":{"line":40,"column":47}},"16":{"start":{"line":41,"column":6},"end":{"line":43,"column":7}},"17":{"start":{"line":42,"column":8},"end":{"line":42,"column":23}},"18":{"start":{"line":45,"column":4},"end":{"line":45,"column":21}},"19":{"start":{"line":47,"column":4},"end":{"line":47,"column":21}}},"fnMap":{"0":{"name":"(anonymous_0)","decl":{"start":{"line":17,"column":33},"end":{"line":17,"column":34}},"loc":{"start":{"line":20,"column":25},"end":{"line":49,"column":1}},"line":20},"1":{"name":"(anonymous_1)","decl":{"start":{"line":21,"column":29},"end":{"line":21,"column":30}},"loc":{"start":{"line":21,"column":68},"end":{"line":34,"column":3}},"line":21}},"branchMap":{"0":{"loc":{"start":{"line":22,"column":4},"end":{"line":32,"column":5}},"type":"if","locations":[{"start":{"line":22,"column":4},"end":{"line":32,"column":5}},{"start":{"line":27,"column":11},"end":{"line":32,"column":5}}],"line":22},"1":{"loc":{"start":{"line":22,"column":8},"end":{"line":22,"column":61}},"type":"binary-expr","locations":[{"start":{"line":22,"column":8},"end":{"line":22,"column":24}},{"start":{"line":22,"column":28},"end":{"line":22,"column":61}}],"line":22},"2":{"loc":{"start":{"line":24,"column":6},"end":{"line":26,"column":7}},"type":"if","locations":[{"start":{"line":24,"column":6},"end":{"line":26,"column":7}},{"start":{},"end":{}}],"line":24},"3":{"loc":{"start":{"line":27,"column":11},"end":{"line":32,"column":5}},"type":"if","locations":[{"start":{"line":27,"column":11},"end":{"line":32,"column":5}},{"start":{},"end":{}}],"line":27},"4":{"loc":{"start":{"line":29,"column":6},"end":{"line":31,"column":7}},"type":"if","locations":[{"start":{"line":29,"column":6},"end":{"line":31,"column":7}},{"start":{},"end":{}}],"line":29},"5":{"loc":{"start":{"line":36,"column":2},"end":{"line":48,"column":3}},"type":"if","locations":[{"start":{"line":36,"column":2},"end":{"line":48,"column":3}},{"start":{"line":38,"column":9},"end":{"line":48,"column":3}}],"line":36},"6":{"loc":{"start":{"line":37,"column":11},"end":{"line":37,"column":57}},"type":"binary-expr","locations":[{"start":{"line":37,"column":11},"end":{"line":37,"column":44}},{"start":{"line":37,"column":48},"end":{"line":37,"column":57}}],"line":37},"7":{"loc":{"start":{"line":38,"column":9},"end":{"line":48,"column":3}},"type":"if","locations":[{"start":{"line":38,"column":9},"end":{"line":48,"column":3}},{"start":{"line":46,"column":9},"end":{"line":48,"column":3}}],"line":38},"8":{"loc":{"start":{"line":41,"column":6},"end":{"line":43,"column":7}},"type":"if","locations":[{"start":{"line":41,"column":6},"end":{"line":43,"column":7}},{"start":{},"end":{}}],"line":41}},"s":{"0":1,"1":4,"2":5,"3":2,"4":2,"5":2,"6":3,"7":3,"8":3,"9":0,"10":3,"11":4,"12":2,"13":2,"14":2,"15":3,"16":3,"17":1,"18":1,"19":0},"f":{"0":4,"1":5},"b":{"0":[2,3],"1":[5,5],"2":[2,0],"3":[3,0],"4":[0,3],"5":[2,2],"6":[2,1],"7":[2,0],"8":[1,2]},"_coverageSchema":"1a1c01bbd47fc00a2c39e90264f33305004495a9","hash":"85a66283b89a802b9f37bc4a13bd48f1bf5722a7"}
,"/Users/landonjohnson/dev-local/workplaces/devlander/utils/src/getMessageFromObject.ts": {"path":"/Users/landonjohnson/dev-local/workplaces/devlander/utils/src/getMessageFromObject.ts","statementMap":{"0":{"start":{"line":13,"column":36},"end":{"line":29,"column":1}},"1":{"start":{"line":18,"column":2},"end":{"line":26,"column":3}},"2":{"start":{"line":19,"column":21},"end":{"line":19,"column":37}},"3":{"start":{"line":21,"column":4},"end":{"line":25,"column":5}},"4":{"start":{"line":22,"column":6},"end":{"line":24,"column":8}},"5":{"start":{"line":23,"column":39},"end":{"line":23,"column":66}},"6":{"start":{"line":28,"column":2},"end":{"line":28,"column":14}}},"fnMap":{"0":{"name":"(anonymous_0)","decl":{"start":{"line":13,"column":36},"end":{"line":13,"column":37}},"loc":{"start":{"line":17,"column":32},"end":{"line":29,"column":1}},"line":17},"1":{"name":"(anonymous_1)","decl":{"start":{"line":23,"column":22},"end":{"line":23,"column":23}},"loc":{"start":{"line":23,"column":39},"end":{"line":23,"column":66}},"line":23}},"branchMap":{"0":{"loc":{"start":{"line":16,"column":2},"end":{"line":16,"column":33}},"type":"default-arg","locations":[{"start":{"line":16,"column":24},"end":{"line":16,"column":33}}],"line":16},"1":{"loc":{"start":{"line":18,"column":2},"end":{"line":26,"column":3}},"type":"if","locations":[{"start":{"line":18,"column":2},"end":{"line":26,"column":3}},{"start":{},"end":{}}],"line":18},"2":{"loc":{"start":{"line":18,"column":6},"end":{"line":18,"column":77}},"type":"binary-expr","locations":[{"start":{"line":18,"column":6},"end":{"line":18,"column":19}},{"start":{"line":18,"column":23},"end":{"line":18,"column":77}}],"line":18},"3":{"loc":{"start":{"line":21,"column":4},"end":{"line":25,"column":5}},"type":"if","locations":[{"start":{"line":21,"column":4},"end":{"line":25,"column":5}},{"start":{},"end":{}}],"line":21},"4":{"loc":{"start":{"line":21,"column":8},"end":{"line":21,"column":43}},"type":"binary-expr","locations":[{"start":{"line":21,"column":8},"end":{"line":21,"column":16}},{"start":{"line":21,"column":20},"end":{"line":21,"column":43}}],"line":21},"5":{"loc":{"start":{"line":23,"column":8},"end":{"line":23,"column":75}},"type":"binary-expr","locations":[{"start":{"line":23,"column":8},"end":{"line":23,"column":67}},{"start":{"line":23,"column":71},"end":{"line":23,"column":75}}],"line":23}},"s":{"0":2,"1":8,"2":3,"3":3,"4":2,"5":3,"6":6},"f":{"0":8,"1":3},"b":{"0":[8],"1":[3,5],"2":[8,7],"3":[2,1],"4":[3,3],"5":[2,1]},"_coverageSchema":"1a1c01bbd47fc00a2c39e90264f33305004495a9","hash":"76873902f34df68b4a72ee315da554558c92000c"}
,"/Users/landonjohnson/dev-local/workplaces/devlander/utils/src/getRandomValFromArray.ts": {"path":"/Users/landonjohnson/dev-local/workplaces/devlander/utils/src/getRandomValFromArray.ts","statementMap":{"0":{"start":{"line":7,"column":37},"end":{"line":11,"column":1}},"1":{"start":{"line":8,"column":2},"end":{"line":8,"column":45}},"2":{"start":{"line":8,"column":24},"end":{"line":8,"column":45}},"3":{"start":{"line":9,"column":22},"end":{"line":9,"column":60}},"4":{"start":{"line":10,"column":2},"end":{"line":10,"column":43}}},"fnMap":{"0":{"name":"(anonymous_0)","decl":{"start":{"line":7,"column":37},"end":{"line":7,"column":38}},"loc":{"start":{"line":7,"column":75},"end":{"line":11,"column":1}},"line":7}},"branchMap":{"0":{"loc":{"start":{"line":8,"column":2},"end":{"line":8,"column":45}},"type":"if","locations":[{"start":{"line":8,"column":2},"end":{"line":8,"column":45}},{"start":{},"end":{}}],"line":8},"1":{"loc":{"start":{"line":10,"column":9},"end":{"line":10,"column":42}},"type":"binary-expr","locations":[{"start":{"line":10,"column":9},"end":{"line":10,"column":25}},{"start":{"line":10,"column":29},"end":{"line":10,"column":42}}],"line":10}},"s":{"0":1,"1":3,"2":1,"3":2,"4":2},"f":{"0":3},"b":{"0":[1,2],"1":[2,1]},"_coverageSchema":"1a1c01bbd47fc00a2c39e90264f33305004495a9","hash":"702e2be9260bdf970b04c24db7e93540fe867f81"}
,"/Users/landonjohnson/dev-local/workplaces/devlander/utils/src/getRange.ts": {"path":"/Users/landonjohnson/dev-local/workplaces/devlander/utils/src/getRange.ts","statementMap":{"0":{"start":{"line":7,"column":24},"end":{"line":12,"column":1}},"1":{"start":{"line":8,"column":2},"end":{"line":10,"column":3}},"2":{"start":{"line":9,"column":4},"end":{"line":9,"column":14}},"3":{"start":{"line":11,"column":2},"end":{"line":11,"column":78}},"4":{"start":{"line":11,"column":63},"end":{"line":11,"column":76}}},"fnMap":{"0":{"name":"(anonymous_0)","decl":{"start":{"line":7,"column":24},"end":{"line":7,"column":25}},"loc":{"start":{"line":7,"column":58},"end":{"line":12,"column":1}},"line":7},"1":{"name":"(anonymous_1)","decl":{"start":{"line":11,"column":42},"end":{"line":11,"column":43}},"loc":{"start":{"line":11,"column":63},"end":{"line":11,"column":76}},"line":11}},"branchMap":{"0":{"loc":{"start":{"line":8,"column":2},"end":{"line":10,"column":3}},"type":"if","locations":[{"start":{"line":8,"column":2},"end":{"line":10,"column":3}},{"start":{},"end":{}}],"line":8}},"s":{"0":1,"1":3,"2":1,"3":2,"4":5},"f":{"0":3,"1":5},"b":{"0":[1,2]},"_coverageSchema":"1a1c01bbd47fc00a2c39e90264f33305004495a9","hash":"3805cddf178a59e7423918bcfde872ae084b7ed6"}
,"/Users/landonjohnson/dev-local/workplaces/devlander/utils/src/getValueFromObject.ts": {"path":"/Users/landonjohnson/dev-local/workplaces/devlander/utils/src/getValueFromObject.ts","statementMap":{"0":{"start":{"line":12,"column":2},"end":{"line":12,"column":51}}},"fnMap":{"0":{"name":"getValueFromObject","decl":{"start":{"line":8,"column":16},"end":{"line":8,"column":34}},"loc":{"start":{"line":11,"column":12},"end":{"line":13,"column":1}},"line":11}},"branchMap":{"0":{"loc":{"start":{"line":12,"column":9},"end":{"line":12,"column":50}},"type":"cond-expr","locations":[{"start":{"line":12,"column":35},"end":{"line":12,"column":43}},{"start":{"line":12,"column":46},"end":{"line":12,"column":50}}],"line":12}},"s":{"0":9},"f":{"0":9},"b":{"0":[5,4]},"_coverageSchema":"1a1c01bbd47fc00a2c39e90264f33305004495a9","hash":"ce35e2e97416e543d5414ae43d1551d49b98a7db"}
,"/Users/landonjohnson/dev-local/workplaces/devlander/utils/src/hasItemByLetterAndFilter.ts": {"path":"/Users/landonjohnson/dev-local/workplaces/devlander/utils/src/hasItemByLetterAndFilter.ts","statementMap":{"0":{"start":{"line":13,"column":40},"end":{"line":58,"column":1}},"1":{"start":{"line":20,"column":2},"end":{"line":57,"column":5}},"2":{"start":{"line":21,"column":4},"end":{"line":23,"column":5}},"3":{"start":{"line":22,"column":6},"end":{"line":22,"column":60}},"4":{"start":{"line":24,"column":36},"end":{"line":24,"column":53}},"5":{"start":{"line":26,"column":4},"end":{"line":28,"column":5}},"6":{"start":{"line":27,"column":6},"end":{"line":27,"column":19}},"7":{"start":{"line":30,"column":27},"end":{"line":37,"column":5}},"8":{"start":{"line":31,"column":6},"end":{"line":33,"column":7}},"9":{"start":{"line":32,"column":8},"end":{"line":32,"column":18}},"10":{"start":{"line":34,"column":21},"end":{"line":34,"column":55}},"11":{"start":{"line":36,"column":6},"end":{"line":36,"column":68}},"12":{"start":{"line":36,"column":36},"end":{"line":36,"column":66}},"13":{"start":{"line":39,"column":31},"end":{"line":49,"column":5}},"14":{"start":{"line":40,"column":6},"end":{"line":42,"column":7}},"15":{"start":{"line":41,"column":8},"end":{"line":41,"column":20}},"16":{"start":{"line":44,"column":31},"end":{"line":44,"column":69}},"17":{"start":{"line":46,"column":6},"end":{"line":48,"column":8}},"18":{"start":{"line":47,"column":8},"end":{"line":47,"column":42}},"19":{"start":{"line":51,"column":26},"end":{"line":51,"column":54}},"20":{"start":{"line":52,"column":22},"end":{"line":52,"column":53}},"21":{"start":{"line":54,"column":21},"end":{"line":54,"column":62}},"22":{"start":{"line":56,"column":4},"end":{"line":56,"column":20}}},"fnMap":{"0":{"name":"(anonymous_0)","decl":{"start":{"line":13,"column":40},"end":{"line":13,"column":41}},"loc":{"start":{"line":19,"column":14},"end":{"line":58,"column":1}},"line":19},"1":{"name":"(anonymous_1)","decl":{"start":{"line":20,"column":20},"end":{"line":20,"column":21}},"loc":{"start":{"line":20,"column":30},"end":{"line":57,"column":3}},"line":20},"2":{"name":"(anonymous_2)","decl":{"start":{"line":30,"column":27},"end":{"line":30,"column":28}},"loc":{"start":{"line":30,"column":69},"end":{"line":37,"column":5}},"line":30},"3":{"name":"(anonymous_3)","decl":{"start":{"line":36,"column":25},"end":{"line":36,"column":26}},"loc":{"start":{"line":36,"column":36},"end":{"line":36,"column":66}},"line":36},"4":{"name":"(anonymous_4)","decl":{"start":{"line":39,"column":31},"end":{"line":39,"column":32}},"loc":{"start":{"line":39,"column":62},"end":{"line":49,"column":5}},"line":39},"5":{"name":"(anonymous_5)","decl":{"start":{"line":46,"column":36},"end":{"line":46,"column":37}},"loc":{"start":{"line":47,"column":8},"end":{"line":47,"column":42}},"line":47}},"branchMap":{"0":{"loc":{"start":{"line":16,"column":2},"end":{"line":16,"column":22}},"type":"default-arg","locations":[{"start":{"line":16,"column":16},"end":{"line":16,"column":22}}],"line":16},"1":{"loc":{"start":{"line":21,"column":4},"end":{"line":23,"column":5}},"type":"if","locations":[{"start":{"line":21,"column":4},"end":{"line":23,"column":5}},{"start":{},"end":{}}],"line":21},"2":{"loc":{"start":{"line":24,"column":36},"end":{"line":24,"column":53}},"type":"binary-expr","locations":[{"start":{"line":24,"column":36},"end":{"line":24,"column":45}},{"start":{"line":24,"column":49},"end":{"line":24,"column":53}}],"line":24},"3":{"loc":{"start":{"line":26,"column":4},"end":{"line":28,"column":5}},"type":"if","locations":[{"start":{"line":26,"column":4},"end":{"line":28,"column":5}},{"start":{},"end":{}}],"line":26},"4":{"loc":{"start":{"line":30,"column":46},"end":{"line":30,"column":55}},"type":"default-arg","locations":[{"start":{"line":30,"column":54},"end":{"line":30,"column":55}}],"line":30},"5":{"loc":{"start":{"line":31,"column":6},"end":{"line":33,"column":7}},"type":"if","locations":[{"start":{"line":31,"column":6},"end":{"line":33,"column":7}},{"start":{},"end":{}}],"line":31},"6":{"loc":{"start":{"line":40,"column":6},"end":{"line":42,"column":7}},"type":"if","locations":[{"start":{"line":40,"column":6},"end":{"line":42,"column":7}},{"start":{},"end":{}}],"line":40},"7":{"loc":{"start":{"line":54,"column":21},"end":{"line":54,"column":62}},"type":"cond-expr","locations":[{"start":{"line":54,"column":50},"end":{"line":54,"column":54}},{"start":{"line":54,"column":57},"end":{"line":54,"column":62}}],"line":54},"8":{"loc":{"start":{"line":54,"column":21},"end":{"line":54,"column":47}},"type":"binary-expr","locations":[{"start":{"line":54,"column":21},"end":{"line":54,"column":34}},{"start":{"line":54,"column":38},"end":{"line":54,"column":47}}],"line":54}},"s":{"0":1,"1":4,"2":8,"3":0,"4":8,"5":8,"6":0,"7":8,"8":8,"9":0,"10":8,"11":8,"12":16,"13":8,"14":8,"15":4,"16":4,"17":4,"18":5,"19":8,"20":8,"21":8,"22":8},"f":{"0":4,"1":8,"2":8,"3":16,"4":8,"5":5},"b":{"0":[2],"1":[0,8],"2":[8,0],"3":[0,8],"4":[4],"5":[0,8],"6":[4,4],"7":[2,6],"8":[8,5]},"_coverageSchema":"1a1c01bbd47fc00a2c39e90264f33305004495a9","hash":"afa3b0382a4c2d02a2dafaa4247aaa77619a6c7d"}
,"/Users/landonjohnson/dev-local/workplaces/devlander/utils/src/isBoolean.ts": {"path":"/Users/landonjohnson/dev-local/workplaces/devlander/utils/src/isBoolean.ts","statementMap":{"0":{"start":{"line":1,"column":25},"end":{"line":1,"column":78}},"1":{"start":{"line":1,"column":45},"end":{"line":1,"column":78}}},"fnMap":{"0":{"name":"(anonymous_0)","decl":{"start":{"line":1,"column":25},"end":{"line":1,"column":26}},"loc":{"start":{"line":1,"column":45},"end":{"line":1,"column":78}},"line":1}},"branchMap":{"0":{"loc":{"start":{"line":1,"column":45},"end":{"line":1,"column":78}},"type":"binary-expr","locations":[{"start":{"line":1,"column":45},"end":{"line":1,"column":59}},{"start":{"line":1,"column":63},"end":{"line":1,"column":78}}],"line":1}},"s":{"0":1,"1":2},"f":{"0":2},"b":{"0":[2,1]},"_coverageSchema":"1a1c01bbd47fc00a2c39e90264f33305004495a9","hash":"74fc926354a15f000f596bace58dde439a95be98"}
,"/Users/landonjohnson/dev-local/workplaces/devlander/utils/src/isBuffer.ts": {"path":"/Users/landonjohnson/dev-local/workplaces/devlander/utils/src/isBuffer.ts","statementMap":{"0":{"start":{"line":9,"column":2},"end":{"line":16,"column":4}},"1":{"start":{"line":20,"column":2},"end":{"line":24,"column":3}},"2":{"start":{"line":21,"column":4},"end":{"line":21,"column":37}},"3":{"start":{"line":23,"column":4},"end":{"line":23,"column":60}},"4":{"start":{"line":25,"column":2},"end":{"line":25,"column":16}},"5":{"start":{"line":27,"column":29},"end":{"line":27,"column":54}}},"fnMap":{"0":{"name":"isBuffer","decl":{"start":{"line":6,"column":16},"end":{"line":6,"column":24}},"loc":{"start":{"line":8,"column":2},"end":{"line":17,"column":1}},"line":8},"1":{"name":"isArrayBufferView","decl":{"start":{"line":18,"column":16},"end":{"line":18,"column":33}},"loc":{"start":{"line":18,"column":56},"end":{"line":26,"column":1}},"line":18}},"branchMap":{"0":{"loc":{"start":{"line":10,"column":4},"end":{"line":15,"column":33}},"type":"binary-expr","locations":[{"start":{"line":10,"column":4},"end":{"line":10,"column":16}},{"start":{"line":11,"column":4},"end":{"line":11,"column":21}},{"start":{"line":12,"column":4},"end":{"line":12,"column":28}},{"start":{"line":13,"column":4},"end":{"line":13,"column":33}},{"start":{"line":14,"column":4},"end":{"line":14,"column":40}},{"start":{"line":15,"column":4},"end":{"line":15,"column":33}}],"line":10},"1":{"loc":{"start":{"line":20,"column":2},"end":{"line":24,"column":3}},"type":"if","locations":[{"start":{"line":20,"column":2},"end":{"line":24,"column":3}},{"start":{"line":22,"column":9},"end":{"line":24,"column":3}}],"line":20},"2":{"loc":{"start":{"line":20,"column":6},"end":{"line":20,"column":62}},"type":"binary-expr","locations":[{"start":{"line":20,"column":6},"end":{"line":20,"column":40}},{"start":{"line":20,"column":44},"end":{"line":20,"column":62}}],"line":20},"3":{"loc":{"start":{"line":23,"column":13},"end":{"line":23,"column":59}},"type":"binary-expr","locations":[{"start":{"line":23,"column":13},"end":{"line":23,"column":16}},{"start":{"line":23,"column":20},"end":{"line":23,"column":30}},{"start":{"line":23,"column":34},"end":{"line":23,"column":59}}],"line":23}},"s":{"0":2,"1":0,"2":0,"3":0,"4":0,"5":1},"f":{"0":2,"1":0},"b":{"0":[2,2,2,2,2,1],"1":[0,0],"2":[0,0],"3":[0,0,0]},"_coverageSchema":"1a1c01bbd47fc00a2c39e90264f33305004495a9","hash":"2dfa22f93a752d988810b91932254d6d9e4c3f31"}
,"/Users/landonjohnson/dev-local/workplaces/devlander/utils/src/isDate.ts": {"path":"/Users/landonjohnson/dev-local/workplaces/devlander/utils/src/isDate.ts","statementMap":{"0":{"start":{"line":3,"column":22},"end":{"line":3,"column":40}}},"fnMap":{},"branchMap":{},"s":{"0":1},"f":{},"b":{},"_coverageSchema":"1a1c01bbd47fc00a2c39e90264f33305004495a9","hash":"f51b457c2e19eed1ca6ae199f18dd09f22e73b44"}
,"/Users/landonjohnson/dev-local/workplaces/devlander/utils/src/isDeepEqual.ts": {"path":"/Users/landonjohnson/dev-local/workplaces/devlander/utils/src/isDeepEqual.ts","statementMap":{"0":{"start":{"line":13,"column":2},"end":{"line":15,"column":3}},"1":{"start":{"line":14,"column":4},"end":{"line":14,"column":16}},"2":{"start":{"line":17,"column":2},"end":{"line":24,"column":3}},"3":{"start":{"line":23,"column":4},"end":{"line":23,"column":17}},"4":{"start":{"line":26,"column":16},"end":{"line":26,"column":33}},"5":{"start":{"line":27,"column":16},"end":{"line":27,"column":33}},"6":{"start":{"line":29,"column":2},"end":{"line":31,"column":3}},"7":{"start":{"line":30,"column":4},"end":{"line":30,"column":17}},"8":{"start":{"line":33,"column":2},"end":{"line":37,"column":3}},"9":{"start":{"line":34,"column":4},"end":{"line":36,"column":5}},"10":{"start":{"line":35,"column":6},"end":{"line":35,"column":19}},"11":{"start":{"line":39,"column":2},"end":{"line":39,"column":14}}},"fnMap":{"0":{"name":"isDeepEqual","decl":{"start":{"line":9,"column":16},"end":{"line":9,"column":27}},"loc":{"start":{"line":12,"column":11},"end":{"line":40,"column":1}},"line":12}},"branchMap":{"0":{"loc":{"start":{"line":13,"column":2},"end":{"line":15,"column":3}},"type":"if","locations":[{"start":{"line":13,"column":2},"end":{"line":15,"column":3}},{"start":{},"end":{}}],"line":13},"1":{"loc":{"start":{"line":17,"column":2},"end":{"line":24,"column":3}},"type":"if","locations":[{"start":{"line":17,"column":2},"end":{"line":24,"column":3}},{"start":{},"end":{}}],"line":17},"2":{"loc":{"start":{"line":18,"column":4},"end":{"line":21,"column":17}},"type":"binary-expr","locations":[{"start":{"line":18,"column":4},"end":{"line":18,"column":28}},{"start":{"line":19,"column":4},"end":{"line":19,"column":17}},{"start":{"line":20,"column":4},"end":{"line":20,"column":28}},{"start":{"line":21,"column":4},"end":{"line":21,"column":17}}],"line":18},"3":{"loc":{"start":{"line":29,"column":2},"end":{"line":31,"column":3}},"type":"if","locations":[{"start":{"line":29,"column":2},"end":{"line":31,"column":3}},{"start":{},"end":{}}],"line":29},"4":{"loc":{"start":{"line":34,"column":4},"end":{"line":36,"column":5}},"type":"if","locations":[{"start":{"line":34,"column":4},"end":{"line":36,"column":5}},{"start":{},"end":{}}],"line":34},"5":{"loc":{"start":{"line":34,"column":8},"end":{"line":34,"column":66}},"type":"binary-expr","locations":[{"start":{"line":34,"column":8},"end":{"line":34,"column":28}},{"start":{"line":34,"column":32},"end":{"line":34,"column":66}}],"line":34}},"s":{"0":18,"1":8,"2":10,"3":2,"4":8,"5":8,"6":8,"7":1,"8":7,"9":14,"10":5,"11":2},"f":{"0":18},"b":{"0":[8,10],"1":[2,8],"2":[10,8,8,8],"3":[1,7],"4":[5,9],"5":[14,13]},"_coverageSchema":"1a1c01bbd47fc00a2c39e90264f33305004495a9","hash":"28360c2be60719c5cf9cfbfb9f9b50ce04ccd9ba"}
,"/Users/landonjohnson/dev-local/workplaces/devlander/utils/src/isEmpty.ts": {"path":"/Users/landonjohnson/dev-local/workplaces/devlander/utils/src/isEmpty.ts","statementMap":{"0":{"start":{"line":1,"column":23},"end":{"line":5,"column":58}},"1":{"start":{"line":2,"column":2},"end":{"line":5,"column":58}}},"fnMap":{"0":{"name":"(anonymous_0)","decl":{"start":{"line":1,"column":23},"end":{"line":1,"column":24}},"loc":{"start":{"line":2,"column":2},"end":{"line":5,"column":58}},"line":2}},"branchMap":{"0":{"loc":{"start":{"line":2,"column":2},"end":{"line":5,"column":58}},"type":"binary-expr","locations":[{"start":{"line":2,"column":2},"end":{"line":2,"column":21}},{"start":{"line":3,"column":2},"end":{"line":3,"column":16}},{"start":{"line":4,"column":3},"end":{"line":4,"column":28}},{"start":{"line":4,"column":32},"end":{"line":4,"column":63}},{"start":{"line":5,"column":3},"end":{"line":5,"column":28}},{"start":{"line":5,"column":32},"end":{"line":5,"column":57}}],"line":2}},"s":{"0":3,"1":22},"f":{"0":22},"b":{"0":[22,21,20,18,18,2]},"_coverageSchema":"1a1c01bbd47fc00a2c39e90264f33305004495a9","hash":"1815ef1a68420a6ca60d730deeac7987c26117b6"}
,"/Users/landonjohnson/dev-local/workplaces/devlander/utils/src/isFile.ts": {"path":"/Users/landonjohnson/dev-local/workplaces/devlander/utils/src/isFile.ts","statementMap":{"0":{"start":{"line":3,"column":22},"end":{"line":3,"column":40}}},"fnMap":{},"branchMap":{},"s":{"0":1},"f":{},"b":{},"_coverageSchema":"1a1c01bbd47fc00a2c39e90264f33305004495a9","hash":"039053e2a9a6898fc5c3ce292e79c802f63824fd"}
,"/Users/landonjohnson/dev-local/workplaces/devlander/utils/src/isFormData.ts": {"path":"/Users/landonjohnson/dev-local/workplaces/devlander/utils/src/isFormData.ts","statementMap":{"0":{"start":{"line":10,"column":26},"end":{"line":26,"column":1}},"1":{"start":{"line":14,"column":2},"end":{"line":25,"column":4}}},"fnMap":{"0":{"name":"(anonymous_0)","decl":{"start":{"line":10,"column":26},"end":{"line":10,"column":27}},"loc":{"start":{"line":12,"column":45},"end":{"line":26,"column":1}},"line":12}},"branchMap":{"0":{"loc":{"start":{"line":15,"column":4},"end":{"line":24,"column":80}},"type":"binary-expr","locations":[{"start":{"line":15,"column":4},"end":{"line":15,"column":11}},{"start":{"line":16,"column":6},"end":{"line":16,"column":36}},{"start":{"line":16,"column":40},"end":{"line":16,"column":65}},{"start":{"line":17,"column":7},"end":{"line":17,"column":22}},{"start":{"line":18,"column":8},"end":{"line":18,"column":61}},{"start":{"line":19,"column":8},"end":{"line":19,"column":56}},{"start":{"line":20,"column":9},"end":{"line":20,"column":46}},{"start":{"line":22,"column":11},"end":{"line":22,"column":28}},{"start":{"line":23,"column":12},"end":{"line":23,"column":62}},{"start":{"line":24,"column":12},"end":{"line":24,"column":76}}],"line":15}},"s":{"0":1,"1":2},"f":{"0":2},"b":{"0":[2,2,2,1,0,0,0,0,0,0]},"_coverageSchema":"1a1c01bbd47fc00a2c39e90264f33305004495a9","hash":"b3735ef079e1e13ea5feda6914d17fa98e7c360d"}
,"/Users/landonjohnson/dev-local/workplaces/devlander/utils/src/isFunction.ts": {"path":"/Users/landonjohnson/dev-local/workplaces/devlander/utils/src/isFunction.ts","statementMap":{"0":{"start":{"line":5,"column":2},"end":{"line":5,"column":39}}},"fnMap":{"0":{"name":"isFunction","decl":{"start":{"line":4,"column":16},"end":{"line":4,"column":26}},"loc":{"start":{"line":4,"column":62},"end":{"line":6,"column":1}},"line":4}},"branchMap":{},"s":{"0":2},"f":{"0":2},"b":{},"_coverageSchema":"1a1c01bbd47fc00a2c39e90264f33305004495a9","hash":"ccd696cc7a13a0489738dfd57018018e892604bf"}
,"/Users/landonjohnson/dev-local/workplaces/devlander/utils/src/isJson.ts": {"path":"/Users/landonjohnson/dev-local/workplaces/devlander/utils/src/isJson.ts","statementMap":{"0":{"start":{"line":6,"column":22},"end":{"line":15,"column":1}},"1":{"start":{"line":9,"column":2},"end":{"line":14,"column":3}},"2":{"start":{"line":10,"column":16},"end":{"line":10,"column":73}},"3":{"start":{"line":11,"column":4},"end":{"line":11,"column":27}},"4":{"start":{"line":13,"column":4},"end":{"line":13,"column":17}}},"fnMap":{"0":{"name":"(anonymous_0)","decl":{"start":{"line":6,"column":22},"end":{"line":6,"column":23}},"loc":{"start":{"line":8,"column":40},"end":{"line":15,"column":1}},"line":8}},"branchMap":{"0":{"loc":{"start":{"line":10,"column":16},"end":{"line":10,"column":73}},"type":"cond-expr","locations":[{"start":{"line":10,"column":44},"end":{"line":10,"column":49}},{"start":{"line":10,"column":52},"end":{"line":10,"column":73}}],"line":10}},"s":{"0":4,"1":14,"2":14,"3":14,"4":3},"f":{"0":14},"b":{"0":[8,6]},"_coverageSchema":"1a1c01bbd47fc00a2c39e90264f33305004495a9","hash":"913e92ca7f507da9ecec6a0cdbdc69410c25b9dd"}
,"/Users/landonjohnson/dev-local/workplaces/devlander/utils/src/isNumber.ts": {"path":"/Users/landonjohnson/dev-local/workplaces/devlander/utils/src/isNumber.ts","statementMap":{"0":{"start":{"line":23,"column":24},"end":{"line":23,"column":44}}},"fnMap":{},"branchMap":{},"s":{"0":3},"f":{},"b":{},"_coverageSchema":"1a1c01bbd47fc00a2c39e90264f33305004495a9","hash":"0b34841bbb7f9d29cf5f45669a34ade78fb8611a"}
,"/Users/landonjohnson/dev-local/workplaces/devlander/utils/src/isNumeric.ts": {"path":"/Users/landonjohnson/dev-local/workplaces/devlander/utils/src/isNumeric.ts","statementMap":{"0":{"start":{"line":36,"column":25},"end":{"line":49,"column":1}},"1":{"start":{"line":37,"column":2},"end":{"line":47,"column":3}},"2":{"start":{"line":39,"column":4},"end":{"line":41,"column":5}},"3":{"start":{"line":40,"column":6},"end":{"line":40,"column":19}},"4":{"start":{"line":43,"column":4},"end":{"line":43,"column":52}},"5":{"start":{"line":44,"column":9},"end":{"line":47,"column":3}},"6":{"start":{"line":46,"column":4},"end":{"line":46,"column":36}},"7":{"start":{"line":48,"column":2},"end":{"line":48,"column":21}}},"fnMap":{"0":{"name":"(anonymous_0)","decl":{"start":{"line":36,"column":25},"end":{"line":36,"column":26}},"loc":{"start":{"line":36,"column":50},"end":{"line":49,"column":1}},"line":36}},"branchMap":{"0":{"loc":{"start":{"line":37,"column":2},"end":{"line":47,"column":3}},"type":"if","locations":[{"start":{"line":37,"column":2},"end":{"line":47,"column":3}},{"start":{"line":44,"column":9},"end":{"line":47,"column":3}}],"line":37},"1":{"loc":{"start":{"line":39,"column":4},"end":{"line":41,"column":5}},"type":"if","locations":[{"start":{"line":39,"column":4},"end":{"line":41,"column":5}},{"start":{},"end":{}}],"line":39},"2":{"loc":{"start":{"line":39,"column":8},"end":{"line":39,"column":41}},"type":"binary-expr","locations":[{"start":{"line":39,"column":8},"end":{"line":39,"column":23}},{"start":{"line":39,"column":27},"end":{"line":39,"column":41}}],"line":39},"3":{"loc":{"start":{"line":43,"column":11},"end":{"line":43,"column":51}},"type":"binary-expr","locations":[{"start":{"line":43,"column":11},"end":{"line":43,"column":28}},{"start":{"line":43,"column":32},"end":{"line":43,"column":51}}],"line":43},"4":{"loc":{"start":{"line":44,"column":9},"end":{"line":47,"column":3}},"type":"if","locations":[{"start":{"line":44,"column":9},"end":{"line":47,"column":3}},{"start":{},"end":{}}],"line":44},"5":{"loc":{"start":{"line":46,"column":11},"end":{"line":46,"column":35}},"type":"binary-expr","locations":[{"start":{"line":46,"column":11},"end":{"line":46,"column":20}},{"start":{"line":46,"column":24},"end":{"line":46,"column":35}}],"line":46}},"s":{"0":1,"1":14,"2":5,"3":2,"4":3,"5":9,"6":4,"7":5},"f":{"0":14},"b":{"0":[5,9],"1":[2,3],"2":[5,4],"3":[3,2],"4":[4,5],"
[...]
,"/Users/landonjohnson/dev-local/workplaces/devlander/utils/src/safeCssProperties.ts": {"path":"/Users/landonjohnson/dev-local/workplaces/devlander/utils/src/safeCssProperties.ts","statementMap":{"0":{"start":{"line":1,"column":43},"end":{"line":72,"column":1}}},"fnMap":{},"branchMap":{},"s":{"0":1},"f":{},"b":{},"_coverageSchema":"1a1c01bbd47fc00a2c39e90264f33305004495a9","hash":"a531dc2256718a7a0e7e17fbe50ea37912b31747"}
,"/Users/landonjohnson/dev-local/workplaces/devlander/utils/src/selectFromList.ts": {"path":"/Users/landonjohnson/dev-local/workplaces/devlander/utils/src/selectFromList.ts","statementMap":{"0":{"start":{"line":13,"column":30},"end":{"line":18,"column":1}},"1":{"start":{"line":17,"column":2},"end":{"line":17,"column":22}}},"fnMap":{"0":{"name":"(anonymous_0)","decl":{"start":{"line":13,"column":30},"end":{"line":13,"column":31}},"loc":{"start":{"line":16,"column":20},"end":{"line":18,"column":1}},"line":16}},"branchMap":{},"s":{"0":1,"1":4},"f":{"0":4},"b":{},"_coverageSchema":"1a1c01bbd47fc00a2c39e90264f33305004495a9","hash":"c9795396602ea5374635efd92bf874d084495499"}
,"/Users/landonjohnson/dev-local/workplaces/devlander/utils/src/toFlatObject.ts": {"path":"/Users/landonjohnson/dev-local/workplaces/devlander/utils/src/toFlatObject.ts","statementMap":{"0":{"start":{"line":1,"column":28},"end":{"line":57,"column":1}},"1":{"start":{"line":11,"column":2},"end":{"line":11,"column":39}},"2":{"start":{"line":12,"column":2},"end":{"line":12,"column":47}},"3":{"start":{"line":13,"column":2},"end":{"line":13,"column":43}},"4":{"start":{"line":15,"column":2},"end":{"line":21,"column":3}},"5":{"start":{"line":16,"column":4},"end":{"line":19,"column":6}},"6":{"start":{"line":20,"column":4},"end":{"line":20,"column":19}},"7":{"start":{"line":23,"column":34},"end":{"line":23,"column":43}},"8":{"start":{"line":24,"column":17},"end":{"line":24,"column":34}},"9":{"start":{"line":26,"column":2},"end":{"line":54,"column":58}},"10":{"start":{"line":27,"column":4},"end":{"line":29,"column":5}},"11":{"start":{"line":28,"column":6},"end":{"line":28,"column":12}},"12":{"start":{"line":31,"column":18},"end":{"line":31,"column":56}},"13":{"start":{"line":32,"column":4},"end":{"line":51,"column":5}},"14":{"start":{"line":34,"column":6},"end":{"line":36,"column":7}},"15":{"start":{"line":35,"column":8},"end":{"line":35,"column":17}},"16":{"start":{"line":38,"column":6},"end":{"line":44,"column":7}},"17":{"start":{"line":43,"column":8},"end":{"line":43,"column":17}},"18":{"start":{"line":46,"column":20},"end":{"line":46,"column":65}},"19":{"start":{"line":47,"column":6},"end":{"line":50,"column":7}},"20":{"start":{"line":48,"column":8},"end":{"line":48,"column":30}},"21":{"start":{"line":49,"column":8},"end":{"line":49,"column":25}},"22":{"start":{"line":53,"column":4},"end":{"line":53,"column":51}},"23":{"start":{"line":56,"column":2},"end":{"line":56,"column":17}}},"fnMap":{"0":{"name":"(anonymous_0)","decl":{"start":{"line":1,"column":28},"end":{"line":1,"column":29}},"loc":{"start":{"line":10,"column":30},"end":{"line":57,"column":1}},"line":10}},"branchMap":{"0":{"loc":{"start":{"line":3,"column":2},"end":{"line":3,"column":39}},"type":"default-arg","locations":[{"start":{"line":3,"column":37},"end":{"line":3,"column":39}}],"line":3},"1":{"loc":{"start":{"line":15,"column":2},"end":{"line":21,"column":3}},"type":"if","locations":[{"start":{"line":15,"column":2},"end":{"line":21,"column":3}},{"start":{},"end":{}}],"line":15},"2":{"loc":{"start":{"line":54,"column":11},"end":{"line":54,"column":56}},"type":"binary-expr","locations":[{"start":{"line":54,"column":11},"end":{"line":54,"column":21}},{"start":{"line":54,"column":25},"end":{"line":54,"column":56}}],"line":54},"3":{"loc":{"start":{"line":27,"column":4},"end":{"line":29,"column":5}},"type":"if","locations":[{"start":{"line":27,"column":4},"end":{"line":29,"column":5}},{"start":{},"end":{}}],"line":27},"4":{"loc":{"start":{"line":27,"column":8},"end":{"line":27,"column":37}},"type":"binary-expr","locations":[{"start":{"line":27,"column":8},"end":{"line":27,"column":14}},{"start":{"line":27,"column":18},"end":{"line":27,"column":37}}],"line":27},"5":{"loc":{"start":{"line":34,"column":6},"end":{"line":36,"column":7}},"type":"if","locations":[{"start":{"line":34,"column":6},"end":{"line":36,"column":7}},{"start":{},"end":{}}],"line":34},"6":{"loc":{"start":{"line":38,"column":6},"end":{"line":44,"column":7}},"type":"if","locations":[{"start":{"line":38,"column":6},"end":{"line":44,"column":7}},{"start":{},"end":{}}],"line":38},"7":{"loc":{"start":{"line":39,"column":8},"end":{"line":41,"column":62}},"type":"binary-expr","locations":[{"start":{"line":39,"column":8},"end":{"line":39,"column":24}},{"start":{"line":40,"column":8},"end":{"line":40,"column":23}},{"start":{"line":41,"column":9},"end":{"line":41,"column":19}},{"start":{"line":41,"column":23},"end":{"line":41,"column":61}}],"line":39},"8":{"loc":{"start":{"line":47,"column":6},"end":{"line":50,"column":7}},"type":"if","locations":[{"start":{"line":47,"column":6},"end":{"line":50,"column":7}},{"start":{},"end":{}}],"line":47}},"s":{"0":1,"1":11,"2":11,"3":11,"4":11,"5":1,"6":1,"7":10,"8":10,"9":10,"10":14,"11":1,"12":13,"13":13,"14":27,"15":5,"16":22,"17":4,"18":18,"19":18,"20":17,"21":17,"22":13,"23":10},"f":{"0":11},"b":{"0":[5],"1":[1,10],"2":[13,12],"3":[1,13],"4":[14,2],"5":[5,22],"6":[4,18],"7":[22,21,20,6],"8":[17,1]},"_coverageSchema":"1a1c01bbd47fc00a2c39e90264f33305004495a9","hash":"e46d2b93366928aa6c8c95f6be9ba17f8ea55216"}
,"/Users/landonjohnson/dev-local/workplaces/devlander/utils/src/toObjectSet.ts": {"path":"/Users/landonjohnson/dev-local/workplaces/devlander/utils/src/toObjectSet.ts","statementMap":{"0":{"start":{"line":1,"column":27},"end":{"line":28,"column":1}},"1":{"start":{"line":5,"column":42},"end":{"line":5,"column":44}},"2":{"start":{"line":7,"column":17},"end":{"line":11,"column":3}},"3":{"start":{"line":8,"column":4},"end":{"line":10,"column":7}},"4":{"start":{"line":9,"column":6},"end":{"line":9,"column":34}},"5":{"start":{"line":13,"column":2},"end":{"line":17,"column":3}},"6":{"start":{"line":14,"column":4},"end":{"line":14,"column":26}},"7":{"start":{"line":15,"column":9},"end":{"line":17,"column":3}},"8":{"start":{"line":16,"column":4},"end":{"line":16,"column":51}},"9":{"start":{"line":19,"column":2},"end":{"line":19,"column":26}},"10":{"start":{"line":21,"column":2},"end":{"line":25,"column":5}},"11":{"start":{"line":22,"column":4},"end":{"line":24,"column":5}},"12":{"start":{"line":23,"column":6},"end":{"line":23,"column":22}},"13":{"start":{"line":27,"column":2},"end":{"line":27,"column":13}}},"fnMap":{"0":{"name":"(anonymous_0)","decl":{"start":{"line":1,"column":27},"end":{"line":1,"column":28}},"loc":{"start":{"line":4,"column":33},"end":{"line":28,"column":1}},"line":4},"1":{"name":"(anonymous_1)","decl":{"start":{"line":7,"column":17},"end":{"line":7,"column":18}},"loc":{"start":{"line":7,"column":37},"end":{"line":11,"column":3}},"line":7},"2":{"name":"(anonymous_2)","decl":{"start":{"line":8,"column":16},"end":{"line":8,"column":17}},"loc":{"start":{"line":8,"column":27},"end":{"line":10,"column":5}},"line":8},"3":{"name":"(anonymous_3)","decl":{"start":{"line":21,"column":27},"end":{"line":21,"column":28}},"loc":{"start":{"line":21,"column":36},"end":{"line":25,"column":3}},"line":21}},"branchMap":{"0":{"loc":{"start":{"line":13,"column":2},"end":{"line":17,"column":3}},"type":"if","locations":[{"start":{"line":13,"column":2},"end":{"line":17,"column":3}},{"start":{"line":15,"column":9},"end":{"line":17,"column":3}}],"line":13},"1":{"loc":{"start":{"line":15,"column":9},"end":{"line":17,"column":3}},"type":"if","locations":[{"start":{"line":15,"column":9},"end":{"line":17,"column":3}},{"start":{},"end":{}}],"line":15},"2":{"loc":{"start":{"line":15,"column":13},"end":{"line":15,"column":73}},"type":"binary-expr","locations":[{"start":{"line":15,"column":13},"end":{"line":15,"column":46}},{"start":{"line":15,"column":50},"end":{"line":15,"column":73}}],"line":15},"3":{"loc":{"start":{"line":22,"column":4},"end":{"line":24,"column":5}},"type":"if","locations":[{"start":{"line":22,"column":4},"end":{"line":24,"column":5}},{"start":{},"end":{}}],"line":22}},"s":{"0":1,"1":4,"2":4,"3":4,"4":7,"5":4,"6":2,"7":2,"8":2,"9":4,"10":4,"11":7,"12":1,"13":4},"f":{"0":4,"1":4,"2":7,"3":7},"b":{"0":[2,2],"1":[2,0],"2":[2,2],"3":[1,6]},"_coverageSchema":"1a1c01bbd47fc00a2c39e90264f33305004495a9","hash":"a8c76c6f919468d923cb0772b0aacc46713b42b4"}
,"/Users/landonjohnson/dev-local/workplaces/devlander/utils/src/toQueryString.ts": {"path":"/Users/landonjohnson/dev-local/workplaces/devlander/utils/src/toQueryString.ts","statementMap":{"0":{"start":{"line":56,"column":29},"end":{"line":78,"column":1}},"1":{"start":{"line":57,"column":2},"end":{"line":57,"column":59}},"2":{"start":{"line":57,"column":49},"end":{"line":57,"column":59}},"3":{"start":{"line":59,"column":24},"end":{"line":69,"column":3}},"4":{"start":{"line":60,"column":4},"end":{"line":68,"column":11}},"5":{"start":{"line":61,"column":20},"end":{"line":61,"column":26}},"6":{"start":{"line":62,"column":6},"end":{"line":66,"column":7}},"7":{"start":{"line":63,"column":8},"end":{"line":63,"column":79}},"8":{"start":{"line":64,"column":13},"end":{"line":66,"column":7}},"9":{"start":{"line":65,"column":8},"end":{"line":65,"column":31}},"10":{"start":{"line":67,"column":6},"end":{"line":67,"column":17}},"11":{"start":{"line":71,"column":25},"end":{"line":71,"column":45}},"12":{"start":{"line":73,"column":22},"end":{"line":75,"column":14}},"13":{"start":{"line":74,"column":18},"end":{"line":74,"column":89}},"14":{"start":{"line":77,"column":2},"end":{"line":77,"column":46}}},"fnMap":{"0":{"name":"(anonymous_0)","decl":{"start":{"line":56,"column":29},"end":{"line":56,"column":30}},"loc":{"start":{"line":56,"column":174},"end":{"line":78,"column":1}},"line":56},"1":{"name":"(anonymous_1)","decl":{"start":{"line":59,"column":24},"end":{"line":59,"column":25}},"loc":{"start":{"line":59,"column":95},"end":{"line":69,"column":3}},"line":59},"2":{"name":"(anonymous_2)","decl":{"start":{"line":60,"column":35},"end":{"line":60,"column":36}},"loc":{"start":{"line":60,"column":79},"end":{"line":68,"column":5}},"line":60},"3":{"name":"(anonymous_3)","decl":{"start":{"line":74,"column":9},"end":{"line":74,"column":10}},"loc":{"start":{"line":74,"column":18},"end":{"line":74,"column":89}},"line":74}},"branchMap":{"0":{"loc":{"start":{"line":57,"column":2},"end":{"line":57,"column":59}},"type":"if","locations":[{"start":{"line":57,"column":2},"end":{"line":57,"column":59}},{"start":{},"end":{}}],"line":57},"1":{"loc":{"start":{"line":57,"column":6},"end":{"line":57,"column":47}},"type":"binary-expr","locations":[{"start":{"line":57,"column":6},"end":{"line":57,"column":12}},{"start":{"line":57,"column":16},"end":{"line":57,"column":47}}],"line":57},"2":{"loc":{"start":{"line":59,"column":55},"end":{"line":59,"column":66}},"type":"default-arg","locations":[{"start":{"line":59,"column":64},"end":{"line":59,"column":66}}],"line":59},"3":{"loc":{"start":{"line":62,"column":6},"end":{"line":66,"column":7}},"type":"if","locations":[{"start":{"line":62,"column":6},"end":{"line":66,"column":7}},{"start":{"line":64,"column":13},"end":{"line":66,"column":7}}],"line":62},"4":{"loc":{"start":{"line":62,"column":10},"end":{"line":62,"column":78}},"type":"binary-expr","locations":[{"start":{"line":62,"column":10},"end":{"line":62,"column":35}},{"start":{"line":62,"column":39},"end":{"line":62,"column":53}},{"start":{"line":62,"column":57},"end":{"line":62,"column":78}}],"line":62},"5":{"loc":{"start":{"line":64,"column":13},"end":{"line":66,"column":7}},"type":"if","locations":[{"start":{"line":64,"column":13},"end":{"line":66,"column":7}},{"start":{},"end":{}}],"line":64},"6":{"loc":{"start":{"line":64,"column":17},"end":{"line":64,"column":54}},"type":"binary-expr","locations":[{"start":{"line":64,"column":17},"end":{"line":64,"column":31}},{"start":{"line":64,"column":35},"end":{"line":64,"column":54}}],"line":64},"7":{"loc":{"start":{"line":77,"column":9},"end":{"line":77,"column":45}},"type":"cond-expr","locations":[{"start":{"line":77,"column":23},"end":{"line":77,"column":40}},{"start":{"line":77,"column":43},"end":{"line":77,"column":45}}],"line":77}},"s":{"0":1,"1":10,"2":2,"3":8,"4":9,"5":26,"6":26,"7":1,"8":25,"9":21,"10":26,"11":8,"12":8,"13":21,"14":8},"f":{"0":10,"1":9,"2":26,"3":21},"b":{"0":[2,8],"1":[10,9],"2":[8],"3":[1,25],"4":[26,3,1],"5":[21,4],"6":[25,23],"7":[7,1]},"_coverageSchema":"1a1c01bbd47fc00a2c39e90264f33305004495a9","hash":"86f2dde3af85d96a7d3ebca5d2d28ed29ae13c3d"}
,"/Users/landonjohnson/dev-local/workplaces/devlander/utils/src/typeToTest.ts": {"path":"/Users/landonjohnson/dev-local/workplaces/devlander/utils/src/typeToTest.ts","statementMap":{"0":{"start":{"line":38,"column":2},"end":{"line":40,"column":25}},"1":{"start":{"line":39,"column":2},"end":{"line":40,"column":25}},"2":{"start":{"line":40,"column":4},"end":{"line":40,"column":25}}},"fnMap":{"0":{"name":"(anonymous_0)","decl":{"start":{"line":38,"column":2},"end":{"line":38,"column":3}},"loc":{"start":{"line":39,"column":2},"end":{"line":40,"column":25}},"line":39},"1":{"name":"(anonymous_1)","decl":{"start":{"line":39,"column":2},"end":{"line":39,"column":3}},"loc":{"start":{"line":40,"column":4},"end":{"line":40,"column":25}},"line":40}},"branchMap":{},"s":{"0":7,"1":37,"2":56},"f":{"0":37,"1":56},"b":{},"_coverageSchema":"1a1c01bbd47fc00a2c39e90264f33305004495a9","hash":"f6b120e252d85ea5c63b461c5cb8cfc860f1c885"}
,"/Users/landonjohnson/dev-local/workplaces/devlander/utils/src/waitFor.ts": {"path":"/Users/landonjohnson/dev-local/workplaces/devlander/utils/src/waitFor.ts","statementMap":{"0":{"start":{"line":14,"column":32},"end":{"line":45,"column":1}},"1":{"start":{"line":19,"column":2},"end":{"line":21,"column":3}},"2":{"start":{"line":20,"column":4},"end":{"line":20,"column":21}},"3":{"start":{"line":23,"column":2},"end":{"line":25,"column":3}},"4":{"start":{"line":24,"column":4},"end":{"line":24,"column":24}},"5":{"start":{"line":27,"column":20},"end":{"line":27,"column":30}},"6":{"start":{"line":28,"column":15},"end":{"line":28,"column":56}},"7":{"start":{"line":30,"column":4},"end":{"line":30,"column":77}},"8":{"start":{"line":32,"column":2},"end":{"line":44,"column":5}},"9":{"start":{"line":33,"column":4},"end":{"line":43,"column":13}},"10":{"start":{"line":34,"column":6},"end":{"line":41,"column":7}},"11":{"start":{"line":35,"column":24},"end":{"line":35,"column":34}},"12":{"start":{"line":36,"column":27},"end":{"line":36,"column":46}},"13":{"start":{"line":38,"column":25},"end":{"line":38,"column":76}},"14":{"start":{"line":39,"column":21},"end":{"line":39,"column":52}},"15":{"start":{"line":40,"column":8},"end":{"line":40,"column":56}},"16":{"start":{"line":42,"column":6},"end":{"line":42,"column":16}}},"fnMap":{"0":{"name":"(anonymous_0)","decl":{"start":{"line":14,"column":32},"end":{"line":14,"column":33}},"loc":{"start":{"line":18,"column":5},"end":{"line":45,"column":1}},"line":18},"1":{"name":"(anonymous_1)","decl":{"start":{"line":30,"column":69},"end":{"line":30,"column":70}},"loc":{"start":{"line":30,"column":75},"end":{"line":30,"column":77}},"line":30},"2":{"name":"(anonymous_2)","decl":{"start":{"line":32,"column":27},"end":{"line":32,"column":28}},"loc":{"start":{"line":32,"column":40},"end":{"line":44,"column":3}},"line":32},"3":{"name":"(anonymous_3)","decl":{"start":{"line":33,"column":15},"end":{"line":33,"column":16}},"loc":{"start":{"line":33,"column":21},"end":{"line":43,"column":5}},"line":33}},"branchMap":{"0":{"loc":{"start":{"line":19,"column":2},"end":{"line":21,"column":3}},"type":"if","locations":[{"start":{"line":19,"column":2},"end":{"line":21,"column":3}},{"start":{},"end":{}}],"line":19},"1":{"loc":{"start":{"line":19,"column":6},"end":{"line":19,"column":45}},"type":"binary-expr","locations":[{"start":{"line":19,"column":6},"end":{"line":19,"column":24}},{"start":{"line":19,"column":28},"end":{"line":19,"column":45}}],"line":19},"2":{"loc":{"start":{"line":23,"column":2},"end":{"line":25,"column":3}},"type":"if","locations":[{"start":{"line":23,"column":2},"end":{"line":25,"column":3}},{"start":{},"end":{}}],"line":23},"3":{"loc":{"start":{"line":23,"column":6},"end":{"line":23,"column":76}},"type":"binary-expr","locations":[{"start":{"line":23,"column":6},"end":{"line":23,"column":38}},{"start":{"line":23,"column":42},"end":{"line":23,"column":76}}],"line":23},"4":{"loc":{"start":{"line":28,"column":15},"end":{"line":28,"column":56}},"type":"cond-expr","locations":[{"start":{"line":28,"column":36},"end":{"line":28,"column":41}},{"start":{"line":28,"column":44},"end":{"line":28,"column":56}}],"line":28},"5":{"loc":{"start":{"line":30,"column":4},"end":{"line":30,"column":77}},"type":"cond-expr","locations":[{"start":{"line":30,"column":55},"end":{"line":30,"column":66}},{"start":{"line":30,"column":69},"end":{"line":30,"column":77}}],"line":30},"6":{"loc":{"start":{"line":30,"column":4},"end":{"line":30,"column":52}},"type":"binary-expr","locations":[{"start":{"line":30,"column":4},"end":{"line":30,"column":15}},{"start":{"line":30,"column":19},"end":{"line":30,"column":52}}],"line":30},"7":{"loc":{"start":{"line":34,"column":6},"end":{"line":41,"column":7}},"type":"if","locations":[{"start":{"line":34,"column":6},"end":{"line":41,"column":7}},{"start":{},"end":{}}],"line":34},"8":{"loc":{"start":{"line":34,"column":10},"end":{"line":34,"column":58}},"type":"binary-expr","locations":[{"start":{"line":34,"column":10},"end":{"line":34,"column":21}},{"start":{"line":34,"column":25},"end":{"line":34,"column":58}}],"line":34},"9":{"loc":{"start":{"line":38,"column":25},"end":{"line":38,"column":76}},"type":"cond-expr","locations":[{"start":{"line":38,"column":46},"end":{"line":38,"column":56}},{"start":{"line":38,"column":59},"end":{"line":38,"column":76}}],"line":38},"10":{"loc":{"start":{"line":39,"column":21},"end":{"line":39,"column":52}},"type":"cond-expr","locations":[{"start":{"line":39,"column":42},"end":{"line":39,"column":46}},{"start":{"line":39,"column":49},"end":{"line":39,"column":52}}],"line":39}},"s":{"0":1,"1":4,"2":1,"3":4,"4":2,"5":4,"6":4,"7":4,"8":4,"9":4,"10":4,"11":1,"12":1,"13":1,"14":1,"15":1,"16":4},"f":{"0":4,"1":0,"2":4,"3":4},"b":{"0":[1,3],"1":[4,2],"2":[2,2],"3":[4,2],"4":[3,1],"5":[1,3],"6":[4,1],"7":[1,3],"8":[4,1],"9":[1,0],"10":[1,0]},"_coverageSchema":"1a1c01bbd47fc00a2c39e90264f33305004495a9","hash":"2db5d55e6f78965ab92c5c2f6b1f18327be25331"}
,"/Users/landonjohnson/dev-local/workplaces/devlander/utils/src/wrapFunctionWithOptionalArgs.ts": {"path":"/Users/landonjohnson/dev-local/workplaces/devlander/utils/src/wrapFunctionWithOptionalArgs.ts","statementMap":{"0":{"start":{"line":15,"column":44},"end":{"line":24,"column":1}},"1":{"start":{"line":18,"column":2},"end":{"line":23,"column":4}},"2":{"start":{"line":19,"column":25},"end":{"line":19,"column":58}},"3":{"start":{"line":20,"column":25},"end":{"line":20,"column":57}},"4":{"start":{"line":21,"column":38},"end":{"line":21,"column":69}},"5":{"start":{"line":22,"column":4},"end":{"line":22,"column":24}}},"fnMap":{"0":{"name":"(anonymous_0)","decl":{"start":{"line":15,"column":44},"end":{"line":15,"column":45}},"loc":{"start":{"line":17,"column":5},"end":{"line":24,"column":1}},"line":17},"1":{"name":"(anonymous_1)","decl":{"start":{"line":18,"column":9},"end":{"line":18,"column":10}},"loc":{"start":{"line":18,"column":44},"end":{"line":23,"column":3}},"line":18}},"branchMap":{},"s":{"0":1,"1":3,"2":3,"3":3,"4":3,"5":3},"f":{"0":3,"1":3},"b":{},"_coverageSchema":"1a1c01bbd47fc00a2c39e90264f33305004495a9","hash":"e4f1e42da079f4104863386c2746b1e12698e78a"}
}
