TN:
SF:src/array-operations/deduplicate.ts
FN:29,(anonymous_0)
FN:55,(anonymous_1)
FN:63,(anonymous_2)
FN:72,(anonymous_3)
FN:81,(anonymous_4)
FN:100,(anonymous_5)
FN:110,(anonymous_6)
FNF:7
FNH:7
FNDA:12,(anonymous_0)
FNDA:12,(anonymous_1)
FNDA:6,(anonymous_2)
FNDA:6,(anonymous_3)
FNDA:5,(anonymous_4)
FNDA:9,(anonymous_5)
FNDA:3,(anonymous_6)
DA:29,1
DA:36,12
DA:37,0
DA:38,0
DA:39,0
DA:41,0
DA:42,0
DA:44,0
DA:46,0
DA:47,0
DA:48,0
DA:49,0
DA:51,0
DA:55,12
DA:56,12
DA:60,3
DA:61,2
DA:63,6
DA:66,1
DA:71,2
DA:72,6
DA:74,0
DA:79,2
DA:80,2
DA:81,2
DA:83,5
DA:84,3
DA:85,3
DA:87,2
DA:89,2
DA:91,0
DA:96,2
DA:97,2
DA:100,9
DA:102,2
DA:104,0
DA:109,2
DA:110,3
DA:112,0
DA:114,2
DA:117,12
LF:41
LH:26
BRDA:36,0,0,0
BRDA:36,0,1,12
BRDA:37,1,0,0
BRDA:37,1,1,0
BRDA:39,2,0,0
BRDA:39,2,1,0
BRDA:41,3,0,0
BRDA:41,3,1,0
BRDA:41,4,0,0
BRDA:41,4,1,0
BRDA:46,5,0,0
BRDA:46,5,1,0
BRDA:48,6,0,0
BRDA:48,6,1,0
BRDA:48,7,0,0
BRDA:48,7,1,0
BRDA:56,8,0,3
BRDA:56,8,1,3
BRDA:56,8,2,3
BRDA:56,8,3,2
BRDA:56,8,4,2
BRDA:56,8,5,2
BRDA:56,8,6,2
BRDA:56,8,7,2
BRDA:56,8,8,2
BRDA:56,8,9,2
BRDA:56,8,10,2
BRDA:56,8,11,2
BRDA:56,8,12,2
BRDA:56,8,13,2
BRDA:56,8,14,2
BRDA:60,9,0,2
BRDA:60,9,1,1
BRDA:71,10,0,2
BRDA:71,10,1,0
BRDA:79,11,0,2
BRDA:79,11,1,0
BRDA:79,12,0,2
BRDA:79,12,1,2
BRDA:83,13,0,3
BRDA:83,13,1,2
BRDA:96,14,0,2
BRDA:96,14,1,0
BRDA:109,15,0,2
BRDA:109,15,1,0
BRDA:109,16,0,2
BRDA:109,16,1,2
BRF:47
BRH:28
end_of_record
TN:
SF:src/array-operations/filterAndSuggestItems.ts
FN:177,filterAndSuggestItems
FN:197,(anonymous_1)
FN:217,(anonymous_2)
FN:225,(anonymous_3)
FN:226,(anonymous_4)
FNF:5
FNH:5
FNDA:7,filterAndSuggestItems
FNDA:11,(anonymous_1)
FNDA:25,(anonymous_2)
FNDA:73,(anonymous_3)
FNDA:31,(anonymous_4)
DA:3,1
DA:188,7
DA:191,7
DA:194,6
DA:197,11
DA:200,6
DA:203,5
DA:210,5
DA:211,15
DA:214,15
DA:217,14
DA:218,25
DA:219,25
DA:222,25
DA:225,73
DA:226,31
DA:229,14
DA:230,3
DA:234,5
LF:19
LH:19
BRDA:181,0,0,0
BRDA:182,1,0,0
BRDA:183,2,0,2
BRDA:184,3,0,2
BRDA:185,4,0,5
BRDA:186,5,0,6
BRDA:191,6,0,1
BRDA:191,6,1,6
BRDA:191,7,0,7
BRDA:191,7,1,6
BRDA:197,8,0,11
BRDA:197,8,1,11
BRDA:200,9,0,1
BRDA:200,9,1,5
BRDA:204,10,0,5
BRDA:204,10,1,0
BRDA:214,11,0,1
BRDA:214,11,1,14
BRDA:219,12,0,0
BRDA:219,12,1,25
BRDA:219,13,0,25
BRDA:219,13,1,25
BRDA:229,14,0,3
BRDA:229,14,1,11
BRF:24
BRH:20
end_of_record
TN:
SF:src/array-operations/getRandomValFromArray.ts
FN:7,(anonymous_0)
FNF:1
FNH:1
FNDA:3,(anonymous_0)
DA:7,1
DA:8,3
DA:9,2
DA:10,2
LF:4
LH:4
BRDA:8,0,0,1
BRDA:8,0,1,2
BRDA:10,1,0,2
BRDA:10,1,1,1
BRF:4
BRH:4
end_of_record
TN:
SF:src/array-operations/getRange.ts
FN:7,(anonymous_0)
FN:11,(anonymous_1)
FNF:2
FNH:2
FNDA:3,(anonymous_0)
FNDA:5,(anonymous_1)
DA:7,1
DA:8,3
DA:9,1
DA:11,5
LF:4
LH:4
BRDA:8,0,0,1
BRDA:8,0,1,2
BRF:2
BRH:2
end_of_record
TN:
SF:src/array-operations/selectFromList.ts
FN:13,(anonymous_0)
FNF:1
FNH:1
FNDA:4,(anonymous_0)
DA:13,1
DA:17,4
LF:2
LH:2
BRF:0
BRH:0
end_of_record
TN:
SF:src/base64-utilities/convertBlobToBase64Native.ts
FN:8,convertBlobToBase64NativeAsync
FN:9,(anonymous_1)
FN:17,(anonymous_2)
FN:25,(anonymous_3)
FNF:4
FNH:3
FNDA:3,convertBlobToBase64NativeAsync
FNDA:3,(anonymous_1)
FNDA:2,(anonymous_2)
FNDA:0,(anonymous_3)
DA:9,3
DA:10,3
DA:11,1
DA:14,2
DA:15,2
DA:17,2
DA:18,2
DA:19,2
DA:22,2
DA:25,2
DA:26,0
LF:11
LH:10
BRDA:10,0,0,1
BRDA:10,0,1,2
BRDA:10,1,0,3
BRDA:10,1,1,3
BRF:4
BRH:4
end_of_record
TN:
SF:src/base64-utilities/convertBlobToBase64Web.ts
FN:6,convertBlobToBase64WebAsync
FN:7,(anonymous_1)
FN:21,(anonymous_2)
FN:25,(anonymous_3)
FNF:4
FNH:3
FNDA:3,convertBlobToBase64WebAsync
FNDA:3,(anonymous_1)
FNDA:2,(anonymous_2)
FNDA:0,(anonymous_3)
DA:7,3
DA:8,3
DA:9,1
DA:12,2
DA:13,0
DA:18,2
DA:19,2
DA:21,2
DA:22,2
DA:25,2
DA:26,0
LF:11
LH:9
BRDA:8,0,0,1
BRDA:8,0,1,2
BRDA:8,1,0,3
BRDA:8,1,1,3
BRDA:12,2,0,0
BRDA:12,2,1,2
BRF:6
BRH:5
end_of_record
TN:
SF:src/base64-utilities/decodeBase64ToString.ts
FN:8,decodeBase64ToString
FN:22,(anonymous_1)
FNF:2
FNH:1
FNDA:6,decodeBase64ToString
FNDA:0,(anonymous_1)
DA:10,6
DA:11,6
DA:15,0
DA:16,0
DA:18,0
DA:23,0
DA:29,0
DA:33,0
LF:8
LH:2
BRDA:10,0,0,6
BRDA:10,0,1,0
BRDA:15,1,0,0
BRDA:15,1,1,0
BRF:4
BRH:1
end_of_record
TN:
SF:src/base64-utilities/encodeStringToBase64.ts
FN:8,encodeStringToBase64
FN:19,(anonymous_1)
FNF:2
FNH:1
FNDA:6,encodeStringToBase64
FNDA:0,(anonymous_1)
DA:10,6
DA:11,6
DA:15,0
DA:16,0
DA:18,0
DA:20,0
DA:25,0
DA:29,0
LF:8
LH:2
BRDA:10,0,0,6
BRDA:10,0,1,0
BRDA:15,1,0,0
BRDA:15,1,1,0
BRF:4
BRH:1
end_of_record
TN:
SF:src/base64-utilities/index.ts
FNF:0
FNH:0
LF:0
LH:0
BRF:0
BRH:0
end_of_record
TN:
SF:src/base64-utilities/isValidBase64.ts
FN:8,isValidBase64
FNF:1
FNH:1
FNDA:12,isValidBase64
DA:9,12
DA:10,4
DA:14,8
DA:15,1
DA:19,7
DA:21,7
DA:22,2
DA:26,5
DA:27,5
DA:28,0
DA:32,5
DA:33,5
DA:37,0
DA:38,0
DA:39,0
DA:42,0
LF:16
LH:11
BRDA:9,0,0,4
BRDA:9,0,1,8
BRDA:14,1,0,1
BRDA:14,1,1,7
BRDA:21,2,0,2
BRDA:21,2,1,5
BRDA:27,3,0,0
BRDA:27,3,1,5
BRDA:32,4,0,5
BRDA:32,4,1,0
BRDA:32,5,0,5
BRDA:32,5,1,2
BRDA:32,5,2,1
BRDA:38,6,0,0
BRDA:38,6,1,0
BRF:15
BRH:11
end_of_record
TN:
SF:src/base64-utilities/isValidBlob.ts
FN:8,isValidBlob
FNF:1
FNH:1
FNDA:7,isValidBlob
DA:1,1
DA:9,7
LF:2
LH:2
BRDA:10,0,0,7
BRDA:10,0,1,6
BRDA:10,0,2,1
BRF:3
BRH:3
end_of_record
TN:
SF:src/data-formatting/abbreviateNumber.ts
FN:63,(anonymous_0)
FNF:1
FNH:1
FNDA:16,(anonymous_0)
DA:63,1
DA:67,16
DA:78,16
DA:79,1
DA:83,15
DA:86,15
DA:87,1
DA:91,14
DA:94,14
DA:97,13
DA:98,13
DA:101,13
DA:104,13
DA:105,3
DA:107,1
DA:108,1
DA:110,1
DA:111,1
DA:115,1
DA:120,13
DA:121,1
DA:122,12
DA:123,7
DA:126,13
LF:24
LH:24
BRDA:78,0,0,1
BRDA:78,0,1,15
BRDA:83,1,0,2
BRDA:83,1,1,13
BRDA:86,2,0,1
BRDA:86,2,1,14
BRDA:94,3,0,1
BRDA:94,3,1,13
BRDA:104,4,0,3
BRDA:104,4,1,10
BRDA:105,5,0,1
BRDA:105,5,1,1
BRDA:105,5,2,1
BRDA:105,5,3,1
BRDA:120,6,0,1
BRDA:120,6,1,12
BRDA:122,7,0,7
BRDA:122,7,1,5
BRF:18
BRH:18
end_of_record
TN:
SF:src/data-formatting/composeLabelFromParts.ts
FN:87,(anonymous_0)
FN:118,(anonymous_1)
FNF:2
FNH:2
FNDA:7,(anonymous_0)
FNDA:9,(anonymous_1)
DA:87,1
DA:94,7
DA:95,1
DA:100,6
DA:104,6
DA:108,6
DA:112,6
DA:113,3
DA:117,3
DA:119,9
DA:120,9
DA:121,9
DA:125,3
LF:13
LH:13
BRDA:90,0,0,5
BRDA:91,1,0,5
BRDA:92,2,0,5
BRDA:94,3,0,1
BRDA:94,3,1,6
BRDA:94,4,0,7
BRDA:94,4,1,7
BRDA:100,5,0,6
BRDA:100,5,1,1
BRDA:104,6,0,6
BRDA:104,6,1,5
BRDA:108,7,0,6
BRDA:108,7,1,5
BRDA:112,8,0,3
BRDA:112,8,1,3
BRDA:121,9,0,3
BRDA:121,9,1,6
BRF:17
BRH:17
end_of_record
TN:
SF:src/data-formatting/formatRangeOrPercent.ts
FN:74,(anonymous_0)
FN:87,(anonymous_1)
FNF:2
FNH:2
FNDA:8,(anonymous_0)
FNDA:8,(anonymous_1)
DA:74,1
DA:85,8
DA:87,8
DA:92,8
DA:100,8
DA:108,8
DA:114,8
DA:116,8
DA:117,2
DA:122,6
DA:123,3
DA:126,3
DA:127,3
DA:130,8
LF:14
LH:14
BRDA:78,0,0,0
BRDA:79,1,0,1
BRDA:80,2,0,5
BRDA:81,3,0,6
BRDA:82,4,0,5
BRDA:83,5,0,6
BRDA:84,6,0,6
BRDA:93,7,0,8
BRDA:93,7,1,5
BRDA:93,7,2,5
BRDA:93,7,3,4
BRDA:108,8,0,3
BRDA:108,8,1,5
BRDA:110,9,0,2
BRDA:110,9,1,3
BRDA:111,10,0,1
BRDA:111,10,1,1
BRDA:116,11,0,2
BRDA:116,11,1,6
BRDA:117,12,0,2
BRDA:117,12,1,0
BRDA:118,13,0,1
BRDA:118,13,1,1
BRDA:120,14,0,1
BRDA:120,14,1,1
BRDA:121,15,0,2
BRDA:121,15,1,0
BRDA:122,16,0,3
BRDA:122,16,1,3
BRDA:124,17,0,2
BRDA:124,17,1,1
BRDA:125,18,0,1
BRDA:125,18,1,2
BRDA:126,19,0,3
BRDA:126,19,1,0
BRF:35
BRH:31
end_of_record
TN:
SF:src/data-formatting/getMessageByField.ts
FN:17,(anonymous_0)
FN:21,(anonymous_1)
FNF:2
FNH:2
FNDA:4,(anonymous_0)
FNDA:5,(anonymous_1)
DA:17,1
DA:21,4
DA:22,5
DA:23,2
DA:24,2
DA:25,2
DA:27,3
DA:28,3
DA:29,3
DA:30,0
DA:33,3
DA:36,4
DA:37,2
DA:38,2
DA:39,2
DA:40,3
DA:41,3
DA:42,1
DA:45,1
DA:47,0
LF:20
LH:18
BRDA:22,0,0,2
BRDA:22,0,1,3
BRDA:22,1,0,5
BRDA:22,1,1,5
BRDA:24,2,0,2
BRDA:24,2,1,0
BRDA:27,3,0,3
BRDA:27,3,1,0
BRDA:29,4,0,0
BRDA:29,4,1,3
BRDA:36,5,0,2
BRDA:36,5,1,2
BRDA:37,6,0,2
BRDA:37,6,1,1
BRDA:38,7,0,2
BRDA:38,7,1,0
BRDA:41,8,0,1
BRDA:41,8,1,2
BRF:18
BRH:14
end_of_record
TN:
SF:src/data-formatting/getMessageFromObject.ts
FN:13,(anonymous_0)
FN:23,(anonymous_1)
FNF:2
FNH:2
FNDA:8,(anonymous_0)
FNDA:3,(anonymous_1)
DA:13,2
DA:18,8
DA:19,3
DA:21,3
DA:22,2
DA:23,3
DA:28,6
LF:7
LH:7
BRDA:16,0,0,8
BRDA:18,1,0,3
BRDA:18,1,1,5
BRDA:18,2,0,8
BRDA:18,2,1,7
BRDA:21,3,0,2
BRDA:21,3,1,1
BRDA:21,4,0,3
BRDA:21,4,1,3
BRDA:23,5,0,2
BRDA:23,5,1,1
BRF:11
BRH:11
end_of_record
TN:
SF:src/data-validation/generateAllowedOrigins.ts
FN:19,(anonymous_0)
FN:29,(anonymous_1)
FN:54,(anonymous_2)
FN:64,(anonymous_3)
FN:72,(anonymous_4)
FNF:5
FNH:5
FNDA:1012,(anonymous_0)
FNDA:1011,(anonymous_1)
FNDA:10,(anonymous_2)
FNDA:1012,(anonymous_3)
FNDA:2019,(anonymous_4)
DA:19,1
DA:20,1012
DA:29,1
DA:31,1011
DA:32,1
DA:36,1010
DA:37,2
DA:42,1008
DA:43,1008
DA:54,1
DA:62,10
DA:64,10
DA:65,1012
DA:67,1012
DA:68,2
DA:69,2
DA:72,1010
DA:73,2019
DA:78,0
DA:81,2019
DA:84,2019
DA:85,2014
DA:90,1010
DA:93,1010
DA:94,1007
DA:98,10
LF:26
LH:25
BRDA:31,0,0,1
BRDA:31,0,1,1010
BRDA:31,1,0,1011
BRDA:31,1,1,1010
BRDA:36,2,0,2
BRDA:36,2,1,1008
BRDA:56,3,0,0
BRDA:57,4,0,9
BRDA:67,5,0,2
BRDA:67,5,1,1010
BRDA:67,6,0,1012
BRDA:67,6,1,1011
BRDA:73,7,0,0
BRDA:73,7,1,2019
BRDA:84,8,0,2014
BRDA:84,8,1,5
BRDA:84,9,0,2019
BRDA:84,9,1,2018
BRDA:93,10,0,1007
BRDA:93,10,1,3
BRDA:93,11,0,1010
BRDA:93,11,1,1009
BRF:22
BRH:20
end_of_record
TN:
SF:src/data-validation/generateStripeCard.ts
FN:21,generateStripeCard
FNF:1
FNH:1
FNDA:3,generateStripeCard
DA:8,1
DA:22,3
DA:26,3
DA:29,3
DA:30,3
DA:35,3
DA:36,3
DA:37,3
DA:39,3
LF:9
LH:9
BRDA:29,0,0,1
BRDA:29,0,1,2
BRF:2
BRH:2
end_of_record
TN:
SF:src/data-validation/hasItemByLetterAndFilter.ts
FN:13,(anonymous_0)
FN:20,(anonymous_1)
FN:30,(anonymous_2)
FN:36,(anonymous_3)
FN:39,(anonymous_4)
FN:46,(anonymous_5)
FNF:6
FNH:6
FNDA:4,(anonymous_0)
FNDA:8,(anonymous_1)
FNDA:8,(anonymous_2)
FNDA:16,(anonymous_3)
FNDA:8,(anonymous_4)
FNDA:5,(anonymous_5)
DA:13,1
DA:20,4
DA:21,8
DA:22,0
DA:24,8
DA:26,8
DA:27,0
DA:30,8
DA:31,8
DA:32,0
DA:34,8
DA:36,16
DA:39,8
DA:40,8
DA:41,4
DA:44,4
DA:46,4
DA:47,5
DA:51,8
DA:52,8
DA:54,8
DA:56,8
LF:22
LH:19
BRDA:16,0,0,2
BRDA:21,1,0,0
BRDA:21,1,1,8
BRDA:24,2,0,8
BRDA:24,2,1,0
BRDA:26,3,0,0
BRDA:26,3,1,8
BRDA:30,4,0,4
BRDA:31,5,0,0
BRDA:31,5,1,8
BRDA:40,6,0,4
BRDA:40,6,1,4
BRDA:54,7,0,2
BRDA:54,7,1,6
BRDA:54,8,0,8
BRDA:54,8,1,5
BRF:16
BRH:12
end_of_record
TN:
SF:src/data-validation/jsonContainsNewLine.ts
FN:3,(anonymous_0)
FN:12,(anonymous_1)
FNF:2
FNH:2
FNDA:7,(anonymous_0)
FNDA:8,(anonymous_1)
DA:3,2
DA:7,7
DA:8,7
DA:9,1
DA:12,6
DA:13,8
DA:14,16
DA:15,2
DA:16,14
DA:17,2
DA:18,0
DA:22,6
DA:25,6
DA:26,6
DA:30,0
LF:15
LH:13
BRDA:8,0,0,1
BRDA:8,0,1,6
BRDA:14,1,0,2
BRDA:14,1,1,14
BRDA:14,2,0,16
BRDA:14,2,1,12
BRDA:16,3,0,2
BRDA:16,3,1,12
BRDA:16,4,0,14
BRDA:16,4,1,2
BRDA:17,5,0,0
BRDA:17,5,1,2
BRDA:25,6,0,6
BRDA:25,6,1,0
BRF:14
BRH:12
end_of_record
TN:
SF:src/development-tools/loggerUtils.ts
FN:26,(anonymous_0)
FN:46,(anonymous_1)
FN:59,(anonymous_2)
FN:70,(anonymous_3)
FN:87,(anonymous_4)
FN:104,(anonymous_5)
FN:114,(anonymous_6)
FN:127,(anonymous_7)
FNF:8
FNH:8
FNDA:14,(anonymous_0)
FNDA:4,(anonymous_1)
FNDA:2,(anonymous_2)
FNDA:2,(anonymous_3)
FNDA:3,(anonymous_4)
FNDA:9,(anonymous_5)
FNDA:2,(anonymous_6)
FNDA:2,(anonymous_7)
DA:7,1
DA:26,1
DA:31,14
DA:33,14
DA:34,0
DA:36,14
DA:46,1
DA:50,4
DA:59,1
DA:60,2
DA:61,2
DA:70,1
DA:75,2
DA:76,2
DA:87,1
DA:94,3
DA:97,3
DA:98,3
DA:104,1
DA:105,9
DA:114,1
DA:115,2
DA:116,2
DA:117,2
DA:118,2
DA:127,1
DA:128,2
DA:129,2
DA:130,2
DA:131,2
LF:30
LH:29
BRDA:31,0,0,14
BRDA:31,0,1,0
BRDA:33,1,0,0
BRDA:33,1,1,14
BRDA:48,2,0,1
BRDA:60,3,0,1
BRDA:60,3,1,1
BRDA:75,4,0,1
BRDA:75,4,1,1
BRDA:91,5,0,1
BRDA:94,6,0,2
BRDA:94,6,1,1
BRDA:97,7,0,3
BRDA:97,7,1,0
BRDA:116,8,0,1
BRDA:116,8,1,1
BRDA:129,9,0,1
BRDA:129,9,1,1
BRF:18
BRH:15
end_of_record
TN:
SF:src/development-tools/waitFor.ts
FN:14,(anonymous_0)
FN:30,(anonymous_1)
FN:32,(anonymous_2)
FN:33,(anonymous_3)
FNF:4
FNH:3
FNDA:4,(anonymous_0)
FNDA:0,(anonymous_1)
FNDA:4,(anonymous_2)
FNDA:4,(anonymous_3)
DA:14,1
DA:19,4
DA:20,1
DA:23,4
DA:24,2
DA:27,4
DA:28,4
DA:30,4
DA:32,4
DA:33,4
DA:34,4
DA:35,1
DA:36,1
DA:38,1
DA:39,1
DA:40,1
DA:42,4
LF:17
LH:17
BRDA:19,0,0,1
BRDA:19,0,1,3
BRDA:19,1,0,4
BRDA:19,1,1,2
BRDA:23,2,0,2
BRDA:23,2,1,2
BRDA:23,3,0,4
BRDA:23,3,1,2
BRDA:28,4,0,3
BRDA:28,4,1,1
BRDA:30,5,0,1
BRDA:30,5,1,3
BRDA:30,6,0,4
BRDA:30,6,1,1
BRDA:34,7,0,1
BRDA:34,7,1,3
BRDA:34,8,0,4
BRDA:34,8,1,1
BRDA:38,9,0,1
BRDA:38,9,1,0
BRDA:39,10,0,1
BRDA:39,10,1,0
BRF:22
BRH:20
end_of_record
TN:
SF:src/development-tools/wrapFunctionWithOptionalArgs.ts
FN:15,(anonymous_0)
FN:18,(anonymous_1)
FNF:2
FNH:2
FNDA:3,(anonymous_0)
FNDA:3,(anonymous_1)
DA:15,1
DA:18,3
DA:19,3
DA:20,3
DA:21,3
DA:22,3
LF:6
LH:6
BRF:0
BRH:0
end_of_record
TN:
SF:src/file-operations/ensureValidStyle.ts
FN:1,(anonymous_0)
FN:7,(anonymous_1)
FNF:2
FNH:2
FNDA:3,(anonymous_0)
FNDA:1,(anonymous_1)
DA:1,1
DA:3,3
DA:8,1
DA:13,3
LF:4
LH:4
BRDA:8,0,0,0
BRDA:8,0,1,1
BRF:2
BRH:1
end_of_record
TN:
SF:src/file-operations/safeCssProperties.ts
FNF:0
FNH:0
DA:1,1
LF:1
LH:1
BRF:0
BRH:0
end_of_record
TN:
SF:src/mathematical-calculations/calculatePercentage.ts
FN:10,calculatePercentage
FNF:1
FNH:1
FNDA:6,calculatePercentage
DA:15,6
DA:16,2
DA:19,4
DA:20,4
LF:4
LH:4
BRDA:13,0,0,4
BRDA:15,1,0,2
BRDA:15,1,1,4
BRDA:15,2,0,6
BRDA:15,2,1,5
BRDA:15,2,2,5
BRDA:20,3,0,1
BRDA:20,3,1,3
BRF:8
BRH:8
end_of_record
TN:
SF:src/mathematical-calculations/getAspectRatio.ts
FN:22,(anonymous_0)
FNF:1
FNH:1
FNDA:2,(anonymous_0)
DA:22,1
DA:25,2
DA:26,2
DA:29,2
DA:34,2
DA:36,0
DA:37,0
DA:39,2
DA:40,2
DA:42,0
DA:43,0
DA:45,0
DA:46,0
DA:48,0
DA:49,0
DA:52,0
DA:55,2
DA:58,2
DA:59,1
DA:61,1
DA:64,2
LF:21
LH:12
BRDA:25,0,0,0
BRDA:26,1,0,2
BRDA:26,1,1,0
BRDA:29,2,0,2
BRDA:29,2,1,0
BRDA:34,3,0,0
BRDA:34,3,1,2
BRDA:34,3,2,0
BRDA:34,3,3,0
BRDA:34,3,4,0
BRDA:34,3,5,0
BRDA:58,4,0,1
BRDA:58,4,1,1
BRF:13
BRH:5
end_of_record
TN:
SF:src/mathematical-calculations/getAverage.ts
FN:9,getAverage
FN:14,(anonymous_1)
FN:18,(anonymous_2)
FNF:3
FNH:3
FNDA:7,getAverage
FNDA:12,(anonymous_1)
FNDA:7,(anonymous_2)
DA:10,7
DA:11,3
DA:14,12
DA:15,2
DA:18,7
DA:19,2
LF:6
LH:6
BRDA:10,0,0,3
BRDA:10,0,1,4
BRDA:10,1,0,7
BRDA:10,1,1,5
BRDA:14,2,0,2
BRDA:14,2,1,2
BRDA:14,3,0,12
BRDA:14,3,1,11
BRF:8
BRH:8
end_of_record
TN:
SF:src/object-manipulation/bind.ts
FN:10,bind
FN:14,wrap
FNF:2
FNH:2
FNDA:2,bind
FNDA:2,wrap
DA:14,2
DA:15,2
LF:2
LH:2
BRF:0
BRH:0
end_of_record
TN:
SF:src/object-manipulation/extractKeysAndValues.ts
FN:20,extractKeysAndValues
FNF:1
FNH:1
FNDA:5,extractKeysAndValues
DA:23,5
DA:24,5
DA:26,5
LF:3
LH:3
BRF:0
BRH:0
end_of_record
TN:
SF:src/object-manipulation/getValueFromObject.ts
FN:8,getValueFromObject
FNF:1
FNH:1
FNDA:9,getValueFromObject
DA:12,9
LF:1
LH:1
BRDA:12,0,0,5
BRDA:12,0,1,4
BRF:2
BRH:2
end_of_record
TN:
SF:src/object-manipulation/mergeObjects.ts
FN:10,(anonymous_0)
FN:16,(anonymous_1)
FNF:2
FNH:2
FNDA:5,(anonymous_0)
FNDA:10,(anonymous_1)
DA:10,1
DA:14,5
DA:16,5
DA:17,10
DA:18,10
DA:20,10
DA:21,1
DA:22,9
DA:27,2
DA:28,1
DA:30,1
DA:33,7
DA:37,5
LF:13
LH:13
BRDA:20,0,0,1
BRDA:20,0,1,9
BRDA:20,1,0,10
BRDA:20,1,1,1
BRDA:22,2,0,2
BRDA:22,2,1,7
BRDA:23,3,0,9
BRDA:23,3,1,2
BRDA:23,3,2,2
BRDA:27,4,0,1
BRDA:27,4,1,1
BRDA:27,5,0,2
BRDA:27,5,1,1
BRF:13
BRH:13
end_of_record
TN:
SF:src/object-manipulation/toFlatObject.ts
FN:1,(anonymous_0)
FNF:1
FNH:1
FNDA:11,(anonymous_0)
DA:1,1
DA:11,11
DA:12,1
DA:15,10
DA:16,10
DA:18,10
DA:19,14
DA:20,1
DA:23,13
DA:24,13
DA:26,27
DA:27,5
DA:30,22
DA:35,4
DA:38,18
DA:39,18
DA:40,17
DA:41,17
DA:45,13
DA:48,10
LF:20
LH:20
BRDA:3,0,0,5
BRDA:11,1,0,1
BRDA:11,1,1,10
BRDA:19,2,0,1
BRDA:19,2,1,13
BRDA:19,3,0,14
BRDA:19,3,1,2
BRDA:26,4,0,5
BRDA:26,4,1,22
BRDA:30,5,0,4
BRDA:30,5,1,18
BRDA:31,6,0,22
BRDA:31,6,1,21
BRDA:31,6,2,20
BRDA:31,6,3,6
BRDA:39,7,0,17
BRDA:39,7,1,1
BRDA:46,8,0,13
BRDA:46,8,1,12
BRF:19
BRH:19
end_of_record
TN:
SF:src/object-manipulation/toObjectSet.ts
FN:1,(anonymous_0)
FN:7,(anonymous_1)
FN:8,(anonymous_2)
FN:19,(anonymous_3)
FNF:4
FNH:4
FNDA:4,(anonymous_0)
FNDA:4,(anonymous_1)
FNDA:7,(anonymous_2)
FNDA:7,(anonymous_3)
DA:1,1
DA:5,4
DA:7,4
DA:8,4
DA:9,7
DA:13,4
DA:14,2
DA:15,2
DA:16,2
DA:19,4
DA:20,7
DA:21,1
DA:25,4
LF:13
LH:13
BRDA:13,0,0,2
BRDA:13,0,1,2
BRDA:15,1,0,2
BRDA:15,1,1,0
BRDA:15,2,0,2
BRDA:15,2,1,2
BRDA:20,3,0,1
BRDA:20,3,1,6
BRF:8
BRH:7
end_of_record
TN:
SF:src/query-string-utilities/parseQueryString.ts
FN:15,(anonymous_0)
FN:25,(anonymous_1)
FNF:2
FNH:2
FNDA:8,(anonymous_0)
FNDA:15,(anonymous_1)
DA:15,1
DA:19,8
DA:20,7
DA:23,8
DA:26,15
DA:28,15
DA:30,13
DA:31,2
DA:32,2
DA:33,0
DA:35,2
DA:38,11
DA:41,13
LF:13
LH:12
BRDA:19,0,0,7
BRDA:19,0,1,1
BRDA:28,1,0,2
BRDA:28,1,1,13
BRDA:30,2,0,2
BRDA:30,2,1,11
BRDA:32,3,0,0
BRDA:32,3,1,2
BRF:8
BRH:7
end_of_record
TN:
SF:src/query-string-utilities/toQueryString.ts
FN:56,(anonymous_0)
FN:70,(anonymous_1)
FN:73,(anonymous_2)
FN:92,(anonymous_3)
FNF:4
FNH:4
FNDA:10,(anonymous_0)
FNDA:9,(anonymous_1)
FNDA:26,(anonymous_2)
FNDA:21,(anonymous_3)
DA:56,1
DA:68,10
DA:70,8
DA:73,9
DA:74,26
DA:75,26
DA:80,1
DA:81,25
DA:82,21
DA:84,26
DA:88,8
DA:90,8
DA:93,21
DA:97,8
LF:14
LH:14
BRDA:68,0,0,2
BRDA:68,0,1,8
BRDA:68,1,0,10
BRDA:68,1,1,9
BRDA:75,2,0,1
BRDA:75,2,1,25
BRDA:76,3,0,26
BRDA:76,3,1,3
BRDA:76,3,2,1
BRDA:81,4,0,21
BRDA:81,4,1,4
BRDA:81,5,0,25
BRDA:81,5,1,23
BRDA:97,6,0,7
BRDA:97,6,1,1
BRF:15
BRH:15
end_of_record
TN:
SF:src/string-manipulation/dashToCamelCase.ts
FN:7,dashToCamelCase
FN:12,(anonymous_1)
FNF:2
FNH:2
FNDA:5,dashToCamelCase
FNDA:7,(anonymous_1)
DA:8,5
DA:13,7
LF:2
LH:2
BRF:0
BRH:0
end_of_record
TN:
SF:src/string-manipulation/endsWith.ts
FN:3,(anonymous_0)
FNF:1
FNH:1
FNDA:4,(anonymous_0)
DA:3,1
DA:8,4
DA:9,3
DA:11,4
DA:12,4
DA:13,4
LF:6
LH:6
BRDA:8,0,0,3
BRDA:8,0,1,1
BRDA:8,1,0,4
BRDA:8,1,1,1
BRDA:13,2,0,4
BRDA:13,2,1,3
BRF:6
BRH:6
end_of_record
TN:
SF:src/string-manipulation/pluralize.ts
FN:1,(anonymous_0)
FNF:1
FNH:1
FNDA:2,(anonymous_0)
DA:1,1
DA:2,2
LF:2
LH:2
BRDA:2,0,0,1
BRDA:2,0,1,1
BRF:2
BRH:2
end_of_record
TN:
SF:src/string-manipulation/removeNewLinesFromJson.ts
FN:12,(anonymous_0)
FN:21,(anonymous_1)
FN:28,(anonymous_2)
FNF:3
FNH:1
FNDA:2,(anonymous_0)
FNDA:0,(anonymous_1)
FNDA:0,(anonymous_2)
DA:12,1
DA:15,2
DA:17,2
DA:18,0
DA:21,2
DA:24,0
DA:28,0
DA:29,0
DA:31,0
DA:32,0
DA:33,0
DA:35,0
DA:36,0
DA:37,0
DA:40,0
DA:41,0
DA:46,0
DA:49,2
DA:52,2
LF:19
LH:6
BRDA:17,0,0,0
BRDA:17,0,1,2
BRDA:17,1,0,2
BRDA:17,1,1,2
BRDA:17,1,2,2
BRDA:24,2,0,0
BRDA:24,2,1,0
BRDA:31,3,0,0
BRDA:31,3,1,0
BRDA:32,4,0,0
BRDA:32,4,1,0
BRDA:35,5,0,0
BRDA:35,5,1,0
BRDA:35,6,0,0
BRDA:35,6,1,0
BRDA:36,7,0,0
BRDA:36,7,1,0
BRDA:40,8,0,0
BRDA:40,8,1,0
BRDA:49,9,0,0
BRDA:49,9,1,2
BRF:21
BRH:5
end_of_record
TN:
SF:src/string-manipulation/removeNewLinesFromString.ts
FN:7,(anonymous_0)
FNF:1
FNH:1
FNDA:4,(anonymous_0)
DA:7,2
DA:8,4
LF:2
LH:2
BRF:0
BRH:0
end_of_record
TN:
SF:src/string-manipulation/removeSpacesFromJson.ts
FN:13,(anonymous_0)
FN:25,(anonymous_1)
FN:31,(anonymous_2)
FNF:3
FNH:3
FNDA:3,(anonymous_0)
FNDA:4,(anonymous_1)
FNDA:10,(anonymous_2)
DA:13,1
DA:16,3
DA:17,3
DA:22,1
DA:25,2
DA:28,4
DA:31,4
DA:32,10
DA:33,10
DA:34,6
DA:35,6
DA:37,4
DA:38,2
DA:39,2
DA:42,2
DA:43,2
DA:47,4
DA:50,2
LF:18
LH:18
BRDA:17,0,0,1
BRDA:17,0,1,2
BRDA:18,1,0,3
BRDA:18,1,1,2
BRDA:18,1,2,2
BRDA:28,2,0,0
BRDA:28,2,1,4
BRDA:33,3,0,6
BRDA:33,3,1,4
BRDA:34,4,0,6
BRDA:34,4,1,0
BRDA:37,5,0,2
BRDA:37,5,1,2
BRDA:37,6,0,4
BRDA:37,6,1,2
BRDA:38,7,0,2
BRDA:38,7,1,0
BRDA:42,8,0,2
BRDA:42,8,1,0
BRF:19
BRH:15
end_of_record
TN:
SF:src/string-manipulation/removeSpacesFromString.ts
FN:6,(anonymous_0)
FNF:1
FNH:1
FNDA:6,(anonymous_0)
DA:6,1
DA:7,6
LF:2
LH:2
BRF:0
BRH:0
end_of_record
TN:
SF:src/string-manipulation/removeSymbolAt.ts
FN:1,(anonymous_0)
FNF:1
FNH:1
FNDA:13,(anonymous_0)
DA:1,1
DA:6,13
LF:2
LH:2
BRDA:4,0,0,0
BRDA:6,1,0,4
BRDA:6,1,1,9
BRF:3
BRH:2
end_of_record
TN:
SF:src/time-utilities/convertVideoTimeStampToSeconds.ts
FN:7,convertVideoTimeStampToSeconds
FNF:1
FNH:1
FNDA:15,convertVideoTimeStampToSeconds
DA:8,15
DA:10,15
DA:11,0
DA:14,15
DA:15,15
DA:16,15
DA:18,15
DA:19,0
DA:22,15
DA:23,0
DA:26,15
LF:11
LH:8
BRDA:10,0,0,0
BRDA:10,0,1,15
BRDA:18,1,0,0
BRDA:18,1,1,15
BRDA:18,2,0,15
BRDA:18,2,1,15
BRDA:18,2,2,15
BRDA:22,3,0,0
BRDA:22,3,1,15
BRDA:22,4,0,15
BRDA:22,4,1,15
BRDA:22,4,2,15
BRF:12
BRH:9
end_of_record
TN:
SF:src/type-checking/isBoolean.ts
FN:1,(anonymous_0)
FNF:1
FNH:1
FNDA:2,(anonymous_0)
DA:1,2
LF:1
LH:1
BRDA:1,0,0,2
BRDA:1,0,1,1
BRF:2
BRH:2
end_of_record
TN:
SF:src/type-checking/isBuffer.ts
FN:6,isBuffer
FN:18,isArrayBufferView
FNF:2
FNH:1
FNDA:2,isBuffer
FNDA:0,isArrayBufferView
DA:9,2
DA:20,0
DA:21,0
DA:23,0
DA:25,0
DA:27,1
LF:6
LH:2
BRDA:10,0,0,2
BRDA:10,0,1,2
BRDA:10,0,2,2
BRDA:10,0,3,2
BRDA:10,0,4,2
BRDA:10,0,5,1
BRDA:20,1,0,0
BRDA:20,1,1,0
BRDA:20,2,0,0
BRDA:20,2,1,0
BRDA:23,3,0,0
BRDA:23,3,1,0
BRDA:23,3,2,0
BRF:13
BRH:6
end_of_record
TN:
SF:src/type-checking/isDate.ts
FNF:0
FNH:0
DA:3,1
LF:1
LH:1
BRF:0
BRH:0
end_of_record
TN:
SF:src/type-checking/isDeepEqual.ts
FN:9,isDeepEqual
FNF:1
FNH:1
FNDA:18,isDeepEqual
DA:13,18
DA:14,8
DA:17,10
DA:23,2
DA:26,8
DA:27,8
DA:29,8
DA:30,1
DA:33,7
DA:34,14
DA:35,5
DA:39,2
LF:12
LH:12
BRDA:13,0,0,8
BRDA:13,0,1,10
BRDA:17,1,0,2
BRDA:17,1,1,8
BRDA:18,2,0,10
BRDA:18,2,1,8
BRDA:18,2,2,8
BRDA:18,2,3,8
BRDA:29,3,0,1
BRDA:29,3,1,7
BRDA:34,4,0,5
BRDA:34,4,1,9
BRDA:34,5,0,14
BRDA:34,5,1,13
BRF:14
BRH:14
end_of_record
TN:
SF:src/type-checking/isEmpty.ts
FN:1,(anonymous_0)
FNF:1
FNH:1
FNDA:22,(anonymous_0)
DA:1,3
DA:2,22
LF:2
LH:2
BRDA:2,0,0,22
BRDA:2,0,1,21
BRDA:2,0,2,20
BRDA:2,0,3,18
BRDA:2,0,4,18
BRDA:2,0,5,2
BRF:6
BRH:6
end_of_record
TN:
SF:src/type-checking/isFile.ts
FNF:0
FNH:0
DA:3,1
LF:1
LH:1
BRF:0
BRH:0
end_of_record
TN:
SF:src/type-checking/isFormData.ts
FN:10,(anonymous_0)
FNF:1
FNH:1
FNDA:2,(anonymous_0)
DA:10,1
DA:14,2
LF:2
LH:2
BRDA:15,0,0,2
BRDA:15,0,1,2
BRDA:15,0,2,2
BRDA:15,0,3,1
BRDA:15,0,4,0
BRDA:15,0,5,0
BRDA:15,0,6,0
BRDA:15,0,7,0
BRDA:15,0,8,0
BRDA:15,0,9,0
BRF:10
BRH:4
end_of_record
TN:
SF:src/type-checking/isFunction.ts
FN:4,isFunction
FNF:1
FNH:1
FNDA:2,isFunction
DA:5,2
LF:1
LH:1
BRF:0
BRH:0
end_of_record
TN:
SF:src/type-checking/isJson.ts
FN:6,(anonymous_0)
FNF:1
FNH:1
FNDA:14,(anonymous_0)
DA:6,4
DA:9,14
DA:10,14
DA:11,14
DA:13,3
LF:5
LH:5
BRDA:10,0,0,8
BRDA:10,0,1,6
BRF:2
BRH:2
end_of_record
TN:
SF:src/type-checking/isNumber.ts
FNF:0
FNH:0
DA:23,3
LF:1
LH:1
BRF:0
BRH:0
end_of_record
TN:
SF:src/type-checking/isNumeric.ts
FN:36,(anonymous_0)
FNF:1
FNH:1
FNDA:14,(anonymous_0)
DA:36,1
DA:37,14
DA:39,5
DA:40,2
DA:43,3
DA:44,9
DA:46,4
DA:48,5
LF:8
LH:8
BRDA:37,0,0,5
BRDA:37,0,1,9
BRDA:39,1,0,2
BRDA:39,1,1,3
BRDA:39,2,0,5
BRDA:39,2,1,4
BRDA:43,3,0,3
BRDA:43,3,1,2
BRDA:44,4,0,4
BRDA:44,4,1,5
BRDA:46,5,0,4
BRDA:46,5,1,3
BRF:12
BRH:12
end_of_record
TN:
SF:src/type-checking/isObject.ts
FN:9,(anonymous_0)
FNF:1
FNH:1
FNDA:13,(anonymous_0)
DA:9,3
DA:10,13
DA:11,13
DA:12,13
LF:4
LH:4
BRDA:12,0,0,13
BRDA:12,0,1,12
BRDA:12,0,2,9
BRF:3
BRH:3
end_of_record
TN:
SF:src/type-checking/isPlainObject.ts
FN:12,(anonymous_0)
FNF:1
FNH:1
FNDA:6,(anonymous_0)
DA:12,1
DA:13,6
LF:2
LH:2
BRF:0
BRH:0
end_of_record
TN:
SF:src/type-checking/isString.ts
FN:3,isString
FNF:1
FNH:1
FNDA:2,isString
DA:4,2
LF:1
LH:1
BRF:0
BRH:0
end_of_record
TN:
SF:src/type-checking/isUndefined.ts
FNF:0
FNH:0
DA:3,1
LF:1
LH:1
BRF:0
BRH:0
end_of_record
TN:
SF:src/type-checking/isValidBinary.ts
FN:1,(anonymous_0)
FNF:1
FNH:1
FNDA:9,(anonymous_0)
DA:1,1
DA:2,9
LF:2
LH:2
BRF:0
BRH:0
end_of_record
TN:
SF:src/type-checking/isValidStyle.ts
FN:10,(anonymous_0)
FN:17,(anonymous_1)
FN:27,(anonymous_2)
FN:33,(anonymous_3)
FNF:4
FNH:4
FNDA:10,(anonymous_0)
FNDA:690,(anonymous_1)
FNDA:26,(anonymous_2)
FNDA:30,(anonymous_3)
DA:10,1
DA:15,10
DA:16,10
DA:19,690
DA:23,10
DA:24,10
DA:27,26
DA:30,9
DA:32,8
DA:33,30
DA:34,15
DA:36,15
DA:38,15
DA:41,5
LF:14
LH:14
BRDA:15,0,0,10
BRDA:15,0,1,10
BRDA:24,1,0,1
BRDA:24,1,1,9
BRDA:30,2,0,1
BRDA:30,2,1,8
BRDA:30,3,0,9
BRDA:30,3,1,9
BRDA:34,4,0,0
BRDA:34,4,1,15
BRDA:38,5,0,3
BRDA:38,5,1,12
BRDA:38,6,0,15
BRDA:38,6,1,13
BRF:14
BRH:13
end_of_record
TN:
SF:src/type-checking/kindOf.ts
FN:1,(anonymous_0)
FN:1,(anonymous_1)
FNF:2
FNH:2
FNDA:7,(anonymous_0)
FNDA:69,(anonymous_1)
DA:1,7
DA:2,69
DA:3,69
LF:3
LH:3
BRDA:3,0,0,69
BRDA:3,0,1,36
BRF:2
BRH:2
end_of_record
TN:
SF:src/type-checking/kindOfTest.ts
FN:3,(anonymous_0)
FN:5,(anonymous_1)
FNF:2
FNH:2
FNDA:3,(anonymous_0)
FNDA:4,(anonymous_1)
DA:3,1
DA:4,3
DA:5,4
LF:3
LH:3
BRF:0
BRH:0
end_of_record
TN:
SF:src/type-checking/typeToTest.ts
FN:3,(anonymous_0)
FN:5,(anonymous_1)
FNF:2
FNH:2
FNDA:50,(anonymous_0)
FNDA:65,(anonymous_1)
DA:3,7
DA:4,50
DA:5,65
LF:3
LH:3
BRF:0
BRH:0
end_of_record
