TN:
SF:src/abbreviateNumber.ts
FN:63,(anonymous_0)
FNF:1
FNH:1
FNDA:16,(anonymous_0)
DA:63,1
DA:67,16
DA:78,16
DA:79,1
DA:83,15
DA:86,15
DA:87,1
DA:91,14
DA:94,14
DA:97,13
DA:98,13
DA:101,13
DA:104,13
DA:105,3
DA:107,1
DA:108,1
DA:110,1
DA:111,1
DA:115,1
DA:120,13
DA:121,1
DA:122,12
DA:123,7
DA:126,13
LF:24
LH:24
BRDA:78,0,0,1
BRDA:78,0,1,15
BRDA:83,1,0,2
BRDA:83,1,1,13
BRDA:86,2,0,1
BRDA:86,2,1,14
BRDA:94,3,0,1
BRDA:94,3,1,13
BRDA:104,4,0,3
BRDA:104,4,1,10
BRDA:105,5,0,1
BRDA:105,5,1,1
BRDA:105,5,2,1
BRDA:105,5,3,1
BRDA:120,6,0,1
BRDA:120,6,1,12
BRDA:122,7,0,7
BRDA:122,7,1,5
BRF:18
BRH:18
end_of_record
TN:
SF:src/assertOptions.ts
FN:5,assertOptions
FNF:1
FNH:1
FNDA:4,assertOptions
DA:16,4
DA:17,0
DA:20,4
DA:21,0
DA:27,4
DA:28,0
DA:34,4
DA:35,1
DA:41,3
DA:42,3
DA:43,4
DA:44,4
DA:45,3
DA:47,3
DA:49,3
DA:50,1
DA:55,1
DA:56,1
LF:18
LH:15
BRDA:16,0,0,0
BRDA:16,0,1,4
BRDA:20,1,0,0
BRDA:20,1,1,4
BRDA:27,2,0,0
BRDA:27,2,1,4
BRDA:34,3,0,1
BRDA:34,3,1,3
BRDA:44,4,0,3
BRDA:44,4,1,1
BRDA:47,5,0,3
BRDA:47,5,1,3
BRDA:49,6,0,1
BRDA:49,6,1,2
BRDA:55,7,0,1
BRDA:55,7,1,0
BRF:16
BRH:12
end_of_record
TN:
SF:src/bind.ts
FN:10,bind
FN:14,wrap
FNF:2
FNH:2
FNDA:2,bind
FNDA:2,wrap
DA:14,2
DA:15,2
LF:2
LH:2
BRF:0
BRH:0
end_of_record
TN:
SF:src/calculatePercentage.ts
FN:9,calculatePercentage
FNF:1
FNH:1
FNDA:3,calculatePercentage
DA:10,3
DA:11,2
DA:14,1
DA:15,1
LF:4
LH:4
BRDA:10,0,0,2
BRDA:10,0,1,1
BRDA:10,1,0,3
BRDA:10,1,1,2
BRDA:10,1,2,2
BRF:5
BRH:5
end_of_record
TN:
SF:src/convertVideoTimeStampToSeconds.ts
FN:7,convertVideoTimeStampToSeconds
FNF:1
FNH:1
FNDA:15,convertVideoTimeStampToSeconds
DA:8,15
DA:10,15
DA:11,0
DA:14,15
DA:15,15
DA:16,15
DA:18,15
DA:19,0
DA:22,15
DA:23,0
DA:26,15
LF:11
LH:8
BRDA:10,0,0,0
BRDA:10,0,1,15
BRDA:18,1,0,0
BRDA:18,1,1,15
BRDA:18,2,0,15
BRDA:18,2,1,15
BRDA:18,2,2,15
BRDA:22,3,0,0
BRDA:22,3,1,15
BRDA:22,4,0,15
BRDA:22,4,1,15
BRDA:22,4,2,15
BRF:12
BRH:9
end_of_record
TN:
SF:src/dashToCamelCase.ts
FN:7,dashToCamelCase
FN:12,(anonymous_1)
FNF:2
FNH:2
FNDA:5,dashToCamelCase
FNDA:7,(anonymous_1)
DA:8,5
DA:13,7
LF:2
LH:2
BRF:0
BRH:0
end_of_record
TN:
SF:src/devlanderError.ts
FN:24,(anonymous_0)
FN:40,(anonymous_1)
FN:54,(anonymous_2)
FN:55,(anonymous_3)
FNF:4
FNH:1
FNDA:3,(anonymous_0)
FNDA:0,(anonymous_1)
FNDA:0,(anonymous_2)
FNDA:0,(anonymous_3)
DA:25,3
DA:27,3
DA:28,3
DA:30,0
DA:33,3
DA:34,3
DA:35,3
DA:37,3
DA:47,0
DA:51,0
DA:54,0
DA:55,0
DA:58,0
DA:60,0
DA:61,0
DA:63,0
DA:64,0
DA:67,0
LF:18
LH:7
BRDA:27,0,0,3
BRDA:27,0,1,0
BRDA:34,1,0,3
BRDA:34,1,1,0
BRDA:35,2,0,0
BRDA:35,2,1,3
BRDA:63,3,0,0
BRDA:63,3,1,0
BRF:8
BRH:3
end_of_record
TN:
SF:src/endsWith.ts
FN:4,(anonymous_0)
FNF:1
FNH:1
FNDA:4,(anonymous_0)
DA:4,1
DA:9,4
DA:10,3
DA:12,4
DA:13,4
DA:14,4
LF:6
LH:6
BRDA:9,0,0,3
BRDA:9,0,1,1
BRDA:9,1,0,4
BRDA:9,1,1,1
BRDA:14,2,0,4
BRDA:14,2,1,3
BRF:6
BRH:6
end_of_record
TN:
SF:src/ensureValidStyle.ts
FN:1,(anonymous_0)
FN:7,(anonymous_1)
FNF:2
FNH:2
FNDA:3,(anonymous_0)
FNDA:1,(anonymous_1)
DA:1,1
DA:3,3
DA:8,1
DA:13,3
LF:4
LH:4
BRDA:8,0,0,0
BRDA:8,0,1,1
BRF:2
BRH:1
end_of_record
TN:
SF:src/extractKeysAndValues.ts
FN:20,extractKeysAndValues
FNF:1
FNH:1
FNDA:5,extractKeysAndValues
DA:23,5
DA:24,5
DA:26,5
LF:3
LH:3
BRF:0
BRH:0
end_of_record
TN:
SF:src/generateAllowedOrigins.ts
FN:3,(anonymous_0)
FN:6,(anonymous_1)
FN:10,(anonymous_2)
FNF:3
FNH:3
FNDA:2,(anonymous_0)
FNDA:2,(anonymous_1)
FNDA:4,(anonymous_2)
DA:3,1
DA:4,2
DA:6,2
DA:7,2
DA:8,2
DA:10,2
DA:11,4
DA:12,4
DA:13,0
DA:15,4
DA:19,2
DA:22,2
LF:12
LH:11
BRDA:12,0,0,0
BRDA:12,0,1,4
BRF:2
BRH:1
end_of_record
TN:
SF:src/generateStripeCard.ts
FN:12,generateStripeCard
FN:62,(anonymous_1)
FNF:2
FNH:2
FNDA:3,generateStripeCard
FNDA:9,(anonymous_1)
DA:13,3
DA:59,3
DA:62,3
DA:63,9
DA:67,3
DA:68,3
DA:69,3
DA:70,3
DA:72,3
LF:9
LH:9
BRF:0
BRH:0
end_of_record
TN:
SF:src/getAspectRatio.ts
FN:22,(anonymous_0)
FNF:1
FNH:1
FNDA:2,(anonymous_0)
DA:22,1
DA:25,2
DA:26,2
DA:29,2
DA:34,2
DA:36,0
DA:37,0
DA:39,2
DA:40,2
DA:42,0
DA:43,0
DA:45,0
DA:46,0
DA:48,0
DA:49,0
DA:52,0
DA:55,2
DA:58,2
DA:59,1
DA:61,1
DA:64,2
LF:21
LH:12
BRDA:25,0,0,0
BRDA:26,1,0,2
BRDA:26,1,1,0
BRDA:29,2,0,2
BRDA:29,2,1,0
BRDA:34,3,0,0
BRDA:34,3,1,2
BRDA:34,3,2,0
BRDA:34,3,3,0
BRDA:34,3,4,0
BRDA:34,3,5,0
BRDA:58,4,0,1
BRDA:58,4,1,1
BRF:13
BRH:5
end_of_record
TN:
SF:src/getMessageByField.ts
FN:17,(anonymous_0)
FN:21,(anonymous_1)
FNF:2
FNH:2
FNDA:4,(anonymous_0)
FNDA:5,(anonymous_1)
DA:17,1
DA:21,4
DA:22,5
DA:23,2
DA:24,2
DA:25,2
DA:27,3
DA:28,3
DA:29,3
DA:30,0
DA:33,3
DA:36,4
DA:37,2
DA:38,2
DA:39,2
DA:40,3
DA:41,3
DA:42,1
DA:45,1
DA:47,0
LF:20
LH:18
BRDA:22,0,0,2
BRDA:22,0,1,3
BRDA:22,1,0,5
BRDA:22,1,1,5
BRDA:24,2,0,2
BRDA:24,2,1,0
BRDA:27,3,0,3
BRDA:27,3,1,0
BRDA:29,4,0,0
BRDA:29,4,1,3
BRDA:36,5,0,2
BRDA:36,5,1,2
BRDA:37,6,0,2
BRDA:37,6,1,1
BRDA:38,7,0,2
BRDA:38,7,1,0
BRDA:41,8,0,1
BRDA:41,8,1,2
BRF:18
BRH:14
end_of_record
TN:
SF:src/getMessageFromObject.ts
FN:13,(anonymous_0)
FN:23,(anonymous_1)
FNF:2
FNH:2
FNDA:8,(anonymous_0)
FNDA:3,(anonymous_1)
DA:13,2
DA:18,8
DA:19,3
DA:21,3
DA:22,2
DA:23,3
DA:28,6
LF:7
LH:7
BRDA:16,0,0,8
BRDA:18,1,0,3
BRDA:18,1,1,5
BRDA:18,2,0,8
BRDA:18,2,1,7
BRDA:21,3,0,2
BRDA:21,3,1,1
BRDA:21,4,0,3
BRDA:21,4,1,3
BRDA:23,5,0,2
BRDA:23,5,1,1
BRF:11
BRH:11
end_of_record
TN:
SF:src/getRandomValFromArray.ts
FN:7,(anonymous_0)
FNF:1
FNH:1
FNDA:3,(anonymous_0)
DA:7,1
DA:8,3
DA:9,2
DA:10,2
LF:4
LH:4
BRDA:8,0,0,1
BRDA:8,0,1,2
BRDA:10,1,0,2
BRDA:10,1,1,1
BRF:4
BRH:4
end_of_record
TN:
SF:src/getRange.ts
FN:7,(anonymous_0)
FN:11,(anonymous_1)
FNF:2
FNH:2
FNDA:3,(anonymous_0)
FNDA:5,(anonymous_1)
DA:7,1
DA:8,3
DA:9,1
DA:11,5
LF:4
LH:4
BRDA:8,0,0,1
BRDA:8,0,1,2
BRF:2
BRH:2
end_of_record
TN:
SF:src/getValueFromObject.ts
FN:8,getValueFromObject
FNF:1
FNH:1
FNDA:9,getValueFromObject
DA:12,9
LF:1
LH:1
BRDA:12,0,0,5
BRDA:12,0,1,4
BRF:2
BRH:2
end_of_record
TN:
SF:src/hasItemByLetterAndFilter.ts
FN:13,(anonymous_0)
FN:20,(anonymous_1)
FN:30,(anonymous_2)
FN:36,(anonymous_3)
FN:39,(anonymous_4)
FN:46,(anonymous_5)
FNF:6
FNH:6
FNDA:4,(anonymous_0)
FNDA:8,(anonymous_1)
FNDA:8,(anonymous_2)
FNDA:16,(anonymous_3)
FNDA:8,(anonymous_4)
FNDA:5,(anonymous_5)
DA:13,1
DA:20,4
DA:21,8
DA:22,0
DA:24,8
DA:26,8
DA:27,0
DA:30,8
DA:31,8
DA:32,0
DA:34,8
DA:36,16
DA:39,8
DA:40,8
DA:41,4
DA:44,4
DA:46,4
DA:47,5
DA:51,8
DA:52,8
DA:54,8
DA:56,8
LF:22
LH:19
BRDA:16,0,0,2
BRDA:21,1,0,0
BRDA:21,1,1,8
BRDA:24,2,0,8
BRDA:24,2,1,0
BRDA:26,3,0,0
BRDA:26,3,1,8
BRDA:30,4,0,4
BRDA:31,5,0,0
BRDA:31,5,1,8
BRDA:40,6,0,4
BRDA:40,6,1,4
BRDA:54,7,0,2
BRDA:54,7,1,6
BRDA:54,8,0,8
BRDA:54,8,1,5
BRF:16
BRH:12
end_of_record
TN:
SF:src/isBoolean.ts
FN:1,(anonymous_0)
FNF:1
FNH:1
FNDA:2,(anonymous_0)
DA:1,2
LF:1
LH:1
BRDA:1,0,0,2
BRDA:1,0,1,1
BRF:2
BRH:2
end_of_record
TN:
SF:src/isBuffer.ts
FN:6,isBuffer
FN:18,isArrayBufferView
FNF:2
FNH:1
FNDA:2,isBuffer
FNDA:0,isArrayBufferView
DA:9,2
DA:20,0
DA:21,0
DA:23,0
DA:25,0
DA:27,1
LF:6
LH:2
BRDA:10,0,0,2
BRDA:10,0,1,2
BRDA:10,0,2,2
BRDA:10,0,3,2
BRDA:10,0,4,2
BRDA:10,0,5,1
BRDA:20,1,0,0
BRDA:20,1,1,0
BRDA:20,2,0,0
BRDA:20,2,1,0
BRDA:23,3,0,0
BRDA:23,3,1,0
BRDA:23,3,2,0
BRF:13
BRH:6
end_of_record
TN:
SF:src/isDate.ts
FNF:0
FNH:0
DA:3,1
LF:1
LH:1
BRF:0
BRH:0
end_of_record
TN:
SF:src/isDeepEqual.ts
FN:9,isDeepEqual
FNF:1
FNH:1
FNDA:18,isDeepEqual
DA:13,18
DA:14,8
DA:17,10
DA:23,2
DA:26,8
DA:27,8
DA:29,8
DA:30,1
DA:33,7
DA:34,14
DA:35,5
DA:39,2
LF:12
LH:12
BRDA:13,0,0,8
BRDA:13,0,1,10
BRDA:17,1,0,2
BRDA:17,1,1,8
BRDA:18,2,0,10
BRDA:18,2,1,8
BRDA:18,2,2,8
BRDA:18,2,3,8
BRDA:29,3,0,1
BRDA:29,3,1,7
BRDA:34,4,0,5
BRDA:34,4,1,9
BRDA:34,5,0,14
BRDA:34,5,1,13
BRF:14
BRH:14
end_of_record
TN:
SF:src/isEmpty.ts
FN:1,(anonymous_0)
FNF:1
FNH:1
FNDA:31,(anonymous_0)
DA:1,6
DA:2,31
LF:2
LH:2
BRDA:2,0,0,31
BRDA:2,0,1,28
BRDA:2,0,2,27
BRDA:2,0,3,25
BRDA:2,0,4,25
BRDA:2,0,5,2
BRF:6
BRH:6
end_of_record
TN:
SF:src/isFile.ts
FNF:0
FNH:0
DA:3,1
LF:1
LH:1
BRF:0
BRH:0
end_of_record
TN:
SF:src/isFormData.ts
FN:10,(anonymous_0)
FNF:1
FNH:1
FNDA:2,(anonymous_0)
DA:10,1
DA:14,2
LF:2
LH:2
BRDA:15,0,0,2
BRDA:15,0,1,2
BRDA:15,0,2,2
BRDA:15,0,3,1
BRDA:15,0,4,0
BRDA:15,0,5,0
BRDA:15,0,6,0
BRDA:15,0,7,0
BRDA:15,0,8,0
BRDA:15,0,9,0
BRF:10
BRH:4
end_of_record
TN:
SF:src/isFunction.ts
FN:4,isFunction
FNF:1
FNH:1
FNDA:2,isFunction
DA:5,2
LF:1
LH:1
BRF:0
BRH:0
end_of_record
TN:
SF:src/isJson.ts
FN:6,(anonymous_0)
FN:17,(anonymous_1)
FNF:2
FNH:2
FNDA:14,(anonymous_0)
FNDA:11,(anonymous_1)
DA:6,7
DA:9,14
DA:10,14
DA:11,14
DA:13,3
DA:17,7
DA:18,11
LF:7
LH:7
BRDA:10,0,0,8
BRDA:10,0,1,6
BRDA:18,1,0,11
BRDA:18,1,1,11
BRF:4
BRH:4
end_of_record
TN:
SF:src/isNumber.ts
FNF:0
FNH:0
DA:23,3
LF:1
LH:1
BRF:0
BRH:0
end_of_record
TN:
SF:src/isNumeric.ts
FN:36,(anonymous_0)
FNF:1
FNH:1
FNDA:14,(anonymous_0)
DA:36,1
DA:37,14
DA:39,5
DA:40,2
DA:43,3
DA:44,9
DA:46,4
DA:48,5
LF:8
LH:8
BRDA:37,0,0,5
BRDA:37,0,1,9
BRDA:39,1,0,2
BRDA:39,1,1,3
BRDA:39,2,0,5
BRDA:39,2,1,4
BRDA:43,3,0,3
BRDA:43,3,1,2
BRDA:44,4,0,4
BRDA:44,4,1,5
BRDA:46,5,0,4
BRDA:46,5,1,3
BRF:12
BRH:12
end_of_record
TN:
SF:src/isPlainObject.ts
FN:12,(anonymous_0)
FNF:1
FNH:1
FNDA:6,(anonymous_0)
DA:12,1
DA:13,6
LF:2
LH:2
BRF:0
BRH:0
end_of_record
TN:
SF:src/isString.ts
FN:3,isString
FNF:1
FNH:1
FNDA:2,isString
DA:4,2
LF:1
LH:1
BRF:0
BRH:0
end_of_record
TN:
SF:src/isUndefined.ts
FNF:0
FNH:0
DA:3,1
LF:1
LH:1
BRF:0
BRH:0
end_of_record
TN:
SF:src/isValidBinary.ts
FN:1,(anonymous_0)
FNF:1
FNH:1
FNDA:9,(anonymous_0)
DA:1,1
DA:2,9
LF:2
LH:2
BRF:0
BRH:0
end_of_record
TN:
SF:src/isValidStyle.ts
FN:10,(anonymous_0)
FN:17,(anonymous_1)
FN:27,(anonymous_2)
FN:33,(anonymous_3)
FNF:4
FNH:4
FNDA:10,(anonymous_0)
FNDA:690,(anonymous_1)
FNDA:26,(anonymous_2)
FNDA:30,(anonymous_3)
DA:10,1
DA:15,10
DA:16,10
DA:19,690
DA:23,10
DA:24,10
DA:27,26
DA:30,9
DA:32,8
DA:33,30
DA:34,15
DA:36,15
DA:38,15
DA:41,5
LF:14
LH:14
BRDA:15,0,0,10
BRDA:15,0,1,10
BRDA:24,1,0,1
BRDA:24,1,1,9
BRDA:30,2,0,1
BRDA:30,2,1,8
BRDA:30,3,0,9
BRDA:30,3,1,9
BRDA:34,4,0,0
BRDA:34,4,1,15
BRDA:38,5,0,3
BRDA:38,5,1,12
BRDA:38,6,0,15
BRDA:38,6,1,13
BRF:14
BRH:13
end_of_record
TN:
SF:src/jsonContainsNewLine.ts
FN:3,(anonymous_0)
FN:12,(anonymous_1)
FNF:2
FNH:2
FNDA:7,(anonymous_0)
FNDA:8,(anonymous_1)
DA:3,2
DA:7,7
DA:8,7
DA:9,1
DA:12,6
DA:13,8
DA:14,16
DA:15,2
DA:16,14
DA:17,2
DA:18,0
DA:22,6
DA:25,6
DA:26,6
DA:30,0
LF:15
LH:13
BRDA:8,0,0,1
BRDA:8,0,1,6
BRDA:14,1,0,2
BRDA:14,1,1,14
BRDA:14,2,0,16
BRDA:14,2,1,12
BRDA:16,3,0,2
BRDA:16,3,1,12
BRDA:16,4,0,14
BRDA:16,4,1,2
BRDA:17,5,0,0
BRDA:17,5,1,2
BRDA:25,6,0,6
BRDA:25,6,1,0
BRF:14
BRH:12
end_of_record
TN:
SF:src/kindOf.ts
FN:1,(anonymous_0)
FN:1,(anonymous_1)
FNF:2
FNH:2
FNDA:2,(anonymous_0)
FNDA:4,(anonymous_1)
DA:1,2
DA:2,4
DA:3,4
LF:3
LH:3
BRDA:3,0,0,4
BRDA:3,0,1,3
BRF:2
BRH:2
end_of_record
TN:
SF:src/kindOfTest.ts
FN:3,(anonymous_0)
FN:5,(anonymous_1)
FNF:2
FNH:2
FNDA:3,(anonymous_0)
FNDA:4,(anonymous_1)
DA:3,1
DA:4,3
DA:5,4
LF:3
LH:3
BRF:0
BRH:0
end_of_record
TN:
SF:src/mergeObjects.ts
FN:10,(anonymous_0)
FN:16,(anonymous_1)
FNF:2
FNH:2
FNDA:8,(anonymous_0)
FNDA:18,(anonymous_1)
DA:10,4
DA:14,8
DA:16,8
DA:17,18
DA:18,18
DA:20,18
DA:21,1
DA:22,17
DA:27,4
DA:28,3
DA:30,1
DA:33,13
DA:37,8
LF:13
LH:13
BRDA:20,0,0,1
BRDA:20,0,1,17
BRDA:20,1,0,18
BRDA:20,1,1,1
BRDA:22,2,0,4
BRDA:22,2,1,13
BRDA:23,3,0,17
BRDA:23,3,1,4
BRDA:23,3,2,4
BRDA:27,4,0,3
BRDA:27,4,1,1
BRDA:27,5,0,4
BRDA:27,5,1,3
BRF:13
BRH:13
end_of_record
TN:
SF:src/pluralize.ts
FN:1,(anonymous_0)
FNF:1
FNH:1
FNDA:2,(anonymous_0)
DA:1,1
DA:2,2
LF:2
LH:2
BRDA:2,0,0,1
BRDA:2,0,1,1
BRF:2
BRH:2
end_of_record
TN:
SF:src/removeNewLinesFromJson.ts
FN:12,(anonymous_0)
FN:21,(anonymous_1)
FN:28,(anonymous_2)
FNF:3
FNH:1
FNDA:2,(anonymous_0)
FNDA:0,(anonymous_1)
FNDA:0,(anonymous_2)
DA:12,1
DA:15,2
DA:17,2
DA:18,0
DA:21,2
DA:24,0
DA:28,0
DA:29,0
DA:31,0
DA:32,0
DA:33,0
DA:35,0
DA:36,0
DA:37,0
DA:40,0
DA:41,0
DA:46,0
DA:49,2
DA:52,2
LF:19
LH:6
BRDA:17,0,0,0
BRDA:17,0,1,2
BRDA:17,1,0,2
BRDA:17,1,1,2
BRDA:17,1,2,2
BRDA:24,2,0,0
BRDA:24,2,1,0
BRDA:31,3,0,0
BRDA:31,3,1,0
BRDA:32,4,0,0
BRDA:32,4,1,0
BRDA:35,5,0,0
BRDA:35,5,1,0
BRDA:35,6,0,0
BRDA:35,6,1,0
BRDA:36,7,0,0
BRDA:36,7,1,0
BRDA:40,8,0,0
BRDA:40,8,1,0
BRDA:49,9,0,0
BRDA:49,9,1,2
BRF:21
BRH:5
end_of_record
TN:
SF:src/removeNewLinesFromString.ts
FN:7,(anonymous_0)
FNF:1
FNH:1
FNDA:4,(anonymous_0)
DA:7,2
DA:8,4
LF:2
LH:2
BRF:0
BRH:0
end_of_record
TN:
SF:src/removeSpacesFromJson.ts
FN:13,(anonymous_0)
FN:25,(anonymous_1)
FN:31,(anonymous_2)
FNF:3
FNH:3
FNDA:3,(anonymous_0)
FNDA:4,(anonymous_1)
FNDA:10,(anonymous_2)
DA:13,1
DA:16,3
DA:17,3
DA:22,1
DA:25,2
DA:28,4
DA:31,4
DA:32,10
DA:33,10
DA:34,6
DA:35,6
DA:37,4
DA:38,2
DA:39,2
DA:42,2
DA:43,2
DA:47,4
DA:50,2
LF:18
LH:18
BRDA:17,0,0,1
BRDA:17,0,1,2
BRDA:18,1,0,3
BRDA:18,1,1,2
BRDA:18,1,2,2
BRDA:28,2,0,0
BRDA:28,2,1,4
BRDA:33,3,0,6
BRDA:33,3,1,4
BRDA:34,4,0,6
BRDA:34,4,1,0
BRDA:37,5,0,2
BRDA:37,5,1,2
BRDA:37,6,0,4
BRDA:37,6,1,2
BRDA:38,7,0,2
BRDA:38,7,1,0
BRDA:42,8,0,2
BRDA:42,8,1,0
BRF:19
BRH:15
end_of_record
TN:
SF:src/removeSpacesFromString.ts
FN:6,(anonymous_0)
FNF:1
FNH:1
FNDA:6,(anonymous_0)
DA:6,1
DA:7,6
LF:2
LH:2
BRF:0
BRH:0
end_of_record
TN:
SF:src/removeSymbolAt.ts
FN:1,(anonymous_0)
FNF:1
FNH:1
FNDA:13,(anonymous_0)
DA:1,1
DA:6,13
LF:2
LH:2
BRDA:4,0,0,0
BRDA:6,1,0,4
BRDA:6,1,1,9
BRF:3
BRH:2
end_of_record
TN:
SF:src/safeCssProperties.ts
FNF:0
FNH:0
DA:1,1
LF:1
LH:1
BRF:0
BRH:0
end_of_record
TN:
SF:src/selectFromList.ts
FN:13,(anonymous_0)
FNF:1
FNH:1
FNDA:4,(anonymous_0)
DA:13,1
DA:17,4
LF:2
LH:2
BRF:0
BRH:0
end_of_record
TN:
SF:src/toFlatObject.ts
FN:1,(anonymous_0)
FNF:1
FNH:0
FNDA:0,(anonymous_0)
DA:1,1
DA:7,0
DA:9,0
DA:11,0
DA:16,0
DA:17,0
DA:19,0
DA:20,0
DA:22,0
DA:26,0
DA:27,0
DA:31,0
DA:41,0
LF:13
LH:1
BRDA:3,0,0,0
BRDA:9,1,0,0
BRDA:9,1,1,0
BRDA:36,2,0,0
BRDA:36,2,1,0
BRDA:36,2,2,0
BRDA:36,2,3,0
BRDA:22,3,0,0
BRDA:22,3,1,0
BRDA:23,4,0,0
BRDA:23,4,1,0
BRDA:23,4,2,0
BRF:12
BRH:0
end_of_record
TN:
SF:src/toObjectSet.ts
FN:1,(anonymous_0)
FN:7,(anonymous_1)
FN:8,(anonymous_2)
FN:21,(anonymous_3)
FNF:4
FNH:4
FNDA:4,(anonymous_0)
FNDA:4,(anonymous_1)
FNDA:7,(anonymous_2)
FNDA:7,(anonymous_3)
DA:1,1
DA:5,4
DA:7,4
DA:8,4
DA:9,7
DA:13,4
DA:14,2
DA:15,2
DA:16,2
DA:19,4
DA:21,4
DA:22,7
DA:23,1
DA:27,4
LF:14
LH:14
BRDA:13,0,0,2
BRDA:13,0,1,2
BRDA:15,1,0,2
BRDA:15,1,1,0
BRDA:15,2,0,2
BRDA:15,2,1,2
BRDA:22,3,0,1
BRDA:22,3,1,6
BRF:8
BRH:7
end_of_record
TN:
SF:src/typeToTest.ts
FN:38,(anonymous_0)
FN:39,(anonymous_1)
FNF:2
FNH:2
FNDA:10,(anonymous_0)
FNDA:28,(anonymous_1)
DA:38,5
DA:39,10
DA:40,28
LF:3
LH:3
BRF:0
BRH:0
end_of_record
TN:
SF:src/waitFor.ts
FN:14,(anonymous_0)
FN:30,(anonymous_1)
FN:32,(anonymous_2)
FN:33,(anonymous_3)
FNF:4
FNH:3
FNDA:4,(anonymous_0)
FNDA:0,(anonymous_1)
FNDA:4,(anonymous_2)
FNDA:4,(anonymous_3)
DA:14,1
DA:19,4
DA:20,1
DA:23,4
DA:24,2
DA:27,4
DA:28,4
DA:30,4
DA:32,4
DA:33,4
DA:34,4
DA:35,1
DA:36,1
DA:38,1
DA:39,1
DA:40,1
DA:42,4
LF:17
LH:17
BRDA:19,0,0,1
BRDA:19,0,1,3
BRDA:19,1,0,4
BRDA:19,1,1,2
BRDA:23,2,0,2
BRDA:23,2,1,2
BRDA:23,3,0,4
BRDA:23,3,1,2
BRDA:28,4,0,3
BRDA:28,4,1,1
BRDA:30,5,0,1
BRDA:30,5,1,3
BRDA:30,6,0,4
BRDA:30,6,1,1
BRDA:34,7,0,1
BRDA:34,7,1,3
BRDA:34,8,0,4
BRDA:34,8,1,1
BRDA:38,9,0,1
BRDA:38,9,1,0
BRDA:39,10,0,1
BRDA:39,10,1,0
BRF:22
BRH:20
end_of_record
TN:
SF:src/wrapFunctionWithOptionalArgs.ts
FN:15,(anonymous_0)
FN:18,(anonymous_1)
FNF:2
FNH:2
FNDA:3,(anonymous_0)
FNDA:3,(anonymous_1)
DA:15,1
DA:18,3
DA:19,3
DA:20,3
DA:21,3
DA:22,3
LF:6
LH:6
BRF:0
BRH:0
end_of_record
TN:
SF:src/logFormattedPhrases/applyFormatters.ts
FN:11,(anonymous_0)
FN:44,(anonymous_1)
FNF:2
FNH:2
FNDA:4,(anonymous_0)
FNDA:21,(anonymous_1)
DA:11,3
DA:15,4
DA:16,0
DA:18,4
DA:21,4
DA:28,4
DA:30,4
DA:43,4
DA:44,3
DA:45,21
DA:46,21
DA:49,21
DA:51,4
DA:53,4
DA:55,4
DA:57,2
DA:59,2
DA:61,2
DA:64,2
DA:67,4
DA:68,4
DA:69,4
DA:71,4
DA:76,0
DA:78,0
DA:79,0
DA:80,0
DA:90,4
LF:28
LH:23
BRDA:15,0,0,0
BRDA:15,0,1,4
BRDA:15,1,0,4
BRDA:15,1,1,4
BRDA:15,1,2,4
BRDA:43,2,0,3
BRDA:43,2,1,1
BRDA:43,3,0,4
BRDA:43,3,1,4
BRDA:43,3,2,3
BRDA:49,4,0,17
BRDA:49,4,1,4
BRDA:49,5,0,21
BRDA:49,5,1,21
BRDA:51,6,0,4
BRDA:51,6,1,0
BRDA:55,7,0,2
BRDA:55,7,1,2
BRDA:76,8,0,0
BRDA:76,8,1,0
BRDA:79,9,0,0
BRDA:79,9,1,0
BRF:22
BRH:16
end_of_record
TN:
SF:src/logFormattedPhrases/formatPhrase.ts
FN:5,(anonymous_0)
FN:55,(anonymous_1)
FNF:2
FNH:2
FNDA:2,(anonymous_0)
FNDA:2,(anonymous_1)
DA:5,1
DA:11,2
DA:12,2
DA:13,2
DA:18,0
DA:21,2
DA:22,2
DA:24,2
DA:27,2
DA:32,2
DA:40,2
DA:41,2
DA:42,2
DA:43,2
DA:45,2
DA:50,2
DA:53,2
DA:55,2
DA:58,2
DA:60,2
DA:61,2
DA:62,2
DA:65,0
LF:23
LH:21
BRDA:13,0,0,0
BRDA:13,0,1,2
BRDA:14,1,0,2
BRDA:14,1,1,2
BRDA:14,1,2,2
BRDA:14,1,3,2
BRDA:24,2,0,0
BRDA:24,2,1,2
BRDA:27,3,0,0
BRDA:27,3,1,2
BRDA:32,4,0,0
BRDA:32,4,1,2
BRDA:32,5,0,2
BRDA:32,5,1,0
BRDA:32,5,2,0
BRDA:36,6,0,2
BRDA:36,6,1,0
BRDA:36,7,0,2
BRDA:36,7,1,2
BRDA:41,8,0,2
BRDA:41,8,1,0
BRDA:45,9,0,2
BRDA:45,9,1,0
BRDA:46,10,0,2
BRDA:46,10,1,0
BRDA:46,10,2,0
BRDA:60,11,0,2
BRDA:60,11,1,0
BRF:28
BRH:16
end_of_record
TN:
SF:src/logFormattedPhrases/getPhraseBackground.ts
FN:5,(anonymous_0)
FNF:1
FNH:1
FNDA:4,(anonymous_0)
DA:5,4
DA:6,4
DA:17,4
DA:18,4
LF:4
LH:4
BRDA:17,0,0,4
BRDA:17,0,1,1
BRF:2
BRH:2
end_of_record
TN:
SF:src/logFormattedPhrases/getPhraseStylesFromOrder.ts
FN:29,(anonymous_0)
FNF:1
FNH:1
FNDA:3,(anonymous_0)
DA:14,3
DA:29,3
DA:32,3
DA:36,3
DA:37,0
DA:39,3
DA:42,3
DA:47,3
DA:50,3
DA:51,0
DA:52,0
DA:57,3
DA:66,3
DA:68,3
DA:73,3
DA:80,3
LF:16
LH:13
BRDA:36,0,0,0
BRDA:36,0,1,3
BRDA:36,1,0,3
BRDA:36,1,1,3
BRDA:36,1,2,0
BRDA:42,2,0,3
BRDA:42,2,1,0
BRDA:43,3,0,3
BRDA:43,3,1,0
BRDA:43,3,2,0
BRDA:50,4,0,0
BRDA:50,4,1,3
BRDA:50,5,0,3
BRDA:50,5,1,3
BRDA:57,6,0,1
BRDA:57,6,1,2
BRDA:57,7,0,3
BRDA:57,7,1,3
BRDA:57,7,2,1
BRDA:68,8,0,3
BRDA:68,8,1,0
BRDA:69,9,0,3
BRDA:69,9,1,0
BRDA:69,9,2,0
BRF:24
BRH:15
end_of_record
